Started GET "/" for ::1 at 2019-10-17 06:38:03 +0100
  [1m[35m (1.9ms)[0m  [1m[34mSELECT sqlite_version(*)[0m
Processing by Rails::WelcomeController#index as HTML
  Rendering /Users/phil/.rbenv/versions/2.6.3/lib/ruby/gems/2.6.0/gems/railties-6.0.0/lib/rails/templates/rails/welcome/index.html.erb
  Rendered /Users/phil/.rbenv/versions/2.6.3/lib/ruby/gems/2.6.0/gems/railties-6.0.0/lib/rails/templates/rails/welcome/index.html.erb (Duration: 14.2ms | Allocations: 489)
Completed 200 OK in 32ms (Views: 21.8ms | ActiveRecord: 0.0ms | Allocations: 2805)


Started GET "/" for ::1 at 2019-10-17 19:55:41 +0100
  [1m[35m (0.1ms)[0m  [1m[34mSELECT sqlite_version(*)[0m
Processing by Rails::WelcomeController#index as HTML
  Rendering /Users/phil/.rbenv/versions/2.6.3/lib/ruby/gems/2.6.0/gems/railties-6.0.0/lib/rails/templates/rails/welcome/index.html.erb
  Rendered /Users/phil/.rbenv/versions/2.6.3/lib/ruby/gems/2.6.0/gems/railties-6.0.0/lib/rails/templates/rails/welcome/index.html.erb (Duration: 9.3ms | Allocations: 191)
Completed 200 OK in 15ms (Views: 10.5ms | ActiveRecord: 0.0ms | Allocations: 796)


  [1m[35m (0.6ms)[0m  [1m[34mSELECT sqlite_version(*)[0m
  [1m[35m (1.1ms)[0m  [1m[35mCREATE TABLE "schema_migrations" ("version" varchar NOT NULL PRIMARY KEY)[0m
  [1m[35m (1.1ms)[0m  [1m[35mCREATE TABLE "ar_internal_metadata" ("key" varchar NOT NULL PRIMARY KEY, "value" varchar, "created_at" datetime(6) NOT NULL, "updated_at" datetime(6) NOT NULL)[0m
  [1m[35m (0.1ms)[0m  [1m[34mSELECT "schema_migrations"."version" FROM "schema_migrations" ORDER BY "schema_migrations"."version" ASC[0m
Migrating to CreateArticles (20191017185710)
  [1m[35m (0.1ms)[0m  [1m[36mbegin transaction[0m
  [1m[35m (0.6ms)[0m  [1m[35mCREATE TABLE "articles" ("id" integer PRIMARY KEY AUTOINCREMENT NOT NULL, "title" varchar, "body" text, "created_at" datetime(6) NOT NULL, "updated_at" datetime(6) NOT NULL)[0m
  [1m[36mprimary::SchemaMigration Create (0.2ms)[0m  [1m[32mINSERT INTO "schema_migrations" ("version") VALUES (?)[0m  [["version", "20191017185710"]]
  [1m[35m (1.4ms)[0m  [1m[36mcommit transaction[0m
  [1m[36mActiveRecord::InternalMetadata Load (0.2ms)[0m  [1m[34mSELECT "ar_internal_metadata".* FROM "ar_internal_metadata" WHERE "ar_internal_metadata"."key" = ? LIMIT ?[0m  [["key", "environment"], ["LIMIT", 1]]
  [1m[35m (0.0ms)[0m  [1m[36mbegin transaction[0m
  [1m[36mActiveRecord::InternalMetadata Create (0.3ms)[0m  [1m[32mINSERT INTO "ar_internal_metadata" ("key", "value", "created_at", "updated_at") VALUES (?, ?, ?, ?)[0m  [["key", "environment"], ["value", "development"], ["created_at", "2019-10-17 19:01:39.379704"], ["updated_at", "2019-10-17 19:01:39.379704"]]
  [1m[35m (1.1ms)[0m  [1m[36mcommit transaction[0m
  [1m[35m (0.1ms)[0m  [1m[34mSELECT sqlite_version(*)[0m
  [1m[35m (0.1ms)[0m  [1m[34mSELECT "schema_migrations"."version" FROM "schema_migrations" ORDER BY "schema_migrations"."version" ASC[0m
  [1m[35m (0.6ms)[0m  [1m[34mSELECT sqlite_version(*)[0m
  [1m[35m (0.6ms)[0m  [1m[34mSELECT "schema_migrations"."version" FROM "schema_migrations" ORDER BY "schema_migrations"."version" ASC[0m
  [1m[36mActiveRecord::InternalMetadata Load (1.2ms)[0m  [1m[34mSELECT "ar_internal_metadata".* FROM "ar_internal_metadata" WHERE "ar_internal_metadata"."key" = ? LIMIT ?[0m  [["key", "environment"], ["LIMIT", 1]]
  [1m[35m (0.0ms)[0m  [1m[34mSELECT sqlite_version(*)[0m
  [1m[35m (0.1ms)[0m  [1m[34mSELECT "schema_migrations"."version" FROM "schema_migrations" ORDER BY "schema_migrations"."version" ASC[0m
  [1m[35m (0.5ms)[0m  [1m[34mSELECT sqlite_version(*)[0m
  [1m[36mArticle Load (0.7ms)[0m  [1m[34mSELECT "articles".* FROM "articles" LIMIT ?[0m  [["LIMIT", 11]]
  [1m[35m (0.5ms)[0m  [1m[34mSELECT sqlite_version(*)[0m
  [1m[36mArticle Load (0.2ms)[0m  [1m[34mSELECT "articles".* FROM "articles" LIMIT ?[0m  [["LIMIT", 11]]
  [1m[35m (0.2ms)[0m  [1m[36mbegin transaction[0m
  [1m[36mArticle Create (1.9ms)[0m  [1m[32mINSERT INTO "articles" ("title", "body", "created_at", "updated_at") VALUES (?, ?, ?, ?)[0m  [["title", "Sample Article Title"], ["body", "This is the text for my article, woo hoo!"], ["created_at", "2019-10-17 19:07:45.144568"], ["updated_at", "2019-10-17 19:07:45.144568"]]
  [1m[35m (0.8ms)[0m  [1m[36mcommit transaction[0m
  [1m[36mArticle Load (0.2ms)[0m  [1m[34mSELECT "articles".* FROM "articles" LIMIT ?[0m  [["LIMIT", 11]]
  [1m[35m (0.2ms)[0m  [1m[36mbegin transaction[0m
  [1m[36mArticle Create (1.6ms)[0m  [1m[32mINSERT INTO "articles" ("title", "body", "created_at", "updated_at") VALUES (?, ?, ?, ?)[0m  [["title", "The Prisoner of Azkaban"], ["body", "Harry fights an evil rat"], ["created_at", "2019-10-17 19:09:19.257080"], ["updated_at", "2019-10-17 19:09:19.257080"]]
  [1m[35m (1.0ms)[0m  [1m[36mcommit transaction[0m
  [1m[35m (0.1ms)[0m  [1m[36mbegin transaction[0m
  [1m[36mArticle Create (0.7ms)[0m  [1m[32mINSERT INTO "articles" ("title", "body", "created_at", "updated_at") VALUES (?, ?, ?, ?)[0m  [["title", "Order of the Phoenix"], ["body", "Harry goes through puberty"], ["created_at", "2019-10-17 19:09:40.290915"], ["updated_at", "2019-10-17 19:09:40.290915"]]
  [1m[35m (1.4ms)[0m  [1m[36mcommit transaction[0m
  [1m[35m (0.1ms)[0m  [1m[36mbegin transaction[0m
  [1m[36mArticle Create (0.9ms)[0m  [1m[32mINSERT INTO "articles" ("title", "body", "created_at", "updated_at") VALUES (?, ?, ?, ?)[0m  [["title", "Deathly Hallows"], ["body", "Harry beats Voldemort"], ["created_at", "2019-10-17 19:10:18.996335"], ["updated_at", "2019-10-17 19:10:18.996335"]]
  [1m[35m (1.8ms)[0m  [1m[36mcommit transaction[0m
  [1m[36mArticle Load (0.2ms)[0m  [1m[34mSELECT "articles".* FROM "articles" LIMIT ?[0m  [["LIMIT", 11]]
DEPRECATION WARNING: Using `bin/rake routes` is deprecated and will be removed in Rails 6.1. Use `bin/rails routes` instead.
 (called from load at /Users/phil/.rbenv/versions/2.6.3/bin/rake:23)
DEPRECATION WARNING: Using `bin/rake routes` is deprecated and will be removed in Rails 6.1. Use `bin/rails routes` instead.
 (called from load at /Users/phil/.rbenv/versions/2.6.3/bin/rake:23)
DEPRECATION WARNING: Using `bin/rake routes` is deprecated and will be removed in Rails 6.1. Use `bin/rails routes` instead.
 (called from load at /Users/phil/.rbenv/versions/2.6.3/bin/rake:23)
Started GET "/articles/" for ::1 at 2019-10-17 20:25:19 +0100
  [1m[35m (0.1ms)[0m  [1m[34mSELECT sqlite_version(*)[0m
  [1m[35m (0.6ms)[0m  [1m[34mSELECT "schema_migrations"."version" FROM "schema_migrations" ORDER BY "schema_migrations"."version" ASC[0m
  
AbstractController::ActionNotFound (The action 'index' could not be found for ArticlesController):
  
actionpack (6.0.0) lib/abstract_controller/base.rb:131:in `process'
actionview (6.0.0) lib/action_view/rendering.rb:39:in `process'
actionpack (6.0.0) lib/action_controller/metal.rb:191:in `dispatch'
actionpack (6.0.0) lib/action_controller/metal.rb:252:in `dispatch'
actionpack (6.0.0) lib/action_dispatch/routing/route_set.rb:51:in `dispatch'
actionpack (6.0.0) lib/action_dispatch/routing/route_set.rb:33:in `serve'
actionpack (6.0.0) lib/action_dispatch/journey/router.rb:49:in `block in serve'
actionpack (6.0.0) lib/action_dispatch/journey/router.rb:32:in `each'
actionpack (6.0.0) lib/action_dispatch/journey/router.rb:32:in `serve'
actionpack (6.0.0) lib/action_dispatch/routing/route_set.rb:837:in `call'
rack (2.0.7) lib/rack/tempfile_reaper.rb:15:in `call'
rack (2.0.7) lib/rack/etag.rb:25:in `call'
rack (2.0.7) lib/rack/conditional_get.rb:25:in `call'
rack (2.0.7) lib/rack/head.rb:12:in `call'
actionpack (6.0.0) lib/action_dispatch/http/content_security_policy.rb:18:in `call'
rack (2.0.7) lib/rack/session/abstract/id.rb:232:in `context'
rack (2.0.7) lib/rack/session/abstract/id.rb:226:in `call'
actionpack (6.0.0) lib/action_dispatch/middleware/cookies.rb:648:in `call'
activerecord (6.0.0) lib/active_record/migration.rb:567:in `call'
actionpack (6.0.0) lib/action_dispatch/middleware/callbacks.rb:27:in `block in call'
activesupport (6.0.0) lib/active_support/callbacks.rb:101:in `run_callbacks'
actionpack (6.0.0) lib/action_dispatch/middleware/callbacks.rb:26:in `call'
actionpack (6.0.0) lib/action_dispatch/middleware/executor.rb:14:in `call'
actionpack (6.0.0) lib/action_dispatch/middleware/actionable_exceptions.rb:17:in `call'
actionpack (6.0.0) lib/action_dispatch/middleware/debug_exceptions.rb:32:in `call'
web-console (4.0.1) lib/web_console/middleware.rb:132:in `call_app'
web-console (4.0.1) lib/web_console/middleware.rb:28:in `block in call'
web-console (4.0.1) lib/web_console/middleware.rb:17:in `catch'
web-console (4.0.1) lib/web_console/middleware.rb:17:in `call'
actionpack (6.0.0) lib/action_dispatch/middleware/show_exceptions.rb:33:in `call'
railties (6.0.0) lib/rails/rack/logger.rb:38:in `call_app'
railties (6.0.0) lib/rails/rack/logger.rb:26:in `block in call'
activesupport (6.0.0) lib/active_support/tagged_logging.rb:80:in `block in tagged'
activesupport (6.0.0) lib/active_support/tagged_logging.rb:28:in `tagged'
activesupport (6.0.0) lib/active_support/tagged_logging.rb:80:in `tagged'
railties (6.0.0) lib/rails/rack/logger.rb:26:in `call'
sprockets-rails (3.2.1) lib/sprockets/rails/quiet_assets.rb:13:in `call'
actionpack (6.0.0) lib/action_dispatch/middleware/remote_ip.rb:81:in `call'
actionpack (6.0.0) lib/action_dispatch/middleware/request_id.rb:27:in `call'
rack (2.0.7) lib/rack/method_override.rb:22:in `call'
rack (2.0.7) lib/rack/runtime.rb:22:in `call'
activesupport (6.0.0) lib/active_support/cache/strategy/local_cache_middleware.rb:29:in `call'
actionpack (6.0.0) lib/action_dispatch/middleware/executor.rb:14:in `call'
actionpack (6.0.0) lib/action_dispatch/middleware/static.rb:126:in `call'
rack (2.0.7) lib/rack/sendfile.rb:111:in `call'
actionpack (6.0.0) lib/action_dispatch/middleware/host_authorization.rb:83:in `call'
webpacker (4.0.7) lib/webpacker/dev_server_proxy.rb:29:in `perform_request'
rack-proxy (0.6.5) lib/rack/proxy.rb:57:in `call'
railties (6.0.0) lib/rails/engine.rb:526:in `call'
puma (3.12.1) lib/puma/configuration.rb:227:in `call'
puma (3.12.1) lib/puma/server.rb:660:in `handle_request'
puma (3.12.1) lib/puma/server.rb:474:in `process_client'
puma (3.12.1) lib/puma/server.rb:334:in `block in run'
puma (3.12.1) lib/puma/thread_pool.rb:135:in `block in spawn_thread'
Started GET "/articles/" for ::1 at 2019-10-17 20:27:50 +0100
  [1m[35m (0.1ms)[0m  [1m[34mSELECT sqlite_version(*)[0m
Processing by ArticlesController#index as HTML
Completed 406 Not Acceptable in 5ms (ActiveRecord: 0.0ms | Allocations: 2262)


  
ActionController::MissingExactTemplate (ArticlesController#index is missing a template for request formats: text/html):
  
actionpack (6.0.0) lib/action_controller/metal/implicit_render.rb:45:in `default_render'
actionpack (6.0.0) lib/action_controller/metal/basic_implicit_render.rb:6:in `block in send_action'
actionpack (6.0.0) lib/action_controller/metal/basic_implicit_render.rb:6:in `tap'
actionpack (6.0.0) lib/action_controller/metal/basic_implicit_render.rb:6:in `send_action'
actionpack (6.0.0) lib/abstract_controller/base.rb:196:in `process_action'
actionpack (6.0.0) lib/action_controller/metal/rendering.rb:30:in `process_action'
actionpack (6.0.0) lib/abstract_controller/callbacks.rb:42:in `block in process_action'
activesupport (6.0.0) lib/active_support/callbacks.rb:135:in `run_callbacks'
actionpack (6.0.0) lib/abstract_controller/callbacks.rb:41:in `process_action'
actionpack (6.0.0) lib/action_controller/metal/rescue.rb:22:in `process_action'
actionpack (6.0.0) lib/action_controller/metal/instrumentation.rb:33:in `block in process_action'
activesupport (6.0.0) lib/active_support/notifications.rb:180:in `block in instrument'
activesupport (6.0.0) lib/active_support/notifications/instrumenter.rb:24:in `instrument'
activesupport (6.0.0) lib/active_support/notifications.rb:180:in `instrument'
actionpack (6.0.0) lib/action_controller/metal/instrumentation.rb:32:in `process_action'
actionpack (6.0.0) lib/action_controller/metal/params_wrapper.rb:245:in `process_action'
activerecord (6.0.0) lib/active_record/railties/controller_runtime.rb:27:in `process_action'
actionpack (6.0.0) lib/abstract_controller/base.rb:136:in `process'
actionview (6.0.0) lib/action_view/rendering.rb:39:in `process'
actionpack (6.0.0) lib/action_controller/metal.rb:191:in `dispatch'
actionpack (6.0.0) lib/action_controller/metal.rb:252:in `dispatch'
actionpack (6.0.0) lib/action_dispatch/routing/route_set.rb:51:in `dispatch'
actionpack (6.0.0) lib/action_dispatch/routing/route_set.rb:33:in `serve'
actionpack (6.0.0) lib/action_dispatch/journey/router.rb:49:in `block in serve'
actionpack (6.0.0) lib/action_dispatch/journey/router.rb:32:in `each'
actionpack (6.0.0) lib/action_dispatch/journey/router.rb:32:in `serve'
actionpack (6.0.0) lib/action_dispatch/routing/route_set.rb:837:in `call'
rack (2.0.7) lib/rack/tempfile_reaper.rb:15:in `call'
rack (2.0.7) lib/rack/etag.rb:25:in `call'
rack (2.0.7) lib/rack/conditional_get.rb:25:in `call'
rack (2.0.7) lib/rack/head.rb:12:in `call'
actionpack (6.0.0) lib/action_dispatch/http/content_security_policy.rb:18:in `call'
rack (2.0.7) lib/rack/session/abstract/id.rb:232:in `context'
rack (2.0.7) lib/rack/session/abstract/id.rb:226:in `call'
actionpack (6.0.0) lib/action_dispatch/middleware/cookies.rb:648:in `call'
activerecord (6.0.0) lib/active_record/migration.rb:567:in `call'
actionpack (6.0.0) lib/action_dispatch/middleware/callbacks.rb:27:in `block in call'
activesupport (6.0.0) lib/active_support/callbacks.rb:101:in `run_callbacks'
actionpack (6.0.0) lib/action_dispatch/middleware/callbacks.rb:26:in `call'
actionpack (6.0.0) lib/action_dispatch/middleware/executor.rb:14:in `call'
actionpack (6.0.0) lib/action_dispatch/middleware/actionable_exceptions.rb:17:in `call'
actionpack (6.0.0) lib/action_dispatch/middleware/debug_exceptions.rb:32:in `call'
web-console (4.0.1) lib/web_console/middleware.rb:132:in `call_app'
web-console (4.0.1) lib/web_console/middleware.rb:28:in `block in call'
web-console (4.0.1) lib/web_console/middleware.rb:17:in `catch'
web-console (4.0.1) lib/web_console/middleware.rb:17:in `call'
actionpack (6.0.0) lib/action_dispatch/middleware/show_exceptions.rb:33:in `call'
railties (6.0.0) lib/rails/rack/logger.rb:38:in `call_app'
railties (6.0.0) lib/rails/rack/logger.rb:26:in `block in call'
activesupport (6.0.0) lib/active_support/tagged_logging.rb:80:in `block in tagged'
activesupport (6.0.0) lib/active_support/tagged_logging.rb:28:in `tagged'
activesupport (6.0.0) lib/active_support/tagged_logging.rb:80:in `tagged'
railties (6.0.0) lib/rails/rack/logger.rb:26:in `call'
sprockets-rails (3.2.1) lib/sprockets/rails/quiet_assets.rb:13:in `call'
actionpack (6.0.0) lib/action_dispatch/middleware/remote_ip.rb:81:in `call'
actionpack (6.0.0) lib/action_dispatch/middleware/request_id.rb:27:in `call'
rack (2.0.7) lib/rack/method_override.rb:22:in `call'
rack (2.0.7) lib/rack/runtime.rb:22:in `call'
activesupport (6.0.0) lib/active_support/cache/strategy/local_cache_middleware.rb:29:in `call'
actionpack (6.0.0) lib/action_dispatch/middleware/executor.rb:14:in `call'
actionpack (6.0.0) lib/action_dispatch/middleware/static.rb:126:in `call'
rack (2.0.7) lib/rack/sendfile.rb:111:in `call'
actionpack (6.0.0) lib/action_dispatch/middleware/host_authorization.rb:83:in `call'
webpacker (4.0.7) lib/webpacker/dev_server_proxy.rb:29:in `perform_request'
rack-proxy (0.6.5) lib/rack/proxy.rb:57:in `call'
railties (6.0.0) lib/rails/engine.rb:526:in `call'
puma (3.12.1) lib/puma/configuration.rb:227:in `call'
puma (3.12.1) lib/puma/server.rb:660:in `handle_request'
puma (3.12.1) lib/puma/server.rb:474:in `process_client'
puma (3.12.1) lib/puma/server.rb:334:in `block in run'
puma (3.12.1) lib/puma/thread_pool.rb:135:in `block in spawn_thread'
Started GET "/articles/" for ::1 at 2019-10-17 20:33:54 +0100
  [1m[35m (0.1ms)[0m  [1m[34mSELECT sqlite_version(*)[0m
Processing by ArticlesController#index as HTML
  Rendering articles/index.html.erb within layouts/application
  [1m[36mArticle Load (0.5ms)[0m  [1m[34mSELECT "articles".* FROM "articles"[0m
  â†³ app/views/articles/index.html.erb:4
  Rendered articles/index.html.erb within layouts/application (Duration: 6.2ms | Allocations: 4330)
[Webpacker] Compilingâ€¦
[Webpacker] Compiled all packs in /Users/phil/the_odin_project/rails/blogger-project/blogger/public/packs
Completed 200 OK in 5531ms (Views: 5528.8ms | ActiveRecord: 1.0ms | Allocations: 1366729)


Started GET "/articles/" for ::1 at 2019-10-17 20:52:26 +0100
  [1m[35m (0.1ms)[0m  [1m[34mSELECT sqlite_version(*)[0m
Processing by ArticlesController#index as HTML
  Rendering articles/index.html.erb within layouts/application
  [1m[36mArticle Load (0.4ms)[0m  [1m[34mSELECT "articles".* FROM "articles"[0m
  â†³ app/views/articles/index.html.erb:3
  Rendered articles/index.html.erb within layouts/application (Duration: 2.5ms | Allocations: 976)
Completed 200 OK in 21ms (Views: 18.8ms | ActiveRecord: 0.4ms | Allocations: 6904)


Started GET "/articles/2" for ::1 at 2019-10-17 20:52:30 +0100
  
AbstractController::ActionNotFound (The action 'show' could not be found for ArticlesController):
  
actionpack (6.0.0) lib/abstract_controller/base.rb:131:in `process'
actionview (6.0.0) lib/action_view/rendering.rb:39:in `process'
actionpack (6.0.0) lib/action_controller/metal.rb:191:in `dispatch'
actionpack (6.0.0) lib/action_controller/metal.rb:252:in `dispatch'
actionpack (6.0.0) lib/action_dispatch/routing/route_set.rb:51:in `dispatch'
actionpack (6.0.0) lib/action_dispatch/routing/route_set.rb:33:in `serve'
actionpack (6.0.0) lib/action_dispatch/journey/router.rb:49:in `block in serve'
actionpack (6.0.0) lib/action_dispatch/journey/router.rb:32:in `each'
actionpack (6.0.0) lib/action_dispatch/journey/router.rb:32:in `serve'
actionpack (6.0.0) lib/action_dispatch/routing/route_set.rb:837:in `call'
rack (2.0.7) lib/rack/tempfile_reaper.rb:15:in `call'
rack (2.0.7) lib/rack/etag.rb:25:in `call'
rack (2.0.7) lib/rack/conditional_get.rb:25:in `call'
rack (2.0.7) lib/rack/head.rb:12:in `call'
actionpack (6.0.0) lib/action_dispatch/http/content_security_policy.rb:18:in `call'
rack (2.0.7) lib/rack/session/abstract/id.rb:232:in `context'
rack (2.0.7) lib/rack/session/abstract/id.rb:226:in `call'
actionpack (6.0.0) lib/action_dispatch/middleware/cookies.rb:648:in `call'
activerecord (6.0.0) lib/active_record/migration.rb:567:in `call'
actionpack (6.0.0) lib/action_dispatch/middleware/callbacks.rb:27:in `block in call'
activesupport (6.0.0) lib/active_support/callbacks.rb:101:in `run_callbacks'
actionpack (6.0.0) lib/action_dispatch/middleware/callbacks.rb:26:in `call'
actionpack (6.0.0) lib/action_dispatch/middleware/executor.rb:14:in `call'
actionpack (6.0.0) lib/action_dispatch/middleware/actionable_exceptions.rb:17:in `call'
actionpack (6.0.0) lib/action_dispatch/middleware/debug_exceptions.rb:32:in `call'
web-console (4.0.1) lib/web_console/middleware.rb:132:in `call_app'
web-console (4.0.1) lib/web_console/middleware.rb:28:in `block in call'
web-console (4.0.1) lib/web_console/middleware.rb:17:in `catch'
web-console (4.0.1) lib/web_console/middleware.rb:17:in `call'
actionpack (6.0.0) lib/action_dispatch/middleware/show_exceptions.rb:33:in `call'
railties (6.0.0) lib/rails/rack/logger.rb:38:in `call_app'
railties (6.0.0) lib/rails/rack/logger.rb:26:in `block in call'
activesupport (6.0.0) lib/active_support/tagged_logging.rb:80:in `block in tagged'
activesupport (6.0.0) lib/active_support/tagged_logging.rb:28:in `tagged'
activesupport (6.0.0) lib/active_support/tagged_logging.rb:80:in `tagged'
railties (6.0.0) lib/rails/rack/logger.rb:26:in `call'
sprockets-rails (3.2.1) lib/sprockets/rails/quiet_assets.rb:13:in `call'
actionpack (6.0.0) lib/action_dispatch/middleware/remote_ip.rb:81:in `call'
actionpack (6.0.0) lib/action_dispatch/middleware/request_id.rb:27:in `call'
rack (2.0.7) lib/rack/method_override.rb:22:in `call'
rack (2.0.7) lib/rack/runtime.rb:22:in `call'
activesupport (6.0.0) lib/active_support/cache/strategy/local_cache_middleware.rb:29:in `call'
actionpack (6.0.0) lib/action_dispatch/middleware/executor.rb:14:in `call'
actionpack (6.0.0) lib/action_dispatch/middleware/static.rb:126:in `call'
rack (2.0.7) lib/rack/sendfile.rb:111:in `call'
actionpack (6.0.0) lib/action_dispatch/middleware/host_authorization.rb:83:in `call'
webpacker (4.0.7) lib/webpacker/dev_server_proxy.rb:29:in `perform_request'
rack-proxy (0.6.5) lib/rack/proxy.rb:57:in `call'
railties (6.0.0) lib/rails/engine.rb:526:in `call'
puma (3.12.1) lib/puma/configuration.rb:227:in `call'
puma (3.12.1) lib/puma/server.rb:660:in `handle_request'
puma (3.12.1) lib/puma/server.rb:474:in `process_client'
puma (3.12.1) lib/puma/server.rb:334:in `block in run'
puma (3.12.1) lib/puma/thread_pool.rb:135:in `block in spawn_thread'
Started GET "/articles/" for ::1 at 2019-10-17 20:52:31 +0100
Processing by ArticlesController#index as HTML
  Rendering articles/index.html.erb within layouts/application
  [1m[36mArticle Load (0.2ms)[0m  [1m[34mSELECT "articles".* FROM "articles"[0m
  â†³ app/views/articles/index.html.erb:3
  Rendered articles/index.html.erb within layouts/application (Duration: 1.7ms | Allocations: 769)
Completed 200 OK in 9ms (Views: 8.1ms | ActiveRecord: 0.2ms | Allocations: 5756)


Started GET "/articles/2" for ::1 at 2019-10-17 20:53:16 +0100
  [1m[35m (0.1ms)[0m  [1m[34mSELECT sqlite_version(*)[0m
Processing by ArticlesController#show as HTML
  Parameters: {"id"=>"2"}
Completed 406 Not Acceptable in 3ms (ActiveRecord: 0.0ms | Allocations: 1905)


  
ActionController::MissingExactTemplate (ArticlesController#show is missing a template for request formats: text/html):
  
actionpack (6.0.0) lib/action_controller/metal/implicit_render.rb:45:in `default_render'
actionpack (6.0.0) lib/action_controller/metal/basic_implicit_render.rb:6:in `block in send_action'
actionpack (6.0.0) lib/action_controller/metal/basic_implicit_render.rb:6:in `tap'
actionpack (6.0.0) lib/action_controller/metal/basic_implicit_render.rb:6:in `send_action'
actionpack (6.0.0) lib/abstract_controller/base.rb:196:in `process_action'
actionpack (6.0.0) lib/action_controller/metal/rendering.rb:30:in `process_action'
actionpack (6.0.0) lib/abstract_controller/callbacks.rb:42:in `block in process_action'
activesupport (6.0.0) lib/active_support/callbacks.rb:135:in `run_callbacks'
actionpack (6.0.0) lib/abstract_controller/callbacks.rb:41:in `process_action'
actionpack (6.0.0) lib/action_controller/metal/rescue.rb:22:in `process_action'
actionpack (6.0.0) lib/action_controller/metal/instrumentation.rb:33:in `block in process_action'
activesupport (6.0.0) lib/active_support/notifications.rb:180:in `block in instrument'
activesupport (6.0.0) lib/active_support/notifications/instrumenter.rb:24:in `instrument'
activesupport (6.0.0) lib/active_support/notifications.rb:180:in `instrument'
actionpack (6.0.0) lib/action_controller/metal/instrumentation.rb:32:in `process_action'
actionpack (6.0.0) lib/action_controller/metal/params_wrapper.rb:245:in `process_action'
activerecord (6.0.0) lib/active_record/railties/controller_runtime.rb:27:in `process_action'
actionpack (6.0.0) lib/abstract_controller/base.rb:136:in `process'
actionview (6.0.0) lib/action_view/rendering.rb:39:in `process'
actionpack (6.0.0) lib/action_controller/metal.rb:191:in `dispatch'
actionpack (6.0.0) lib/action_controller/metal.rb:252:in `dispatch'
actionpack (6.0.0) lib/action_dispatch/routing/route_set.rb:51:in `dispatch'
actionpack (6.0.0) lib/action_dispatch/routing/route_set.rb:33:in `serve'
actionpack (6.0.0) lib/action_dispatch/journey/router.rb:49:in `block in serve'
actionpack (6.0.0) lib/action_dispatch/journey/router.rb:32:in `each'
actionpack (6.0.0) lib/action_dispatch/journey/router.rb:32:in `serve'
actionpack (6.0.0) lib/action_dispatch/routing/route_set.rb:837:in `call'
rack (2.0.7) lib/rack/tempfile_reaper.rb:15:in `call'
rack (2.0.7) lib/rack/etag.rb:25:in `call'
rack (2.0.7) lib/rack/conditional_get.rb:25:in `call'
rack (2.0.7) lib/rack/head.rb:12:in `call'
actionpack (6.0.0) lib/action_dispatch/http/content_security_policy.rb:18:in `call'
rack (2.0.7) lib/rack/session/abstract/id.rb:232:in `context'
rack (2.0.7) lib/rack/session/abstract/id.rb:226:in `call'
actionpack (6.0.0) lib/action_dispatch/middleware/cookies.rb:648:in `call'
activerecord (6.0.0) lib/active_record/migration.rb:567:in `call'
actionpack (6.0.0) lib/action_dispatch/middleware/callbacks.rb:27:in `block in call'
activesupport (6.0.0) lib/active_support/callbacks.rb:101:in `run_callbacks'
actionpack (6.0.0) lib/action_dispatch/middleware/callbacks.rb:26:in `call'
actionpack (6.0.0) lib/action_dispatch/middleware/executor.rb:14:in `call'
actionpack (6.0.0) lib/action_dispatch/middleware/actionable_exceptions.rb:17:in `call'
actionpack (6.0.0) lib/action_dispatch/middleware/debug_exceptions.rb:32:in `call'
web-console (4.0.1) lib/web_console/middleware.rb:132:in `call_app'
web-console (4.0.1) lib/web_console/middleware.rb:28:in `block in call'
web-console (4.0.1) lib/web_console/middleware.rb:17:in `catch'
web-console (4.0.1) lib/web_console/middleware.rb:17:in `call'
actionpack (6.0.0) lib/action_dispatch/middleware/show_exceptions.rb:33:in `call'
railties (6.0.0) lib/rails/rack/logger.rb:38:in `call_app'
railties (6.0.0) lib/rails/rack/logger.rb:26:in `block in call'
activesupport (6.0.0) lib/active_support/tagged_logging.rb:80:in `block in tagged'
activesupport (6.0.0) lib/active_support/tagged_logging.rb:28:in `tagged'
activesupport (6.0.0) lib/active_support/tagged_logging.rb:80:in `tagged'
railties (6.0.0) lib/rails/rack/logger.rb:26:in `call'
sprockets-rails (3.2.1) lib/sprockets/rails/quiet_assets.rb:13:in `call'
actionpack (6.0.0) lib/action_dispatch/middleware/remote_ip.rb:81:in `call'
actionpack (6.0.0) lib/action_dispatch/middleware/request_id.rb:27:in `call'
rack (2.0.7) lib/rack/method_override.rb:22:in `call'
rack (2.0.7) lib/rack/runtime.rb:22:in `call'
activesupport (6.0.0) lib/active_support/cache/strategy/local_cache_middleware.rb:29:in `call'
actionpack (6.0.0) lib/action_dispatch/middleware/executor.rb:14:in `call'
actionpack (6.0.0) lib/action_dispatch/middleware/static.rb:126:in `call'
rack (2.0.7) lib/rack/sendfile.rb:111:in `call'
actionpack (6.0.0) lib/action_dispatch/middleware/host_authorization.rb:83:in `call'
webpacker (4.0.7) lib/webpacker/dev_server_proxy.rb:29:in `perform_request'
rack-proxy (0.6.5) lib/rack/proxy.rb:57:in `call'
railties (6.0.0) lib/rails/engine.rb:526:in `call'
puma (3.12.1) lib/puma/configuration.rb:227:in `call'
puma (3.12.1) lib/puma/server.rb:660:in `handle_request'
puma (3.12.1) lib/puma/server.rb:474:in `process_client'
puma (3.12.1) lib/puma/server.rb:334:in `block in run'
puma (3.12.1) lib/puma/thread_pool.rb:135:in `block in spawn_thread'
Started GET "/articles/2" for ::1 at 2019-10-17 20:56:17 +0100
  [1m[35m (0.1ms)[0m  [1m[34mSELECT sqlite_version(*)[0m
Processing by ArticlesController#show as HTML
  Parameters: {"id"=>"2"}
  [1m[36mArticle Load (0.8ms)[0m  [1m[34mSELECT "articles".* FROM "articles" WHERE "articles"."id" = ? LIMIT ?[0m  [["id", 2], ["LIMIT", 1]]
  â†³ app/controllers/articles_controller.rb:7:in `show'
  Rendering articles/show.html.erb within layouts/application
  Rendered articles/show.html.erb within layouts/application (Duration: 0.5ms | Allocations: 186)
Completed 200 OK in 24ms (Views: 10.4ms | ActiveRecord: 1.5ms | Allocations: 10614)


Started GET "/articles" for ::1 at 2019-10-17 20:56:20 +0100
Processing by ArticlesController#index as HTML
  Rendering articles/index.html.erb within layouts/application
  [1m[36mArticle Load (0.2ms)[0m  [1m[34mSELECT "articles".* FROM "articles"[0m
  â†³ app/views/articles/index.html.erb:3
  Rendered articles/index.html.erb within layouts/application (Duration: 1.9ms | Allocations: 947)
Completed 200 OK in 11ms (Views: 9.8ms | ActiveRecord: 0.2ms | Allocations: 6070)


Started GET "/articles/2" for ::1 at 2019-10-17 20:57:36 +0100
Processing by ArticlesController#show as HTML
  Parameters: {"id"=>"2"}
  [1m[36mArticle Load (0.1ms)[0m  [1m[34mSELECT "articles".* FROM "articles" WHERE "articles"."id" = ? LIMIT ?[0m  [["id", 2], ["LIMIT", 1]]
  â†³ app/controllers/articles_controller.rb:7:in `show'
  Rendering articles/show.html.erb within layouts/application
  Rendered articles/show.html.erb within layouts/application (Duration: 1.0ms | Allocations: 177)
Completed 200 OK in 35ms (Views: 33.0ms | ActiveRecord: 0.1ms | Allocations: 10166)


Started GET "/articles/2" for ::1 at 2019-10-17 20:57:36 +0100
Processing by ArticlesController#show as HTML
  Parameters: {"id"=>"2"}
  [1m[36mArticle Load (0.2ms)[0m  [1m[34mSELECT "articles".* FROM "articles" WHERE "articles"."id" = ? LIMIT ?[0m  [["id", 2], ["LIMIT", 1]]
  â†³ app/controllers/articles_controller.rb:7:in `show'
  Rendering articles/show.html.erb within layouts/application
  Rendered articles/show.html.erb within layouts/application (Duration: 0.2ms | Allocations: 60)
Completed 200 OK in 9ms (Views: 7.2ms | ActiveRecord: 0.2ms | Allocations: 6404)


Started GET "/articles" for ::1 at 2019-10-17 20:57:39 +0100
Processing by ArticlesController#index as HTML
  Rendering articles/index.html.erb within layouts/application
  [1m[36mArticle Load (0.1ms)[0m  [1m[34mSELECT "articles".* FROM "articles"[0m
  â†³ app/views/articles/index.html.erb:3
  Rendered articles/index.html.erb within layouts/application (Duration: 2.4ms | Allocations: 929)
Completed 200 OK in 13ms (Views: 11.5ms | ActiveRecord: 0.1ms | Allocations: 6891)


Started GET "/articles/new" for ::1 at 2019-10-17 21:12:35 +0100
  [1m[35m (0.1ms)[0m  [1m[34mSELECT sqlite_version(*)[0m
  
AbstractController::ActionNotFound (The action 'new' could not be found for ArticlesController):
  
actionpack (6.0.0) lib/abstract_controller/base.rb:131:in `process'
actionview (6.0.0) lib/action_view/rendering.rb:39:in `process'
actionpack (6.0.0) lib/action_controller/metal.rb:191:in `dispatch'
actionpack (6.0.0) lib/action_controller/metal.rb:252:in `dispatch'
actionpack (6.0.0) lib/action_dispatch/routing/route_set.rb:51:in `dispatch'
actionpack (6.0.0) lib/action_dispatch/routing/route_set.rb:33:in `serve'
actionpack (6.0.0) lib/action_dispatch/journey/router.rb:49:in `block in serve'
actionpack (6.0.0) lib/action_dispatch/journey/router.rb:32:in `each'
actionpack (6.0.0) lib/action_dispatch/journey/router.rb:32:in `serve'
actionpack (6.0.0) lib/action_dispatch/routing/route_set.rb:837:in `call'
rack (2.0.7) lib/rack/tempfile_reaper.rb:15:in `call'
rack (2.0.7) lib/rack/etag.rb:25:in `call'
rack (2.0.7) lib/rack/conditional_get.rb:25:in `call'
rack (2.0.7) lib/rack/head.rb:12:in `call'
actionpack (6.0.0) lib/action_dispatch/http/content_security_policy.rb:18:in `call'
rack (2.0.7) lib/rack/session/abstract/id.rb:232:in `context'
rack (2.0.7) lib/rack/session/abstract/id.rb:226:in `call'
actionpack (6.0.0) lib/action_dispatch/middleware/cookies.rb:648:in `call'
activerecord (6.0.0) lib/active_record/migration.rb:567:in `call'
actionpack (6.0.0) lib/action_dispatch/middleware/callbacks.rb:27:in `block in call'
activesupport (6.0.0) lib/active_support/callbacks.rb:101:in `run_callbacks'
actionpack (6.0.0) lib/action_dispatch/middleware/callbacks.rb:26:in `call'
actionpack (6.0.0) lib/action_dispatch/middleware/executor.rb:14:in `call'
actionpack (6.0.0) lib/action_dispatch/middleware/actionable_exceptions.rb:17:in `call'
actionpack (6.0.0) lib/action_dispatch/middleware/debug_exceptions.rb:32:in `call'
web-console (4.0.1) lib/web_console/middleware.rb:132:in `call_app'
web-console (4.0.1) lib/web_console/middleware.rb:28:in `block in call'
web-console (4.0.1) lib/web_console/middleware.rb:17:in `catch'
web-console (4.0.1) lib/web_console/middleware.rb:17:in `call'
actionpack (6.0.0) lib/action_dispatch/middleware/show_exceptions.rb:33:in `call'
railties (6.0.0) lib/rails/rack/logger.rb:38:in `call_app'
railties (6.0.0) lib/rails/rack/logger.rb:26:in `block in call'
activesupport (6.0.0) lib/active_support/tagged_logging.rb:80:in `block in tagged'
activesupport (6.0.0) lib/active_support/tagged_logging.rb:28:in `tagged'
activesupport (6.0.0) lib/active_support/tagged_logging.rb:80:in `tagged'
railties (6.0.0) lib/rails/rack/logger.rb:26:in `call'
sprockets-rails (3.2.1) lib/sprockets/rails/quiet_assets.rb:13:in `call'
actionpack (6.0.0) lib/action_dispatch/middleware/remote_ip.rb:81:in `call'
actionpack (6.0.0) lib/action_dispatch/middleware/request_id.rb:27:in `call'
rack (2.0.7) lib/rack/method_override.rb:22:in `call'
rack (2.0.7) lib/rack/runtime.rb:22:in `call'
activesupport (6.0.0) lib/active_support/cache/strategy/local_cache_middleware.rb:29:in `call'
actionpack (6.0.0) lib/action_dispatch/middleware/executor.rb:14:in `call'
actionpack (6.0.0) lib/action_dispatch/middleware/static.rb:126:in `call'
rack (2.0.7) lib/rack/sendfile.rb:111:in `call'
actionpack (6.0.0) lib/action_dispatch/middleware/host_authorization.rb:83:in `call'
webpacker (4.0.7) lib/webpacker/dev_server_proxy.rb:29:in `perform_request'
rack-proxy (0.6.5) lib/rack/proxy.rb:57:in `call'
railties (6.0.0) lib/rails/engine.rb:526:in `call'
puma (3.12.1) lib/puma/configuration.rb:227:in `call'
puma (3.12.1) lib/puma/server.rb:660:in `handle_request'
puma (3.12.1) lib/puma/server.rb:474:in `process_client'
puma (3.12.1) lib/puma/server.rb:334:in `block in run'
puma (3.12.1) lib/puma/thread_pool.rb:135:in `block in spawn_thread'
Started GET "/articles" for ::1 at 2019-10-17 21:12:38 +0100
Processing by ArticlesController#index as HTML
  Rendering articles/index.html.erb within layouts/application
  [1m[36mArticle Load (0.6ms)[0m  [1m[34mSELECT "articles".* FROM "articles"[0m
  â†³ app/views/articles/index.html.erb:3
  Rendered articles/index.html.erb within layouts/application (Duration: 2.1ms | Allocations: 776)
Completed 200 OK in 18ms (Views: 16.5ms | ActiveRecord: 0.6ms | Allocations: 6603)


Started GET "/articles/new" for ::1 at 2019-10-17 21:12:39 +0100
  
AbstractController::ActionNotFound (The action 'new' could not be found for ArticlesController):
  
actionpack (6.0.0) lib/abstract_controller/base.rb:131:in `process'
actionview (6.0.0) lib/action_view/rendering.rb:39:in `process'
actionpack (6.0.0) lib/action_controller/metal.rb:191:in `dispatch'
actionpack (6.0.0) lib/action_controller/metal.rb:252:in `dispatch'
actionpack (6.0.0) lib/action_dispatch/routing/route_set.rb:51:in `dispatch'
actionpack (6.0.0) lib/action_dispatch/routing/route_set.rb:33:in `serve'
actionpack (6.0.0) lib/action_dispatch/journey/router.rb:49:in `block in serve'
actionpack (6.0.0) lib/action_dispatch/journey/router.rb:32:in `each'
actionpack (6.0.0) lib/action_dispatch/journey/router.rb:32:in `serve'
actionpack (6.0.0) lib/action_dispatch/routing/route_set.rb:837:in `call'
rack (2.0.7) lib/rack/tempfile_reaper.rb:15:in `call'
rack (2.0.7) lib/rack/etag.rb:25:in `call'
rack (2.0.7) lib/rack/conditional_get.rb:25:in `call'
rack (2.0.7) lib/rack/head.rb:12:in `call'
actionpack (6.0.0) lib/action_dispatch/http/content_security_policy.rb:18:in `call'
rack (2.0.7) lib/rack/session/abstract/id.rb:232:in `context'
rack (2.0.7) lib/rack/session/abstract/id.rb:226:in `call'
actionpack (6.0.0) lib/action_dispatch/middleware/cookies.rb:648:in `call'
activerecord (6.0.0) lib/active_record/migration.rb:567:in `call'
actionpack (6.0.0) lib/action_dispatch/middleware/callbacks.rb:27:in `block in call'
activesupport (6.0.0) lib/active_support/callbacks.rb:101:in `run_callbacks'
actionpack (6.0.0) lib/action_dispatch/middleware/callbacks.rb:26:in `call'
actionpack (6.0.0) lib/action_dispatch/middleware/executor.rb:14:in `call'
actionpack (6.0.0) lib/action_dispatch/middleware/actionable_exceptions.rb:17:in `call'
actionpack (6.0.0) lib/action_dispatch/middleware/debug_exceptions.rb:32:in `call'
web-console (4.0.1) lib/web_console/middleware.rb:132:in `call_app'
web-console (4.0.1) lib/web_console/middleware.rb:28:in `block in call'
web-console (4.0.1) lib/web_console/middleware.rb:17:in `catch'
web-console (4.0.1) lib/web_console/middleware.rb:17:in `call'
actionpack (6.0.0) lib/action_dispatch/middleware/show_exceptions.rb:33:in `call'
railties (6.0.0) lib/rails/rack/logger.rb:38:in `call_app'
railties (6.0.0) lib/rails/rack/logger.rb:26:in `block in call'
activesupport (6.0.0) lib/active_support/tagged_logging.rb:80:in `block in tagged'
activesupport (6.0.0) lib/active_support/tagged_logging.rb:28:in `tagged'
activesupport (6.0.0) lib/active_support/tagged_logging.rb:80:in `tagged'
railties (6.0.0) lib/rails/rack/logger.rb:26:in `call'
sprockets-rails (3.2.1) lib/sprockets/rails/quiet_assets.rb:13:in `call'
actionpack (6.0.0) lib/action_dispatch/middleware/remote_ip.rb:81:in `call'
actionpack (6.0.0) lib/action_dispatch/middleware/request_id.rb:27:in `call'
rack (2.0.7) lib/rack/method_override.rb:22:in `call'
rack (2.0.7) lib/rack/runtime.rb:22:in `call'
activesupport (6.0.0) lib/active_support/cache/strategy/local_cache_middleware.rb:29:in `call'
actionpack (6.0.0) lib/action_dispatch/middleware/executor.rb:14:in `call'
actionpack (6.0.0) lib/action_dispatch/middleware/static.rb:126:in `call'
rack (2.0.7) lib/rack/sendfile.rb:111:in `call'
actionpack (6.0.0) lib/action_dispatch/middleware/host_authorization.rb:83:in `call'
webpacker (4.0.7) lib/webpacker/dev_server_proxy.rb:29:in `perform_request'
rack-proxy (0.6.5) lib/rack/proxy.rb:57:in `call'
railties (6.0.0) lib/rails/engine.rb:526:in `call'
puma (3.12.1) lib/puma/configuration.rb:227:in `call'
puma (3.12.1) lib/puma/server.rb:660:in `handle_request'
puma (3.12.1) lib/puma/server.rb:474:in `process_client'
puma (3.12.1) lib/puma/server.rb:334:in `block in run'
puma (3.12.1) lib/puma/thread_pool.rb:135:in `block in spawn_thread'
Started GET "/articles/new" for ::1 at 2019-10-17 21:14:08 +0100
  [1m[35m (0.1ms)[0m  [1m[34mSELECT sqlite_version(*)[0m
Processing by ArticlesController#new as HTML
Completed 406 Not Acceptable in 3ms (ActiveRecord: 0.0ms | Allocations: 1910)


  
ActionController::MissingExactTemplate (ArticlesController#new is missing a template for request formats: text/html):
  
actionpack (6.0.0) lib/action_controller/metal/implicit_render.rb:45:in `default_render'
actionpack (6.0.0) lib/action_controller/metal/basic_implicit_render.rb:6:in `block in send_action'
actionpack (6.0.0) lib/action_controller/metal/basic_implicit_render.rb:6:in `tap'
actionpack (6.0.0) lib/action_controller/metal/basic_implicit_render.rb:6:in `send_action'
actionpack (6.0.0) lib/abstract_controller/base.rb:196:in `process_action'
actionpack (6.0.0) lib/action_controller/metal/rendering.rb:30:in `process_action'
actionpack (6.0.0) lib/abstract_controller/callbacks.rb:42:in `block in process_action'
activesupport (6.0.0) lib/active_support/callbacks.rb:135:in `run_callbacks'
actionpack (6.0.0) lib/abstract_controller/callbacks.rb:41:in `process_action'
actionpack (6.0.0) lib/action_controller/metal/rescue.rb:22:in `process_action'
actionpack (6.0.0) lib/action_controller/metal/instrumentation.rb:33:in `block in process_action'
activesupport (6.0.0) lib/active_support/notifications.rb:180:in `block in instrument'
activesupport (6.0.0) lib/active_support/notifications/instrumenter.rb:24:in `instrument'
activesupport (6.0.0) lib/active_support/notifications.rb:180:in `instrument'
actionpack (6.0.0) lib/action_controller/metal/instrumentation.rb:32:in `process_action'
actionpack (6.0.0) lib/action_controller/metal/params_wrapper.rb:245:in `process_action'
activerecord (6.0.0) lib/active_record/railties/controller_runtime.rb:27:in `process_action'
actionpack (6.0.0) lib/abstract_controller/base.rb:136:in `process'
actionview (6.0.0) lib/action_view/rendering.rb:39:in `process'
actionpack (6.0.0) lib/action_controller/metal.rb:191:in `dispatch'
actionpack (6.0.0) lib/action_controller/metal.rb:252:in `dispatch'
actionpack (6.0.0) lib/action_dispatch/routing/route_set.rb:51:in `dispatch'
actionpack (6.0.0) lib/action_dispatch/routing/route_set.rb:33:in `serve'
actionpack (6.0.0) lib/action_dispatch/journey/router.rb:49:in `block in serve'
actionpack (6.0.0) lib/action_dispatch/journey/router.rb:32:in `each'
actionpack (6.0.0) lib/action_dispatch/journey/router.rb:32:in `serve'
actionpack (6.0.0) lib/action_dispatch/routing/route_set.rb:837:in `call'
rack (2.0.7) lib/rack/tempfile_reaper.rb:15:in `call'
rack (2.0.7) lib/rack/etag.rb:25:in `call'
rack (2.0.7) lib/rack/conditional_get.rb:25:in `call'
rack (2.0.7) lib/rack/head.rb:12:in `call'
actionpack (6.0.0) lib/action_dispatch/http/content_security_policy.rb:18:in `call'
rack (2.0.7) lib/rack/session/abstract/id.rb:232:in `context'
rack (2.0.7) lib/rack/session/abstract/id.rb:226:in `call'
actionpack (6.0.0) lib/action_dispatch/middleware/cookies.rb:648:in `call'
activerecord (6.0.0) lib/active_record/migration.rb:567:in `call'
actionpack (6.0.0) lib/action_dispatch/middleware/callbacks.rb:27:in `block in call'
activesupport (6.0.0) lib/active_support/callbacks.rb:101:in `run_callbacks'
actionpack (6.0.0) lib/action_dispatch/middleware/callbacks.rb:26:in `call'
actionpack (6.0.0) lib/action_dispatch/middleware/executor.rb:14:in `call'
actionpack (6.0.0) lib/action_dispatch/middleware/actionable_exceptions.rb:17:in `call'
actionpack (6.0.0) lib/action_dispatch/middleware/debug_exceptions.rb:32:in `call'
web-console (4.0.1) lib/web_console/middleware.rb:132:in `call_app'
web-console (4.0.1) lib/web_console/middleware.rb:28:in `block in call'
web-console (4.0.1) lib/web_console/middleware.rb:17:in `catch'
web-console (4.0.1) lib/web_console/middleware.rb:17:in `call'
actionpack (6.0.0) lib/action_dispatch/middleware/show_exceptions.rb:33:in `call'
railties (6.0.0) lib/rails/rack/logger.rb:38:in `call_app'
railties (6.0.0) lib/rails/rack/logger.rb:26:in `block in call'
activesupport (6.0.0) lib/active_support/tagged_logging.rb:80:in `block in tagged'
activesupport (6.0.0) lib/active_support/tagged_logging.rb:28:in `tagged'
activesupport (6.0.0) lib/active_support/tagged_logging.rb:80:in `tagged'
railties (6.0.0) lib/rails/rack/logger.rb:26:in `call'
sprockets-rails (3.2.1) lib/sprockets/rails/quiet_assets.rb:13:in `call'
actionpack (6.0.0) lib/action_dispatch/middleware/remote_ip.rb:81:in `call'
actionpack (6.0.0) lib/action_dispatch/middleware/request_id.rb:27:in `call'
rack (2.0.7) lib/rack/method_override.rb:22:in `call'
rack (2.0.7) lib/rack/runtime.rb:22:in `call'
activesupport (6.0.0) lib/active_support/cache/strategy/local_cache_middleware.rb:29:in `call'
actionpack (6.0.0) lib/action_dispatch/middleware/executor.rb:14:in `call'
actionpack (6.0.0) lib/action_dispatch/middleware/static.rb:126:in `call'
rack (2.0.7) lib/rack/sendfile.rb:111:in `call'
actionpack (6.0.0) lib/action_dispatch/middleware/host_authorization.rb:83:in `call'
webpacker (4.0.7) lib/webpacker/dev_server_proxy.rb:29:in `perform_request'
rack-proxy (0.6.5) lib/rack/proxy.rb:57:in `call'
railties (6.0.0) lib/rails/engine.rb:526:in `call'
puma (3.12.1) lib/puma/configuration.rb:227:in `call'
puma (3.12.1) lib/puma/server.rb:660:in `handle_request'
puma (3.12.1) lib/puma/server.rb:474:in `process_client'
puma (3.12.1) lib/puma/server.rb:334:in `block in run'
puma (3.12.1) lib/puma/thread_pool.rb:135:in `block in spawn_thread'
Started GET "/articles/new" for ::1 at 2019-10-17 21:15:03 +0100
Processing by ArticlesController#new as HTML
  Rendering articles/new.html.erb within layouts/application
  Rendered articles/new.html.erb within layouts/application (Duration: 0.3ms | Allocations: 83)
Completed 200 OK in 14ms (Views: 13.2ms | ActiveRecord: 0.0ms | Allocations: 6835)


Started GET "/articles/new" for ::1 at 2019-10-17 21:19:30 +0100
Processing by ArticlesController#new as HTML
  Rendering articles/new.html.erb within layouts/application
  Rendered articles/new.html.erb within layouts/application (Duration: 0.9ms | Allocations: 1129)
Completed 500 Internal Server Error in 3ms (ActiveRecord: 0.0ms | Allocations: 2280)


  
ActionView::Template::Error (First argument in form cannot contain nil or be empty):
    1: <h1> Create a New Article </h1>
    2: <%= form_for(@article) do |f| %>
    3:   <% @article.errors.full_messages.each do |error| %>
    4:     <li><%= error %></li>
    5:   <% end %>
  
app/views/articles/new.html.erb:2
Started GET "/articles/new" for ::1 at 2019-10-17 21:22:38 +0100
  [1m[35m (0.1ms)[0m  [1m[34mSELECT sqlite_version(*)[0m
Processing by ArticlesController#new as HTML
  Rendering articles/new.html.erb within layouts/application
  Rendered articles/new.html.erb within layouts/application (Duration: 20.3ms | Allocations: 4975)
Completed 200 OK in 41ms (Views: 33.4ms | ActiveRecord: 0.5ms | Allocations: 14693)


Started POST "/articles" for ::1 at 2019-10-17 21:23:02 +0100
  
AbstractController::ActionNotFound (The action 'create' could not be found for ArticlesController):
  
actionpack (6.0.0) lib/abstract_controller/base.rb:131:in `process'
actionview (6.0.0) lib/action_view/rendering.rb:39:in `process'
actionpack (6.0.0) lib/action_controller/metal.rb:191:in `dispatch'
actionpack (6.0.0) lib/action_controller/metal.rb:252:in `dispatch'
actionpack (6.0.0) lib/action_dispatch/routing/route_set.rb:51:in `dispatch'
actionpack (6.0.0) lib/action_dispatch/routing/route_set.rb:33:in `serve'
actionpack (6.0.0) lib/action_dispatch/journey/router.rb:49:in `block in serve'
actionpack (6.0.0) lib/action_dispatch/journey/router.rb:32:in `each'
actionpack (6.0.0) lib/action_dispatch/journey/router.rb:32:in `serve'
actionpack (6.0.0) lib/action_dispatch/routing/route_set.rb:837:in `call'
rack (2.0.7) lib/rack/tempfile_reaper.rb:15:in `call'
rack (2.0.7) lib/rack/etag.rb:25:in `call'
rack (2.0.7) lib/rack/conditional_get.rb:38:in `call'
rack (2.0.7) lib/rack/head.rb:12:in `call'
actionpack (6.0.0) lib/action_dispatch/http/content_security_policy.rb:18:in `call'
rack (2.0.7) lib/rack/session/abstract/id.rb:232:in `context'
rack (2.0.7) lib/rack/session/abstract/id.rb:226:in `call'
actionpack (6.0.0) lib/action_dispatch/middleware/cookies.rb:648:in `call'
activerecord (6.0.0) lib/active_record/migration.rb:567:in `call'
actionpack (6.0.0) lib/action_dispatch/middleware/callbacks.rb:27:in `block in call'
activesupport (6.0.0) lib/active_support/callbacks.rb:101:in `run_callbacks'
actionpack (6.0.0) lib/action_dispatch/middleware/callbacks.rb:26:in `call'
actionpack (6.0.0) lib/action_dispatch/middleware/executor.rb:14:in `call'
actionpack (6.0.0) lib/action_dispatch/middleware/actionable_exceptions.rb:17:in `call'
actionpack (6.0.0) lib/action_dispatch/middleware/debug_exceptions.rb:32:in `call'
web-console (4.0.1) lib/web_console/middleware.rb:132:in `call_app'
web-console (4.0.1) lib/web_console/middleware.rb:28:in `block in call'
web-console (4.0.1) lib/web_console/middleware.rb:17:in `catch'
web-console (4.0.1) lib/web_console/middleware.rb:17:in `call'
actionpack (6.0.0) lib/action_dispatch/middleware/show_exceptions.rb:33:in `call'
railties (6.0.0) lib/rails/rack/logger.rb:38:in `call_app'
railties (6.0.0) lib/rails/rack/logger.rb:26:in `block in call'
activesupport (6.0.0) lib/active_support/tagged_logging.rb:80:in `block in tagged'
activesupport (6.0.0) lib/active_support/tagged_logging.rb:28:in `tagged'
activesupport (6.0.0) lib/active_support/tagged_logging.rb:80:in `tagged'
railties (6.0.0) lib/rails/rack/logger.rb:26:in `call'
sprockets-rails (3.2.1) lib/sprockets/rails/quiet_assets.rb:13:in `call'
actionpack (6.0.0) lib/action_dispatch/middleware/remote_ip.rb:81:in `call'
actionpack (6.0.0) lib/action_dispatch/middleware/request_id.rb:27:in `call'
rack (2.0.7) lib/rack/method_override.rb:22:in `call'
rack (2.0.7) lib/rack/runtime.rb:22:in `call'
activesupport (6.0.0) lib/active_support/cache/strategy/local_cache_middleware.rb:29:in `call'
actionpack (6.0.0) lib/action_dispatch/middleware/executor.rb:14:in `call'
actionpack (6.0.0) lib/action_dispatch/middleware/static.rb:126:in `call'
rack (2.0.7) lib/rack/sendfile.rb:111:in `call'
actionpack (6.0.0) lib/action_dispatch/middleware/host_authorization.rb:83:in `call'
webpacker (4.0.7) lib/webpacker/dev_server_proxy.rb:29:in `perform_request'
rack-proxy (0.6.5) lib/rack/proxy.rb:57:in `call'
railties (6.0.0) lib/rails/engine.rb:526:in `call'
puma (3.12.1) lib/puma/configuration.rb:227:in `call'
puma (3.12.1) lib/puma/server.rb:660:in `handle_request'
puma (3.12.1) lib/puma/server.rb:474:in `process_client'
puma (3.12.1) lib/puma/server.rb:334:in `block in run'
puma (3.12.1) lib/puma/thread_pool.rb:135:in `block in spawn_thread'
Started POST "/articles" for ::1 at 2019-10-17 21:24:02 +0100
  [1m[35m (0.1ms)[0m  [1m[34mSELECT sqlite_version(*)[0m
Processing by ArticlesController#create as HTML
  Parameters: {"authenticity_token"=>"YgsUvXvIZQPsXp1K8KHff10N8sHDXJ5Ggj9P3IwcVdME4cSf1BPTuRHiPUb2LkA29CpaPmL+djBJIm7QzKk+iQ==", "article"=>{"title"=>"Half Blood Prince", "body"=>"Snape kills Dumbledore"}, "commit"=>"Create Article"}
Completed 500 Internal Server Error in 1ms (ActiveRecord: 0.0ms | Allocations: 584)


  
RuntimeError ():
  
app/controllers/articles_controller.rb:15:in `create'
Started POST "/articles" for ::1 at 2019-10-17 21:27:40 +0100
  [1m[35m (0.1ms)[0m  [1m[34mSELECT sqlite_version(*)[0m
Processing by ArticlesController#create as HTML
  Parameters: {"authenticity_token"=>"YgsUvXvIZQPsXp1K8KHff10N8sHDXJ5Ggj9P3IwcVdME4cSf1BPTuRHiPUb2LkA29CpaPmL+djBJIm7QzKk+iQ==", "article"=>{"title"=>"Half Blood Prince", "body"=>"Snape kills Dumbledore"}, "commit"=>"Create Article"}
  [1m[35m (0.1ms)[0m  [1m[36mbegin transaction[0m
  â†³ app/controllers/articles_controller.rb:17:in `create'
  [1m[36mArticle Create (1.1ms)[0m  [1m[32mINSERT INTO "articles" ("title", "created_at", "updated_at") VALUES (?, ?, ?)[0m  [["title", "Half Blood Prince"], ["created_at", "2019-10-17 20:27:41.030394"], ["updated_at", "2019-10-17 20:27:41.030394"]]
  â†³ app/controllers/articles_controller.rb:17:in `create'
  [1m[35m (0.8ms)[0m  [1m[36mcommit transaction[0m
  â†³ app/controllers/articles_controller.rb:17:in `create'
No template found for ArticlesController#create, rendering head :no_content
Completed 204 No Content in 13ms (ActiveRecord: 2.5ms | Allocations: 7388)


Started GET "/articles/new" for ::1 at 2019-10-17 21:28:16 +0100
  [1m[35m (0.1ms)[0m  [1m[34mSELECT sqlite_version(*)[0m
Processing by ArticlesController#new as HTML
  Rendering articles/new.html.erb within layouts/application
  Rendered articles/new.html.erb within layouts/application (Duration: 1.2ms | Allocations: 760)
Completed 200 OK in 33ms (Views: 27.5ms | ActiveRecord: 0.5ms | Allocations: 10261)


Started GET "/articles" for ::1 at 2019-10-17 21:28:18 +0100
Processing by ArticlesController#index as HTML
  Rendering articles/index.html.erb within layouts/application
  [1m[36mArticle Load (0.3ms)[0m  [1m[34mSELECT "articles".* FROM "articles"[0m
  â†³ app/views/articles/index.html.erb:3
  Rendered articles/index.html.erb within layouts/application (Duration: 3.4ms | Allocations: 998)
Completed 200 OK in 12ms (Views: 10.8ms | ActiveRecord: 0.3ms | Allocations: 6988)


Started GET "/articles/5" for ::1 at 2019-10-17 21:28:21 +0100
Processing by ArticlesController#show as HTML
  Parameters: {"id"=>"5"}
  [1m[36mArticle Load (0.2ms)[0m  [1m[34mSELECT "articles".* FROM "articles" WHERE "articles"."id" = ? LIMIT ?[0m  [["id", 5], ["LIMIT", 1]]
  â†³ app/controllers/articles_controller.rb:7:in `show'
  Rendering articles/show.html.erb within layouts/application
  Rendered articles/show.html.erb within layouts/application (Duration: 1.4ms | Allocations: 174)
Completed 200 OK in 12ms (Views: 10.1ms | ActiveRecord: 0.2ms | Allocations: 6745)


Started GET "/articles" for ::1 at 2019-10-17 21:28:22 +0100
Processing by ArticlesController#index as HTML
  Rendering articles/index.html.erb within layouts/application
  [1m[36mArticle Load (0.3ms)[0m  [1m[34mSELECT "articles".* FROM "articles"[0m
  â†³ app/views/articles/index.html.erb:3
  Rendered articles/index.html.erb within layouts/application (Duration: 2.6ms | Allocations: 794)
Completed 200 OK in 16ms (Views: 14.2ms | ActiveRecord: 0.3ms | Allocations: 6615)


Started GET "/articles/new" for ::1 at 2019-10-17 21:28:24 +0100
Processing by ArticlesController#new as HTML
  Rendering articles/new.html.erb within layouts/application
  Rendered articles/new.html.erb within layouts/application (Duration: 2.0ms | Allocations: 697)
Completed 200 OK in 13ms (Views: 11.7ms | ActiveRecord: 0.0ms | Allocations: 6528)


Started POST "/articles" for ::1 at 2019-10-17 21:28:33 +0100
Processing by ArticlesController#create as HTML
  Parameters: {"authenticity_token"=>"g4HzKjG4Dq8+WuE7a/UHFZE0kJ+3892pMK+rFWkLly9WVPs0MqmLx5edXUNvV4tX6ubyBoKJ2NWG83mWTre3ig==", "article"=>{"title"=>"Test 5", "body"=>"Testing la la la"}, "commit"=>"Create Article"}
  [1m[35m (0.1ms)[0m  [1m[36mbegin transaction[0m
  â†³ app/controllers/articles_controller.rb:17:in `create'
  [1m[36mArticle Create (0.5ms)[0m  [1m[32mINSERT INTO "articles" ("title", "created_at", "updated_at") VALUES (?, ?, ?)[0m  [["title", "Test 5"], ["created_at", "2019-10-17 20:28:33.139372"], ["updated_at", "2019-10-17 20:28:33.139372"]]
  â†³ app/controllers/articles_controller.rb:17:in `create'
  [1m[35m (1.1ms)[0m  [1m[36mcommit transaction[0m
  â†³ app/controllers/articles_controller.rb:17:in `create'
Redirected to http://localhost:3000/articles/6
Completed 302 Found in 7ms (ActiveRecord: 1.7ms | Allocations: 2366)


Started GET "/articles/6" for ::1 at 2019-10-17 21:28:33 +0100
Processing by ArticlesController#show as HTML
  Parameters: {"id"=>"6"}
  [1m[36mArticle Load (0.2ms)[0m  [1m[34mSELECT "articles".* FROM "articles" WHERE "articles"."id" = ? LIMIT ?[0m  [["id", 6], ["LIMIT", 1]]
  â†³ app/controllers/articles_controller.rb:7:in `show'
  Rendering articles/show.html.erb within layouts/application
  Rendered articles/show.html.erb within layouts/application (Duration: 0.3ms | Allocations: 52)
Completed 200 OK in 10ms (Views: 7.5ms | ActiveRecord: 0.2ms | Allocations: 6368)


Started GET "/articles" for ::1 at 2019-10-17 21:29:33 +0100
  [1m[35m (0.1ms)[0m  [1m[34mSELECT sqlite_version(*)[0m
Processing by ArticlesController#index as HTML
  Rendering articles/index.html.erb within layouts/application
  [1m[36mArticle Load (0.2ms)[0m  [1m[34mSELECT "articles".* FROM "articles"[0m
  â†³ app/views/articles/index.html.erb:3
  Rendered articles/index.html.erb within layouts/application (Duration: 4.8ms | Allocations: 4137)
Completed 200 OK in 12ms (Views: 10.1ms | ActiveRecord: 0.6ms | Allocations: 10407)


Started GET "/articles/5" for ::1 at 2019-10-17 21:29:34 +0100
Processing by ArticlesController#show as HTML
  Parameters: {"id"=>"5"}
  [1m[36mArticle Load (0.2ms)[0m  [1m[34mSELECT "articles".* FROM "articles" WHERE "articles"."id" = ? LIMIT ?[0m  [["id", 5], ["LIMIT", 1]]
  â†³ app/controllers/articles_controller.rb:7:in `show'
  Rendering articles/show.html.erb within layouts/application
  Rendered articles/show.html.erb within layouts/application (Duration: 0.3ms | Allocations: 54)
Completed 200 OK in 12ms (Views: 10.7ms | ActiveRecord: 0.2ms | Allocations: 6485)


Started GET "/articles" for ::1 at 2019-10-17 21:29:35 +0100
Processing by ArticlesController#index as HTML
  Rendering articles/index.html.erb within layouts/application
  [1m[36mArticle Load (0.1ms)[0m  [1m[34mSELECT "articles".* FROM "articles"[0m
  â†³ app/views/articles/index.html.erb:3
  Rendered articles/index.html.erb within layouts/application (Duration: 1.9ms | Allocations: 828)
Completed 200 OK in 10ms (Views: 9.1ms | ActiveRecord: 0.1ms | Allocations: 6646)


Started GET "/articles/new" for ::1 at 2019-10-17 21:29:37 +0100
Processing by ArticlesController#new as HTML
  Rendering articles/new.html.erb within layouts/application
  Rendered articles/new.html.erb within layouts/application (Duration: 1.6ms | Allocations: 748)
Completed 200 OK in 11ms (Views: 9.7ms | ActiveRecord: 0.0ms | Allocations: 6577)


Started POST "/articles" for ::1 at 2019-10-17 21:29:43 +0100
Processing by ArticlesController#create as HTML
  Parameters: {"authenticity_token"=>"l7X3pfI77vxbAn3pZuOSnYqGS7gaGRSN1UFU1p2Y7RdCYP+78SprlPLFwZFiQR7f8VQpIS9jEfFjHYZVuiTNsg==", "article"=>{"title"=>"Test 6", "body"=>"testing this one too"}, "commit"=>"Create Article"}
  [1m[35m (0.1ms)[0m  [1m[36mbegin transaction[0m
  â†³ app/controllers/articles_controller.rb:18:in `create'
  [1m[36mArticle Create (0.5ms)[0m  [1m[32mINSERT INTO "articles" ("title", "body", "created_at", "updated_at") VALUES (?, ?, ?, ?)[0m  [["title", "Test 6"], ["body", "testing this one too"], ["created_at", "2019-10-17 20:29:43.872455"], ["updated_at", "2019-10-17 20:29:43.872455"]]
  â†³ app/controllers/articles_controller.rb:18:in `create'
  [1m[35m (1.2ms)[0m  [1m[36mcommit transaction[0m
  â†³ app/controllers/articles_controller.rb:18:in `create'
Redirected to http://localhost:3000/articles/7
Completed 302 Found in 6ms (ActiveRecord: 1.8ms | Allocations: 2372)


Started GET "/articles/7" for ::1 at 2019-10-17 21:29:43 +0100
Processing by ArticlesController#show as HTML
  Parameters: {"id"=>"7"}
  [1m[36mArticle Load (0.1ms)[0m  [1m[34mSELECT "articles".* FROM "articles" WHERE "articles"."id" = ? LIMIT ?[0m  [["id", 7], ["LIMIT", 1]]
  â†³ app/controllers/articles_controller.rb:7:in `show'
  Rendering articles/show.html.erb within layouts/application
  Rendered articles/show.html.erb within layouts/application (Duration: 0.1ms | Allocations: 54)
Completed 200 OK in 8ms (Views: 7.0ms | ActiveRecord: 0.1ms | Allocations: 6365)


Started GET "/articles" for ::1 at 2019-10-17 21:29:45 +0100
Processing by ArticlesController#index as HTML
  Rendering articles/index.html.erb within layouts/application
  [1m[36mArticle Load (0.1ms)[0m  [1m[34mSELECT "articles".* FROM "articles"[0m
  â†³ app/views/articles/index.html.erb:3
  Rendered articles/index.html.erb within layouts/application (Duration: 1.2ms | Allocations: 865)
Completed 200 OK in 10ms (Views: 8.9ms | ActiveRecord: 0.1ms | Allocations: 6686)


Started GET "/articles/new" for ::1 at 2019-10-17 21:38:42 +0100
  [1m[35m (0.1ms)[0m  [1m[34mSELECT sqlite_version(*)[0m
  
SyntaxError (/Users/phil/the_odin_project/rails/blogger-project/blogger/app/controllers/articles_controller.rb:15: syntax error, unexpected ':', expecting ']'
... = Article.new(params[:article:])
...                              ^):
  
app/controllers/articles_controller.rb:15: syntax error, unexpected ':', expecting ']'
app/controllers/articles_controller.rb:15: syntax error, unexpected ':', expecting ']'
app/controllers/articles_controller.rb:15: syntax error, unexpected ':', expecting ']'
Started GET "/articles/new" for ::1 at 2019-10-17 21:38:50 +0100
  [1m[35m (0.1ms)[0m  [1m[34mSELECT sqlite_version(*)[0m
Processing by ArticlesController#new as HTML
  Rendering articles/new.html.erb within layouts/application
  Rendered articles/new.html.erb within layouts/application (Duration: 1.5ms | Allocations: 760)
Completed 200 OK in 23ms (Views: 15.6ms | ActiveRecord: 0.8ms | Allocations: 10321)


Started GET "/articles" for ::1 at 2019-10-17 21:38:52 +0100
Processing by ArticlesController#index as HTML
  Rendering articles/index.html.erb within layouts/application
  [1m[36mArticle Load (0.2ms)[0m  [1m[34mSELECT "articles".* FROM "articles"[0m
  â†³ app/views/articles/index.html.erb:3
  Rendered articles/index.html.erb within layouts/application (Duration: 1.4ms | Allocations: 895)
Completed 200 OK in 9ms (Views: 7.7ms | ActiveRecord: 0.2ms | Allocations: 6747)


Started GET "/articles/new" for ::1 at 2019-10-17 21:38:53 +0100
Processing by ArticlesController#new as HTML
  Rendering articles/new.html.erb within layouts/application
  Rendered articles/new.html.erb within layouts/application (Duration: 1.2ms | Allocations: 695)
Completed 200 OK in 13ms (Views: 12.2ms | ActiveRecord: 0.0ms | Allocations: 6527)


Started POST "/articles" for ::1 at 2019-10-17 21:39:03 +0100
Processing by ArticlesController#create as HTML
  Parameters: {"authenticity_token"=>"DxzqXMDc7/pa4GzwHoFng+ZaXlkG5c5j1iWhToiHlRbayeJCw81qkvMn0IgaI+vBnYg8wDOfyx9geXPNrzu1sw==", "article"=>{"title"=>"Testing again", "body"=>"La la la"}, "commit"=>"Create Article"}
  [1m[35m (0.1ms)[0m  [1m[36mbegin transaction[0m
  â†³ app/controllers/articles_controller.rb:19:in `create'
  [1m[36mArticle Create (0.6ms)[0m  [1m[32mINSERT INTO "articles" ("title", "body", "created_at", "updated_at") VALUES (?, ?, ?, ?)[0m  [["title", "Testing again"], ["body", "La la la"], ["created_at", "2019-10-17 20:39:03.770378"], ["updated_at", "2019-10-17 20:39:03.770378"]]
  â†³ app/controllers/articles_controller.rb:19:in `create'
  [1m[35m (1.1ms)[0m  [1m[36mcommit transaction[0m
  â†³ app/controllers/articles_controller.rb:19:in `create'
Redirected to http://localhost:3000/articles/8
Completed 302 Found in 6ms (ActiveRecord: 1.8ms | Allocations: 2420)


Started GET "/articles/8" for ::1 at 2019-10-17 21:39:03 +0100
Processing by ArticlesController#show as HTML
  Parameters: {"id"=>"8"}
  [1m[36mArticle Load (0.2ms)[0m  [1m[34mSELECT "articles".* FROM "articles" WHERE "articles"."id" = ? LIMIT ?[0m  [["id", 8], ["LIMIT", 1]]
  â†³ app/controllers/articles_controller.rb:10:in `show'
  Rendering articles/show.html.erb within layouts/application
  Rendered articles/show.html.erb within layouts/application (Duration: 0.3ms | Allocations: 54)
Completed 200 OK in 9ms (Views: 6.9ms | ActiveRecord: 0.2ms | Allocations: 6485)


Started GET "/articles" for ::1 at 2019-10-17 21:39:05 +0100
Processing by ArticlesController#index as HTML
  Rendering articles/index.html.erb within layouts/application
  [1m[36mArticle Load (0.1ms)[0m  [1m[34mSELECT "articles".* FROM "articles"[0m
  â†³ app/views/articles/index.html.erb:3
  Rendered articles/index.html.erb within layouts/application (Duration: 1.3ms | Allocations: 902)
Completed 200 OK in 11ms (Views: 10.5ms | ActiveRecord: 0.1ms | Allocations: 6722)


Started GET "/articles" for ::1 at 2019-10-17 21:42:13 +0100
Processing by ArticlesController#index as HTML
  Rendering articles/index.html.erb within layouts/application
  [1m[36mArticle Load (0.1ms)[0m  [1m[34mSELECT "articles".* FROM "articles"[0m
  â†³ app/views/articles/index.html.erb:3
  Rendered articles/index.html.erb within layouts/application (Duration: 1.2ms | Allocations: 902)
Completed 200 OK in 18ms (Views: 17.4ms | ActiveRecord: 0.1ms | Allocations: 6724)


Started GET "/articles/2" for ::1 at 2019-10-17 21:42:14 +0100
Processing by ArticlesController#show as HTML
  Parameters: {"id"=>"2"}
  [1m[36mArticle Load (0.1ms)[0m  [1m[34mSELECT "articles".* FROM "articles" WHERE "articles"."id" = ? LIMIT ?[0m  [["id", 2], ["LIMIT", 1]]
  â†³ app/controllers/articles_controller.rb:10:in `show'
  Rendering articles/show.html.erb within layouts/application
  Rendered articles/show.html.erb within layouts/application (Duration: 0.2ms | Allocations: 55)
Completed 200 OK in 11ms (Views: 9.7ms | ActiveRecord: 0.1ms | Allocations: 6374)


Started GET "/articles" for ::1 at 2019-10-17 21:42:15 +0100
Processing by ArticlesController#index as HTML
  Rendering articles/index.html.erb within layouts/application
  [1m[36mArticle Load (0.2ms)[0m  [1m[34mSELECT "articles".* FROM "articles"[0m
  â†³ app/views/articles/index.html.erb:3
  Rendered articles/index.html.erb within layouts/application (Duration: 1.8ms | Allocations: 902)
Completed 200 OK in 14ms (Views: 12.8ms | ActiveRecord: 0.2ms | Allocations: 6726)


Started GET "/articles" for ::1 at 2019-10-17 21:42:22 +0100
Processing by ArticlesController#index as HTML
  Rendering articles/index.html.erb within layouts/application
  [1m[36mArticle Load (0.2ms)[0m  [1m[34mSELECT "articles".* FROM "articles"[0m
  â†³ app/views/articles/index.html.erb:3
  Rendered articles/index.html.erb within layouts/application (Duration: 3.0ms | Allocations: 1080)
Completed 200 OK in 13ms (Views: 12.1ms | ActiveRecord: 0.2ms | Allocations: 7839)


Started GET "/articles/3" for ::1 at 2019-10-17 21:42:23 +0100
Processing by ArticlesController#show as HTML
  Parameters: {"id"=>"3"}
  [1m[36mArticle Load (0.1ms)[0m  [1m[34mSELECT "articles".* FROM "articles" WHERE "articles"."id" = ? LIMIT ?[0m  [["id", 3], ["LIMIT", 1]]
  â†³ app/controllers/articles_controller.rb:10:in `show'
  Rendering articles/show.html.erb within layouts/application
  Rendered articles/show.html.erb within layouts/application (Duration: 0.6ms | Allocations: 221)
Completed 200 OK in 10ms (Views: 8.4ms | ActiveRecord: 0.1ms | Allocations: 6681)


Started GET "/articles/3" for ::1 at 2019-10-17 21:42:25 +0100
Processing by ArticlesController#show as HTML
  Parameters: {"id"=>"3"}
  [1m[36mArticle Load (0.1ms)[0m  [1m[34mSELECT "articles".* FROM "articles" WHERE "articles"."id" = ? LIMIT ?[0m  [["id", 3], ["LIMIT", 1]]
  â†³ app/controllers/articles_controller.rb:10:in `show'
  Rendering articles/show.html.erb within layouts/application
  Rendered articles/show.html.erb within layouts/application (Duration: 0.3ms | Allocations: 80)
Completed 200 OK in 10ms (Views: 8.2ms | ActiveRecord: 0.1ms | Allocations: 6394)


Started GET "/articles" for ::1 at 2019-10-17 21:43:52 +0100
Processing by ArticlesController#index as HTML
  Rendering articles/index.html.erb within layouts/application
  [1m[36mArticle Load (0.2ms)[0m  [1m[34mSELECT "articles".* FROM "articles"[0m
  â†³ app/views/articles/index.html.erb:3
  Rendered articles/index.html.erb within layouts/application (Duration: 3.2ms | Allocations: 1075)
Completed 200 OK in 19ms (Views: 17.3ms | ActiveRecord: 0.2ms | Allocations: 7823)


Started GET "/articles/7" for ::1 at 2019-10-17 21:43:54 +0100
Processing by ArticlesController#show as HTML
  Parameters: {"id"=>"7"}
  [1m[36mArticle Load (0.1ms)[0m  [1m[34mSELECT "articles".* FROM "articles" WHERE "articles"."id" = ? LIMIT ?[0m  [["id", 7], ["LIMIT", 1]]
  â†³ app/controllers/articles_controller.rb:10:in `show'
  Rendering articles/show.html.erb within layouts/application
  Rendered articles/show.html.erb within layouts/application (Duration: 0.9ms | Allocations: 239)
Completed 200 OK in 12ms (Views: 10.3ms | ActiveRecord: 0.1ms | Allocations: 6693)


Started DELETE "/articles/7" for ::1 at 2019-10-17 21:43:55 +0100
  
AbstractController::ActionNotFound (The action 'destroy' could not be found for ArticlesController):
  
actionpack (6.0.0) lib/abstract_controller/base.rb:131:in `process'
actionview (6.0.0) lib/action_view/rendering.rb:39:in `process'
actionpack (6.0.0) lib/action_controller/metal.rb:191:in `dispatch'
actionpack (6.0.0) lib/action_controller/metal.rb:252:in `dispatch'
actionpack (6.0.0) lib/action_dispatch/routing/route_set.rb:51:in `dispatch'
actionpack (6.0.0) lib/action_dispatch/routing/route_set.rb:33:in `serve'
actionpack (6.0.0) lib/action_dispatch/journey/router.rb:49:in `block in serve'
actionpack (6.0.0) lib/action_dispatch/journey/router.rb:32:in `each'
actionpack (6.0.0) lib/action_dispatch/journey/router.rb:32:in `serve'
actionpack (6.0.0) lib/action_dispatch/routing/route_set.rb:837:in `call'
rack (2.0.7) lib/rack/tempfile_reaper.rb:15:in `call'
rack (2.0.7) lib/rack/etag.rb:25:in `call'
rack (2.0.7) lib/rack/conditional_get.rb:38:in `call'
rack (2.0.7) lib/rack/head.rb:12:in `call'
actionpack (6.0.0) lib/action_dispatch/http/content_security_policy.rb:18:in `call'
rack (2.0.7) lib/rack/session/abstract/id.rb:232:in `context'
rack (2.0.7) lib/rack/session/abstract/id.rb:226:in `call'
actionpack (6.0.0) lib/action_dispatch/middleware/cookies.rb:648:in `call'
activerecord (6.0.0) lib/active_record/migration.rb:567:in `call'
actionpack (6.0.0) lib/action_dispatch/middleware/callbacks.rb:27:in `block in call'
activesupport (6.0.0) lib/active_support/callbacks.rb:101:in `run_callbacks'
actionpack (6.0.0) lib/action_dispatch/middleware/callbacks.rb:26:in `call'
actionpack (6.0.0) lib/action_dispatch/middleware/executor.rb:14:in `call'
actionpack (6.0.0) lib/action_dispatch/middleware/actionable_exceptions.rb:17:in `call'
actionpack (6.0.0) lib/action_dispatch/middleware/debug_exceptions.rb:32:in `call'
web-console (4.0.1) lib/web_console/middleware.rb:132:in `call_app'
web-console (4.0.1) lib/web_console/middleware.rb:28:in `block in call'
web-console (4.0.1) lib/web_console/middleware.rb:17:in `catch'
web-console (4.0.1) lib/web_console/middleware.rb:17:in `call'
actionpack (6.0.0) lib/action_dispatch/middleware/show_exceptions.rb:33:in `call'
railties (6.0.0) lib/rails/rack/logger.rb:38:in `call_app'
railties (6.0.0) lib/rails/rack/logger.rb:26:in `block in call'
activesupport (6.0.0) lib/active_support/tagged_logging.rb:80:in `block in tagged'
activesupport (6.0.0) lib/active_support/tagged_logging.rb:28:in `tagged'
activesupport (6.0.0) lib/active_support/tagged_logging.rb:80:in `tagged'
railties (6.0.0) lib/rails/rack/logger.rb:26:in `call'
sprockets-rails (3.2.1) lib/sprockets/rails/quiet_assets.rb:13:in `call'
actionpack (6.0.0) lib/action_dispatch/middleware/remote_ip.rb:81:in `call'
actionpack (6.0.0) lib/action_dispatch/middleware/request_id.rb:27:in `call'
rack (2.0.7) lib/rack/method_override.rb:22:in `call'
rack (2.0.7) lib/rack/runtime.rb:22:in `call'
activesupport (6.0.0) lib/active_support/cache/strategy/local_cache_middleware.rb:29:in `call'
actionpack (6.0.0) lib/action_dispatch/middleware/executor.rb:14:in `call'
actionpack (6.0.0) lib/action_dispatch/middleware/static.rb:126:in `call'
rack (2.0.7) lib/rack/sendfile.rb:111:in `call'
actionpack (6.0.0) lib/action_dispatch/middleware/host_authorization.rb:83:in `call'
webpacker (4.0.7) lib/webpacker/dev_server_proxy.rb:29:in `perform_request'
rack-proxy (0.6.5) lib/rack/proxy.rb:57:in `call'
railties (6.0.0) lib/rails/engine.rb:526:in `call'
puma (3.12.1) lib/puma/configuration.rb:227:in `call'
puma (3.12.1) lib/puma/server.rb:660:in `handle_request'
puma (3.12.1) lib/puma/server.rb:474:in `process_client'
puma (3.12.1) lib/puma/server.rb:334:in `block in run'
puma (3.12.1) lib/puma/thread_pool.rb:135:in `block in spawn_thread'
Started DELETE "/articles/7" for ::1 at 2019-10-17 21:47:19 +0100
  [1m[35m (0.1ms)[0m  [1m[34mSELECT sqlite_version(*)[0m
Processing by ArticlesController#destroy as HTML
  Parameters: {"authenticity_token"=>"+8gAMxcrUjLLAFKpHRYRXOCOS+ooAM7mAOd14/4MoCidItARuPDkiDa88qUbmY4VSanjFYmiJpDL+lTvvrnLcg==", "id"=>"7"}
  [1m[36mArticle Load (0.2ms)[0m  [1m[34mSELECT "articles".* FROM "articles" WHERE "articles"."id" = ? LIMIT ?[0m  [["id", 7], ["LIMIT", 1]]
  â†³ app/controllers/articles_controller.rb:24:in `destroy'
  [1m[35m (0.1ms)[0m  [1m[36mbegin transaction[0m
  â†³ app/controllers/articles_controller.rb:25:in `destroy'
  [1m[36mArticle Destroy (0.3ms)[0m  [1m[31mDELETE FROM "articles" WHERE "articles"."id" = ?[0m  [["id", 7]]
  â†³ app/controllers/articles_controller.rb:25:in `destroy'
  [1m[35m (0.8ms)[0m  [1m[36mcommit transaction[0m
  â†³ app/controllers/articles_controller.rb:25:in `destroy'
Redirected to http://localhost:3000/articles
Completed 302 Found in 12ms (ActiveRecord: 1.9ms | Allocations: 6241)


Started GET "/articles" for ::1 at 2019-10-17 21:47:19 +0100
Processing by ArticlesController#index as HTML
  Rendering articles/index.html.erb within layouts/application
  [1m[36mArticle Load (0.2ms)[0m  [1m[34mSELECT "articles".* FROM "articles"[0m
  â†³ app/views/articles/index.html.erb:3
  Rendered articles/index.html.erb within layouts/application (Duration: 1.5ms | Allocations: 890)
Completed 200 OK in 14ms (Views: 13.7ms | ActiveRecord: 0.2ms | Allocations: 6868)


Started GET "/articles/3" for ::1 at 2019-10-17 21:58:55 +0100
  [1m[35m (0.1ms)[0m  [1m[34mSELECT sqlite_version(*)[0m
Processing by ArticlesController#show as HTML
  Parameters: {"id"=>"3"}
  [1m[36mArticle Load (0.2ms)[0m  [1m[34mSELECT "articles".* FROM "articles" WHERE "articles"."id" = ? LIMIT ?[0m  [["id", 3], ["LIMIT", 1]]
  â†³ app/controllers/articles_controller.rb:10:in `show'
  Rendering articles/show.html.erb within layouts/application
  Rendered articles/show.html.erb within layouts/application (Duration: 0.9ms | Allocations: 284)
Completed 200 OK in 24ms (Views: 15.4ms | ActiveRecord: 0.2ms | Allocations: 10871)


Started GET "/articles/3/edit" for ::1 at 2019-10-17 21:58:57 +0100
Processing by ArticlesController#edit as HTML
  Parameters: {"id"=>"3"}
  [1m[36mArticle Load (0.1ms)[0m  [1m[34mSELECT "articles".* FROM "articles" WHERE "articles"."id" = ? LIMIT ?[0m  [["id", 3], ["LIMIT", 1]]
  â†³ app/controllers/articles_controller.rb:30:in `edit'
  Rendering articles/edit.html.erb within layouts/application
  Rendered articles/_form.html.erb (Duration: 0.8ms | Allocations: 1294)
  Rendered articles/edit.html.erb within layouts/application (Duration: 1.9ms | Allocations: 1595)
Completed 500 Internal Server Error in 4ms (ActiveRecord: 0.1ms | Allocations: 2651)


  
ActionView::SyntaxErrorInTemplate (Encountered a syntax error while rendering template: check <%= form_for(@article) do |f| %>
    <% @article.errors.full_messages.each do |error| %>
      <li><%= error %></li>
    <% end %>
  </ul>
  <p>
    <%= f.label :title %><br />
    <%= f.text_field :title %>
  </p>
  <p>
    <%= f.label :body %><br />
    <%= f.text_area :body %>
  </p>
  <p>
    <%= f.submit %>
  </p>
):
1:    <%= form_for(@article) do |f| %>
2:        <% @article.errors.full_messages.each do |error| %>
3:          <li><%= error %></li>
4:        <% end %>
5:      </ul>
6:      <p>
7:        <%= f.label :title %><br />
8:        <%= f.text_field :title %>
9:      </p>
10:      <p>
11:        <%= f.label :body %><br />
12:        <%= f.text_area :body %>
13:      </p>
14:      <p>
15:        <%= f.submit %>
16:      </p>
  
app/views/articles/_form.html.erb:18: syntax error, unexpected end-of-input, expecting end
app/views/articles/_form.html.erb:18: syntax error, unexpected end-of-input, expecting end
app/views/articles/_form.html.erb:18: syntax error, unexpected end-of-input, expecting end
app/views/articles/_form.html.erb:18: syntax error, unexpected end-of-input, expecting end
app/views/articles/_form.html.erb:18: syntax error, unexpected end-of-input, expecting end
app/views/articles/_form.html.erb:18: syntax error, unexpected end-of-input, expecting end
app/views/articles/edit.html.erb:2
Started GET "/articles/3" for ::1 at 2019-10-17 22:01:53 +0100
Processing by ArticlesController#show as HTML
  Parameters: {"id"=>"3"}
  [1m[36mArticle Load (0.3ms)[0m  [1m[34mSELECT "articles".* FROM "articles" WHERE "articles"."id" = ? LIMIT ?[0m  [["id", 3], ["LIMIT", 1]]
  â†³ app/controllers/articles_controller.rb:10:in `show'
  Rendering articles/show.html.erb within layouts/application
  Rendered articles/show.html.erb within layouts/application (Duration: 1.0ms | Allocations: 273)
Completed 200 OK in 39ms (Views: 35.9ms | ActiveRecord: 0.3ms | Allocations: 7524)


Started GET "/articles/3/edit" for ::1 at 2019-10-17 22:01:55 +0100
Processing by ArticlesController#edit as HTML
  Parameters: {"id"=>"3"}
  [1m[36mArticle Load (0.2ms)[0m  [1m[34mSELECT "articles".* FROM "articles" WHERE "articles"."id" = ? LIMIT ?[0m  [["id", 3], ["LIMIT", 1]]
  â†³ app/controllers/articles_controller.rb:30:in `edit'
  Rendering articles/edit.html.erb within layouts/application
  Rendered articles/_form.html.erb (Duration: 3.9ms | Allocations: 1067)
  Rendered articles/edit.html.erb within layouts/application (Duration: 5.8ms | Allocations: 1367)
Completed 200 OK in 18ms (Views: 15.7ms | ActiveRecord: 0.2ms | Allocations: 7823)


Started PATCH "/articles/3" for ::1 at 2019-10-17 22:02:05 +0100
  
AbstractController::ActionNotFound (The action 'update' could not be found for ArticlesController):
  
actionpack (6.0.0) lib/abstract_controller/base.rb:131:in `process'
actionview (6.0.0) lib/action_view/rendering.rb:39:in `process'
actionpack (6.0.0) lib/action_controller/metal.rb:191:in `dispatch'
actionpack (6.0.0) lib/action_controller/metal.rb:252:in `dispatch'
actionpack (6.0.0) lib/action_dispatch/routing/route_set.rb:51:in `dispatch'
actionpack (6.0.0) lib/action_dispatch/routing/route_set.rb:33:in `serve'
actionpack (6.0.0) lib/action_dispatch/journey/router.rb:49:in `block in serve'
actionpack (6.0.0) lib/action_dispatch/journey/router.rb:32:in `each'
actionpack (6.0.0) lib/action_dispatch/journey/router.rb:32:in `serve'
actionpack (6.0.0) lib/action_dispatch/routing/route_set.rb:837:in `call'
rack (2.0.7) lib/rack/tempfile_reaper.rb:15:in `call'
rack (2.0.7) lib/rack/etag.rb:25:in `call'
rack (2.0.7) lib/rack/conditional_get.rb:38:in `call'
rack (2.0.7) lib/rack/head.rb:12:in `call'
actionpack (6.0.0) lib/action_dispatch/http/content_security_policy.rb:18:in `call'
rack (2.0.7) lib/rack/session/abstract/id.rb:232:in `context'
rack (2.0.7) lib/rack/session/abstract/id.rb:226:in `call'
actionpack (6.0.0) lib/action_dispatch/middleware/cookies.rb:648:in `call'
activerecord (6.0.0) lib/active_record/migration.rb:567:in `call'
actionpack (6.0.0) lib/action_dispatch/middleware/callbacks.rb:27:in `block in call'
activesupport (6.0.0) lib/active_support/callbacks.rb:101:in `run_callbacks'
actionpack (6.0.0) lib/action_dispatch/middleware/callbacks.rb:26:in `call'
actionpack (6.0.0) lib/action_dispatch/middleware/executor.rb:14:in `call'
actionpack (6.0.0) lib/action_dispatch/middleware/actionable_exceptions.rb:17:in `call'
actionpack (6.0.0) lib/action_dispatch/middleware/debug_exceptions.rb:32:in `call'
web-console (4.0.1) lib/web_console/middleware.rb:132:in `call_app'
web-console (4.0.1) lib/web_console/middleware.rb:28:in `block in call'
web-console (4.0.1) lib/web_console/middleware.rb:17:in `catch'
web-console (4.0.1) lib/web_console/middleware.rb:17:in `call'
actionpack (6.0.0) lib/action_dispatch/middleware/show_exceptions.rb:33:in `call'
railties (6.0.0) lib/rails/rack/logger.rb:38:in `call_app'
railties (6.0.0) lib/rails/rack/logger.rb:26:in `block in call'
activesupport (6.0.0) lib/active_support/tagged_logging.rb:80:in `block in tagged'
activesupport (6.0.0) lib/active_support/tagged_logging.rb:28:in `tagged'
activesupport (6.0.0) lib/active_support/tagged_logging.rb:80:in `tagged'
railties (6.0.0) lib/rails/rack/logger.rb:26:in `call'
sprockets-rails (3.2.1) lib/sprockets/rails/quiet_assets.rb:13:in `call'
actionpack (6.0.0) lib/action_dispatch/middleware/remote_ip.rb:81:in `call'
actionpack (6.0.0) lib/action_dispatch/middleware/request_id.rb:27:in `call'
rack (2.0.7) lib/rack/method_override.rb:22:in `call'
rack (2.0.7) lib/rack/runtime.rb:22:in `call'
activesupport (6.0.0) lib/active_support/cache/strategy/local_cache_middleware.rb:29:in `call'
actionpack (6.0.0) lib/action_dispatch/middleware/executor.rb:14:in `call'
actionpack (6.0.0) lib/action_dispatch/middleware/static.rb:126:in `call'
rack (2.0.7) lib/rack/sendfile.rb:111:in `call'
actionpack (6.0.0) lib/action_dispatch/middleware/host_authorization.rb:83:in `call'
webpacker (4.0.7) lib/webpacker/dev_server_proxy.rb:29:in `perform_request'
rack-proxy (0.6.5) lib/rack/proxy.rb:57:in `call'
railties (6.0.0) lib/rails/engine.rb:526:in `call'
puma (3.12.1) lib/puma/configuration.rb:227:in `call'
puma (3.12.1) lib/puma/server.rb:660:in `handle_request'
puma (3.12.1) lib/puma/server.rb:474:in `process_client'
puma (3.12.1) lib/puma/server.rb:334:in `block in run'
puma (3.12.1) lib/puma/thread_pool.rb:135:in `block in spawn_thread'
Started PATCH "/articles/3" for ::1 at 2019-10-17 22:05:25 +0100
  [1m[35m (0.1ms)[0m  [1m[34mSELECT sqlite_version(*)[0m
Processing by ArticlesController#update as HTML
  Parameters: {"authenticity_token"=>"ztffPwf8gKRXmxB9hxec3f4AbsD3dAISKnBOBJ1BwwCoPQ8dqCc2HqonsHGBmAOUVyfGP1bW6mThbW8I3fSoWg==", "article"=>{"title"=>"Order of the Phoenix", "body"=>"Harry goes through puberty and Sirius dies."}, "commit"=>"Update Article", "id"=>"3"}
  [1m[36mArticle Load (0.2ms)[0m  [1m[34mSELECT "articles".* FROM "articles" WHERE "articles"."id" = ? LIMIT ?[0m  [["id", 3], ["LIMIT", 1]]
  â†³ app/controllers/articles_controller.rb:34:in `update'
  [1m[35m (0.1ms)[0m  [1m[36mbegin transaction[0m
  â†³ app/controllers/articles_controller.rb:35:in `update'
  [1m[36mArticle Update (0.3ms)[0m  [1m[33mUPDATE "articles" SET "body" = ?, "updated_at" = ? WHERE "articles"."id" = ?[0m  [["body", "Harry goes through puberty and Sirius dies."], ["updated_at", "2019-10-17 21:05:26.014137"], ["id", 3]]
  â†³ app/controllers/articles_controller.rb:35:in `update'
  [1m[35m (0.8ms)[0m  [1m[36mcommit transaction[0m
  â†³ app/controllers/articles_controller.rb:35:in `update'
Redirected to http://localhost:3000/articles/3
Completed 302 Found in 14ms (ActiveRecord: 2.4ms | Allocations: 6785)


Started GET "/articles/3" for ::1 at 2019-10-17 22:05:26 +0100
Processing by ArticlesController#show as HTML
  Parameters: {"id"=>"3"}
  [1m[36mArticle Load (0.3ms)[0m  [1m[34mSELECT "articles".* FROM "articles" WHERE "articles"."id" = ? LIMIT ?[0m  [["id", 3], ["LIMIT", 1]]
  â†³ app/controllers/articles_controller.rb:10:in `show'
  Rendering articles/show.html.erb within layouts/application
  Rendered articles/show.html.erb within layouts/application (Duration: 0.3ms | Allocations: 125)
Completed 200 OK in 16ms (Views: 13.7ms | ActiveRecord: 0.3ms | Allocations: 6601)


Started GET "/articles" for ::1 at 2019-10-17 22:05:29 +0100
Processing by ArticlesController#index as HTML
  Rendering articles/index.html.erb within layouts/application
  [1m[36mArticle Load (0.3ms)[0m  [1m[34mSELECT "articles".* FROM "articles"[0m
  â†³ app/views/articles/index.html.erb:3
  Rendered articles/index.html.erb within layouts/application (Duration: 3.4ms | Allocations: 1055)
Completed 200 OK in 14ms (Views: 12.0ms | ActiveRecord: 0.3ms | Allocations: 7019)


Started GET "/articles/4" for ::1 at 2019-10-17 22:07:29 +0100
  [1m[35m (0.1ms)[0m  [1m[34mSELECT sqlite_version(*)[0m
Processing by ArticlesController#show as HTML
  Parameters: {"id"=>"4"}
  [1m[36mArticle Load (0.2ms)[0m  [1m[34mSELECT "articles".* FROM "articles" WHERE "articles"."id" = ? LIMIT ?[0m  [["id", 4], ["LIMIT", 1]]
  â†³ app/controllers/articles_controller.rb:10:in `show'
  Rendering articles/show.html.erb within layouts/application
  Rendered articles/show.html.erb within layouts/application (Duration: 0.4ms | Allocations: 126)
Completed 200 OK in 18ms (Views: 9.7ms | ActiveRecord: 0.9ms | Allocations: 10291)


Started GET "/articles/4/edit" for ::1 at 2019-10-17 22:07:31 +0100
Processing by ArticlesController#edit as HTML
  Parameters: {"id"=>"4"}
  [1m[36mArticle Load (0.1ms)[0m  [1m[34mSELECT "articles".* FROM "articles" WHERE "articles"."id" = ? LIMIT ?[0m  [["id", 4], ["LIMIT", 1]]
  â†³ app/controllers/articles_controller.rb:30:in `edit'
  Rendering articles/edit.html.erb within layouts/application
  Rendered articles/_form.html.erb (Duration: 1.7ms | Allocations: 786)
  Rendered articles/edit.html.erb within layouts/application (Duration: 2.0ms | Allocations: 850)
Completed 200 OK in 13ms (Views: 11.3ms | ActiveRecord: 0.1ms | Allocations: 7164)


Started PATCH "/articles/4" for ::1 at 2019-10-17 22:07:39 +0100
Processing by ArticlesController#update as HTML
  Parameters: {"authenticity_token"=>"S3z2J+XNRbq+ebi3pg6t2U7mBTzzrZJ2AGiPusgPrHqS21wCe69Tn8DXTy4CvLowxdpI63HNj2qUlc1Rx8OCRQ==", "article"=>{"title"=>"Deathly Hallows", "body"=>"Harry beats Voldemort. Dobby dies."}, "commit"=>"Update Article", "id"=>"4"}
  [1m[36mArticle Load (0.2ms)[0m  [1m[34mSELECT "articles".* FROM "articles" WHERE "articles"."id" = ? LIMIT ?[0m  [["id", 4], ["LIMIT", 1]]
  â†³ app/controllers/articles_controller.rb:34:in `update'
  [1m[35m (0.1ms)[0m  [1m[36mbegin transaction[0m
  â†³ app/controllers/articles_controller.rb:35:in `update'
  [1m[36mArticle Update (0.4ms)[0m  [1m[33mUPDATE "articles" SET "body" = ?, "updated_at" = ? WHERE "articles"."id" = ?[0m  [["body", "Harry beats Voldemort. Dobby dies."], ["updated_at", "2019-10-17 21:07:39.201690"], ["id", 4]]
  â†³ app/controllers/articles_controller.rb:35:in `update'
  [1m[35m (1.0ms)[0m  [1m[36mcommit transaction[0m
  â†³ app/controllers/articles_controller.rb:35:in `update'
Redirected to http://localhost:3000/articles/4
Completed 302 Found in 7ms (ActiveRecord: 1.6ms | Allocations: 3046)


Started GET "/articles/4" for ::1 at 2019-10-17 22:07:39 +0100
Processing by ArticlesController#show as HTML
  Parameters: {"id"=>"4"}
  [1m[36mArticle Load (0.2ms)[0m  [1m[34mSELECT "articles".* FROM "articles" WHERE "articles"."id" = ? LIMIT ?[0m  [["id", 4], ["LIMIT", 1]]
  â†³ app/controllers/articles_controller.rb:10:in `show'
  Rendering articles/show.html.erb within layouts/application
  Rendered articles/show.html.erb within layouts/application (Duration: 0.4ms | Allocations: 115)
Completed 200 OK in 9ms (Views: 7.1ms | ActiveRecord: 0.2ms | Allocations: 6439)


Started GET "/articles/4/edit" for ::1 at 2019-10-17 22:10:08 +0100
Processing by ArticlesController#edit as HTML
  Parameters: {"id"=>"4"}
  [1m[36mArticle Load (0.1ms)[0m  [1m[34mSELECT "articles".* FROM "articles" WHERE "articles"."id" = ? LIMIT ?[0m  [["id", 4], ["LIMIT", 1]]
  â†³ app/controllers/articles_controller.rb:30:in `edit'
  Rendering articles/edit.html.erb within layouts/application
  Rendered articles/_form.html.erb (Duration: 2.8ms | Allocations: 993)
  Rendered articles/edit.html.erb within layouts/application (Duration: 4.5ms | Allocations: 1293)
Completed 200 OK in 16ms (Views: 13.8ms | ActiveRecord: 0.1ms | Allocations: 8590)


Started PATCH "/articles/4" for ::1 at 2019-10-17 22:10:16 +0100
Processing by ArticlesController#update as HTML
  Parameters: {"authenticity_token"=>"lbBn7N7qP5xYWvRNoWmJu3EbrcC+Nu5UuVNBzXJuzWpMF83JQIgpuSb0A9QF255S+ifgFzxW80gtrgMmfaLjVQ==", "article"=>{"title"=>"Deathly Hallows", "body"=>"Harry beats Voldemort. Dobby and Hedwig die."}, "commit"=>"Update Article", "id"=>"4"}
  [1m[36mArticle Load (0.2ms)[0m  [1m[34mSELECT "articles".* FROM "articles" WHERE "articles"."id" = ? LIMIT ?[0m  [["id", 4], ["LIMIT", 1]]
  â†³ app/controllers/articles_controller.rb:34:in `update'
  [1m[35m (0.1ms)[0m  [1m[36mbegin transaction[0m
  â†³ app/controllers/articles_controller.rb:35:in `update'
  [1m[36mArticle Update (0.4ms)[0m  [1m[33mUPDATE "articles" SET "body" = ?, "updated_at" = ? WHERE "articles"."id" = ?[0m  [["body", "Harry beats Voldemort. Dobby and Hedwig die."], ["updated_at", "2019-10-17 21:10:16.614746"], ["id", 4]]
  â†³ app/controllers/articles_controller.rb:35:in `update'
  [1m[35m (0.9ms)[0m  [1m[36mcommit transaction[0m
  â†³ app/controllers/articles_controller.rb:35:in `update'
Redirected to http://localhost:3000/articles/4
Completed 302 Found in 8ms (ActiveRecord: 1.5ms | Allocations: 3038)


Started GET "/articles/4" for ::1 at 2019-10-17 22:10:16 +0100
Processing by ArticlesController#show as HTML
  Parameters: {"id"=>"4"}
  [1m[36mArticle Load (0.2ms)[0m  [1m[34mSELECT "articles".* FROM "articles" WHERE "articles"."id" = ? LIMIT ?[0m  [["id", 4], ["LIMIT", 1]]
  â†³ app/controllers/articles_controller.rb:10:in `show'
  Rendering articles/show.html.erb within layouts/application
  Rendered articles/show.html.erb within layouts/application (Duration: 1.3ms | Allocations: 273)
Completed 200 OK in 10ms (Views: 8.0ms | ActiveRecord: 0.2ms | Allocations: 6757)


Started GET "/" for ::1 at 2019-10-17 22:12:57 +0100
  [1m[35m (0.1ms)[0m  [1m[34mSELECT sqlite_version(*)[0m
Processing by ArticlesController#index as HTML
  Rendering articles/index.html.erb within layouts/application
  [1m[36mArticle Load (0.2ms)[0m  [1m[34mSELECT "articles".* FROM "articles"[0m
  â†³ app/views/articles/index.html.erb:3
  Rendered articles/index.html.erb within layouts/application (Duration: 7.1ms | Allocations: 4308)
Completed 200 OK in 23ms (Views: 18.6ms | ActiveRecord: 0.9ms | Allocations: 11375)


Started GET "/" for ::1 at 2019-10-19 14:14:17 +0100
  [1m[35m (0.2ms)[0m  [1m[34mSELECT sqlite_version(*)[0m
Processing by ArticlesController#index as HTML
  Rendering articles/index.html.erb within layouts/application
  [1m[36mArticle Load (0.7ms)[0m  [1m[34mSELECT "articles".* FROM "articles"[0m
  â†³ app/views/articles/index.html.erb:3
  Rendered articles/index.html.erb within layouts/application (Duration: 9.6ms | Allocations: 889)
Completed 200 OK in 65ms (Views: 52.5ms | ActiveRecord: 0.7ms | Allocations: 6722)


  [1m[35m (0.3ms)[0m  [1m[34mSELECT sqlite_version(*)[0m
  [1m[35m (0.8ms)[0m  [1m[34mSELECT "schema_migrations"."version" FROM "schema_migrations" ORDER BY "schema_migrations"."version" ASC[0m
Migrating to CreateComments (20191019131603)
  [1m[35m (0.1ms)[0m  [1m[36mbegin transaction[0m
  [1m[35m (0.4ms)[0m  [1m[35mCREATE TABLE "comments" ("id" integer PRIMARY KEY AUTOINCREMENT NOT NULL, "author_name" varchar, "body" text, "article_id" integer NOT NULL, "created_at" datetime(6) NOT NULL, "updated_at" datetime(6) NOT NULL, CONSTRAINT "fk_rails_3bf61a60d3"
FOREIGN KEY ("article_id")
  REFERENCES "articles" ("id")
)[0m
  [1m[35m (0.1ms)[0m  [1m[35mCREATE  INDEX "index_comments_on_article_id" ON "comments" ("article_id")[0m
  [1m[36mprimary::SchemaMigration Create (0.6ms)[0m  [1m[32mINSERT INTO "schema_migrations" ("version") VALUES (?)[0m  [["version", "20191019131603"]]
  [1m[35m (1.1ms)[0m  [1m[36mcommit transaction[0m
  [1m[36mActiveRecord::InternalMetadata Load (1.2ms)[0m  [1m[34mSELECT "ar_internal_metadata".* FROM "ar_internal_metadata" WHERE "ar_internal_metadata"."key" = ? LIMIT ?[0m  [["key", "environment"], ["LIMIT", 1]]
  [1m[35m (0.1ms)[0m  [1m[34mSELECT sqlite_version(*)[0m
  [1m[35m (0.1ms)[0m  [1m[34mSELECT "schema_migrations"."version" FROM "schema_migrations" ORDER BY "schema_migrations"."version" ASC[0m
  [1m[35m (0.8ms)[0m  [1m[34mSELECT sqlite_version(*)[0m
  [1m[36mArticle Load (0.7ms)[0m  [1m[34mSELECT "articles".* FROM "articles" ORDER BY "articles"."id" ASC LIMIT ?[0m  [["LIMIT", 1]]
  [1m[35m (0.4ms)[0m  [1m[34mSELECT sqlite_version(*)[0m
  [1m[36mArticle Load (0.2ms)[0m  [1m[34mSELECT "articles".* FROM "articles" ORDER BY "articles"."id" ASC LIMIT ?[0m  [["LIMIT", 1]]
  [1m[36mComment Load (0.6ms)[0m  [1m[34mSELECT "comments".* FROM "comments" WHERE "comments"."article_id" = ? LIMIT ?[0m  [["article_id", 1], ["LIMIT", 11]]
  [1m[36mComment Load (0.3ms)[0m  [1m[34mSELECT "comments".* FROM "comments" WHERE "comments"."article_id" = ?[0m  [["article_id", 1]]
  [1m[35m (0.1ms)[0m  [1m[36mbegin transaction[0m
  [1m[36mComment Create (2.2ms)[0m  [1m[32mINSERT INTO "comments" ("author_name", "body", "article_id", "created_at", "updated_at") VALUES (?, ?, ?, ?, ?)[0m  [["author_name", "Idiot"], ["body", "Worst article ever!!!"], ["article_id", 1], ["created_at", "2019-10-19 13:50:09.413795"], ["updated_at", "2019-10-19 13:50:09.413795"]]
  [1m[35m (0.9ms)[0m  [1m[36mcommit transaction[0m
  [1m[35m (0.1ms)[0m  [1m[36mbegin transaction[0m
  [1m[36mComment Create (0.5ms)[0m  [1m[32mINSERT INTO "comments" ("author_name", "body", "article_id", "created_at", "updated_at") VALUES (?, ?, ?, ?, ?)[0m  [["author_name", "Smart Guy"], ["body", "This was a great read!"], ["article_id", 1], ["created_at", "2019-10-19 13:50:49.389187"], ["updated_at", "2019-10-19 13:50:49.389187"]]
  [1m[35m (1.0ms)[0m  [1m[36mcommit transaction[0m
  [1m[36mArticle Load (0.3ms)[0m  [1m[34mSELECT "articles".* FROM "articles" WHERE "articles"."id" = ? LIMIT ?[0m  [["id", 1], ["LIMIT", 1]]
  [1m[36mComment Load (0.2ms)[0m  [1m[34mSELECT "comments".* FROM "comments" WHERE "comments"."article_id" = ? LIMIT ?[0m  [["article_id", 1], ["LIMIT", 11]]
Started GET "/articles/1" for ::1 at 2019-10-19 14:54:31 +0100
  [1m[35m (0.1ms)[0m  [1m[34mSELECT sqlite_version(*)[0m
  [1m[35m (0.8ms)[0m  [1m[34mSELECT "schema_migrations"."version" FROM "schema_migrations" ORDER BY "schema_migrations"."version" ASC[0m
Processing by ArticlesController#show as HTML
  Parameters: {"id"=>"1"}
  [1m[36mArticle Load (0.2ms)[0m  [1m[34mSELECT "articles".* FROM "articles" WHERE "articles"."id" = ? LIMIT ?[0m  [["id", 1], ["LIMIT", 1]]
  â†³ app/controllers/articles_controller.rb:10:in `show'
  Rendering articles/show.html.erb within layouts/application
  [1m[36mComment Load (0.2ms)[0m  [1m[34mSELECT "comments".* FROM "comments" WHERE "comments"."article_id" = ?[0m  [["article_id", 1]]
  â†³ app/views/articles/show.html.erb:4
  Rendered collection of articles/_comment.html.erb [2 times] (Duration: 0.5ms | Allocations: 153)
  Rendered articles/show.html.erb within layouts/application (Duration: 36.7ms | Allocations: 8924)
Completed 200 OK in 76ms (Views: 50.3ms | ActiveRecord: 1.3ms | Allocations: 20215)


Started GET "/articles/1" for ::1 at 2019-10-19 14:56:26 +0100
Processing by ArticlesController#show as HTML
  Parameters: {"id"=>"1"}
  [1m[36mArticle Load (0.5ms)[0m  [1m[34mSELECT "articles".* FROM "articles" WHERE "articles"."id" = ? LIMIT ?[0m  [["id", 1], ["LIMIT", 1]]
  â†³ app/controllers/articles_controller.rb:10:in `show'
  Rendering articles/show.html.erb within layouts/application
  [1m[36mComment Load (0.2ms)[0m  [1m[34mSELECT "comments".* FROM "comments" WHERE "comments"."article_id" = ?[0m  [["article_id", 1]]
  â†³ app/views/articles/show.html.erb:4
  Rendered collection of articles/_comment.html.erb [2 times] (Duration: 0.4ms | Allocations: 144)
  Rendered comments/_form.html.erb (Duration: 0.4ms | Allocations: 86)
  Rendered articles/show.html.erb within layouts/application (Duration: 4.9ms | Allocations: 1746)
Completed 200 OK in 22ms (Views: 18.5ms | ActiveRecord: 0.7ms | Allocations: 9010)


Started GET "/articles/1" for ::1 at 2019-10-19 15:08:12 +0100
  [1m[35m (0.1ms)[0m  [1m[34mSELECT sqlite_version(*)[0m
Processing by ArticlesController#show as HTML
  Parameters: {"id"=>"1"}
  [1m[36mArticle Load (0.2ms)[0m  [1m[34mSELECT "articles".* FROM "articles" WHERE "articles"."id" = ? LIMIT ?[0m  [["id", 1], ["LIMIT", 1]]
  â†³ app/controllers/articles_controller.rb:10:in `show'
  Rendering articles/show.html.erb within layouts/application
  [1m[36mComment Load (0.2ms)[0m  [1m[34mSELECT "comments".* FROM "comments" WHERE "comments"."article_id" = ?[0m  [["article_id", 1]]
  â†³ app/views/articles/show.html.erb:4
  Rendered collection of articles/_comment.html.erb [2 times] (Duration: 0.4ms | Allocations: 146)
  Rendered comments/_form.html.erb (Duration: 158.4ms | Allocations: 76040)
  Rendered articles/show.html.erb within layouts/application (Duration: 164.5ms | Allocations: 78889)
Completed 500 Internal Server Error in 178ms (ActiveRecord: 0.4ms | Allocations: 88094)


  
ActionView::Template::Error (undefined method `article_comments_path' for #<#<Class:0x00007f936517b2e0>:0x00007f9365179468>
Did you mean?  article_path):
    1: <h3>Post a Comment</h3>
    2: <%= form_for [@article , @comment] do |f| %>
    3:   <p>
    4:     <%= f.label = :author_name %><br>
    5:     <%= f.text_field = :author_name %>
  
app/views/comments/_form.html.erb:2
app/views/articles/show.html.erb:5
Started GET "/articles/1" for ::1 at 2019-10-19 15:09:41 +0100
  
SyntaxError (/Users/phil/the_odin_project/rails/blogger-project/blogger/config/routes.rb:5: syntax error, unexpected end-of-input, expecting end):
  
config/routes.rb:5: syntax error, unexpected end-of-input, expecting end
config/routes.rb:5: syntax error, unexpected end-of-input, expecting end
config/routes.rb:5: syntax error, unexpected end-of-input, expecting end
Started GET "/articles/1" for ::1 at 2019-10-19 15:10:04 +0100
  [1m[35m (0.1ms)[0m  [1m[34mSELECT sqlite_version(*)[0m
Processing by ArticlesController#show as HTML
  Parameters: {"id"=>"1"}
  [1m[36mArticle Load (0.1ms)[0m  [1m[34mSELECT "articles".* FROM "articles" WHERE "articles"."id" = ? LIMIT ?[0m  [["id", 1], ["LIMIT", 1]]
  â†³ app/controllers/articles_controller.rb:10:in `show'
  Rendering articles/show.html.erb within layouts/application
  [1m[36mComment Load (0.2ms)[0m  [1m[34mSELECT "comments".* FROM "comments" WHERE "comments"."article_id" = ?[0m  [["article_id", 1]]
  â†³ app/views/articles/show.html.erb:4
  Rendered collection of articles/_comment.html.erb [2 times] (Duration: 0.1ms | Allocations: 28)
  Rendered comments/_form.html.erb (Duration: 144.9ms | Allocations: 74443)
  Rendered articles/show.html.erb within layouts/application (Duration: 147.2ms | Allocations: 76750)
Completed 500 Internal Server Error in 160ms (ActiveRecord: 1.2ms | Allocations: 86053)


  
ActionView::Template::Error (undefined method `label=' for #<ActionView::Helpers::FormBuilder:0x00007f9365ba1a80>
Did you mean?  label):
    1: <h3>Post a Comment</h3>
    2: <%= form_for [@article , @comment] do |f| %>
    3:   <p>
    4:     <%= f.label = :author_name %><br>
    5:     <%= f.text_field = :author_name %>
    6:   </p>
    7:   <p>
  
app/views/comments/_form.html.erb:4
app/views/comments/_form.html.erb:2
app/views/articles/show.html.erb:5
Started GET "/articles/1" for ::1 at 2019-10-19 15:10:39 +0100
Processing by ArticlesController#show as HTML
  Parameters: {"id"=>"1"}
  [1m[36mArticle Load (0.2ms)[0m  [1m[34mSELECT "articles".* FROM "articles" WHERE "articles"."id" = ? LIMIT ?[0m  [["id", 1], ["LIMIT", 1]]
  â†³ app/controllers/articles_controller.rb:10:in `show'
  Rendering articles/show.html.erb within layouts/application
  [1m[36mComment Load (0.1ms)[0m  [1m[34mSELECT "comments".* FROM "comments" WHERE "comments"."article_id" = ?[0m  [["article_id", 1]]
  â†³ app/views/articles/show.html.erb:4
  Rendered collection of articles/_comment.html.erb [2 times] (Duration: 0.3ms | Allocations: 144)
  Rendered comments/_form.html.erb (Duration: 1.8ms | Allocations: 856)
  Rendered articles/show.html.erb within layouts/application (Duration: 5.1ms | Allocations: 2491)
Completed 200 OK in 15ms (Views: 12.8ms | ActiveRecord: 0.3ms | Allocations: 9786)


Started GET "/articles/1" for ::1 at 2019-10-19 15:15:35 +0100
  [1m[35m (0.1ms)[0m  [1m[34mSELECT sqlite_version(*)[0m
Processing by ArticlesController#show as HTML
  Parameters: {"id"=>"1"}
  [1m[36mArticle Load (0.1ms)[0m  [1m[34mSELECT "articles".* FROM "articles" WHERE "articles"."id" = ? LIMIT ?[0m  [["id", 1], ["LIMIT", 1]]
  â†³ app/controllers/articles_controller.rb:10:in `show'
Completed 500 Internal Server Error in 10ms (ActiveRecord: 0.6ms | Allocations: 7688)


  
NoMethodError (undefined method `comment' for #<Article:0x00007f9365c03ac8>
Did you mean?  comments
               comments=):
  
app/controllers/articles_controller.rb:11:in `show'
Started GET "/articles/1" for ::1 at 2019-10-19 15:15:45 +0100
  [1m[35m (0.1ms)[0m  [1m[34mSELECT sqlite_version(*)[0m
Processing by ArticlesController#show as HTML
  Parameters: {"id"=>"1"}
  [1m[36mArticle Load (0.2ms)[0m  [1m[34mSELECT "articles".* FROM "articles" WHERE "articles"."id" = ? LIMIT ?[0m  [["id", 1], ["LIMIT", 1]]
  â†³ app/controllers/articles_controller.rb:10:in `show'
  Rendering articles/show.html.erb within layouts/application
  [1m[36mComment Load (0.2ms)[0m  [1m[34mSELECT "comments".* FROM "comments" WHERE "comments"."article_id" = ?[0m  [["article_id", 1]]
  â†³ app/views/articles/show.html.erb:4
  Rendered collection of articles/_comment.html.erb [3 times] (Duration: 0.1ms | Allocations: 33)
  Rendered comments/_form.html.erb (Duration: 1.0ms | Allocations: 700)
  Rendered articles/show.html.erb within layouts/application (Duration: 2.6ms | Allocations: 1856)
Completed 200 OK in 20ms (Views: 7.5ms | ActiveRecord: 1.3ms | Allocations: 17466)


Started GET "/articles/1" for ::1 at 2019-10-19 15:16:01 +0100
  [1m[35m (0.1ms)[0m  [1m[34mSELECT sqlite_version(*)[0m
Processing by ArticlesController#show as HTML
  Parameters: {"id"=>"1"}
  [1m[36mArticle Load (0.1ms)[0m  [1m[34mSELECT "articles".* FROM "articles" WHERE "articles"."id" = ? LIMIT ?[0m  [["id", 1], ["LIMIT", 1]]
  â†³ app/controllers/articles_controller.rb:10:in `show'
  Rendering articles/show.html.erb within layouts/application
  [1m[36mComment Load (0.2ms)[0m  [1m[34mSELECT "comments".* FROM "comments" WHERE "comments"."article_id" = ?[0m  [["article_id", 1]]
  â†³ app/views/articles/show.html.erb:4
  Rendered collection of articles/_comment.html.erb [2 times] (Duration: 0.1ms | Allocations: 28)
  Rendered comments/_form.html.erb (Duration: 1.2ms | Allocations: 701)
  Rendered articles/show.html.erb within layouts/application (Duration: 3.5ms | Allocations: 3089)
Completed 200 OK in 23ms (Views: 10.9ms | ActiveRecord: 1.4ms | Allocations: 17666)


Started GET "/" for ::1 at 2019-10-19 15:16:21 +0100
Processing by ArticlesController#index as HTML
  Rendering articles/index.html.erb within layouts/application
  [1m[36mArticle Load (0.3ms)[0m  [1m[34mSELECT "articles".* FROM "articles"[0m
  â†³ app/views/articles/index.html.erb:3
  Rendered articles/index.html.erb within layouts/application (Duration: 4.2ms | Allocations: 1055)
Completed 200 OK in 19ms (Views: 18.0ms | ActiveRecord: 0.3ms | Allocations: 7031)


Started GET "/" for ::1 at 2019-10-19 15:19:04 +0100
Processing by ArticlesController#index as HTML
  Rendering articles/index.html.erb within layouts/application
  [1m[36mArticle Load (0.2ms)[0m  [1m[34mSELECT "articles".* FROM "articles"[0m
  â†³ app/views/articles/index.html.erb:3
  Rendered articles/index.html.erb within layouts/application (Duration: 1.6ms | Allocations: 865)
Completed 200 OK in 9ms (Views: 8.2ms | ActiveRecord: 0.2ms | Allocations: 6694)


Started GET "/" for ::1 at 2019-10-19 15:19:06 +0100
Processing by ArticlesController#index as HTML
  Rendering articles/index.html.erb within layouts/application
  [1m[36mArticle Load (0.1ms)[0m  [1m[34mSELECT "articles".* FROM "articles"[0m
  â†³ app/views/articles/index.html.erb:3
  Rendered articles/index.html.erb within layouts/application (Duration: 1.3ms | Allocations: 865)
Completed 200 OK in 36ms (Views: 35.1ms | ActiveRecord: 0.1ms | Allocations: 6706)


Started GET "/articles/1" for ::1 at 2019-10-19 15:19:07 +0100
Processing by ArticlesController#show as HTML
  Parameters: {"id"=>"1"}
  [1m[36mArticle Load (0.2ms)[0m  [1m[34mSELECT "articles".* FROM "articles" WHERE "articles"."id" = ? LIMIT ?[0m  [["id", 1], ["LIMIT", 1]]
  â†³ app/controllers/articles_controller.rb:10:in `show'
  Rendering articles/show.html.erb within layouts/application
  [1m[36mComment Load (0.2ms)[0m  [1m[34mSELECT "comments".* FROM "comments" WHERE "comments"."article_id" = ?[0m  [["article_id", 1]]
  â†³ app/views/articles/show.html.erb:4
  Rendered collection of articles/_comment.html.erb [2 times] (Duration: 0.1ms | Allocations: 26)
  Rendered comments/_form.html.erb (Duration: 1.1ms | Allocations: 594)
  Rendered articles/show.html.erb within layouts/application (Duration: 3.4ms | Allocations: 1642)
Completed 200 OK in 14ms (Views: 11.6ms | ActiveRecord: 0.3ms | Allocations: 7989)


Started GET "/articles/1" for ::1 at 2019-10-19 15:23:18 +0100
  [1m[35m (0.1ms)[0m  [1m[34mSELECT sqlite_version(*)[0m
Processing by ArticlesController#show as HTML
  Parameters: {"id"=>"1"}
  [1m[36mArticle Load (0.1ms)[0m  [1m[34mSELECT "articles".* FROM "articles" WHERE "articles"."id" = ? LIMIT ?[0m  [["id", 1], ["LIMIT", 1]]
  â†³ app/controllers/articles_controller.rb:10:in `show'
  Rendering articles/show.html.erb within layouts/application
  [1m[36mComment Load (0.2ms)[0m  [1m[34mSELECT "comments".* FROM "comments" WHERE "comments"."article_id" = ?[0m  [["article_id", 1]]
  â†³ app/views/articles/show.html.erb:4
  Rendered collection of articles/_comment.html.erb [2 times] (Duration: 0.1ms | Allocations: 28)
  Rendered comments/_form.html.erb (Duration: 1.3ms | Allocations: 701)
  Rendered articles/show.html.erb within layouts/application (Duration: 4.0ms | Allocations: 3051)
Completed 200 OK in 36ms (Views: 22.5ms | ActiveRecord: 1.2ms | Allocations: 22326)


Started GET "/articles/1" for ::1 at 2019-10-19 15:23:21 +0100
Processing by ArticlesController#show as HTML
  Parameters: {"id"=>"1"}
  [1m[36mArticle Load (0.1ms)[0m  [1m[34mSELECT "articles".* FROM "articles" WHERE "articles"."id" = ? LIMIT ?[0m  [["id", 1], ["LIMIT", 1]]
  â†³ app/controllers/articles_controller.rb:10:in `show'
  Rendering articles/show.html.erb within layouts/application
  [1m[36mComment Load (0.1ms)[0m  [1m[34mSELECT "comments".* FROM "comments" WHERE "comments"."article_id" = ?[0m  [["article_id", 1]]
  â†³ app/views/articles/show.html.erb:4
  Rendered collection of articles/_comment.html.erb [2 times] (Duration: 0.1ms | Allocations: 26)
  Rendered comments/_form.html.erb (Duration: 0.9ms | Allocations: 591)
  Rendered articles/show.html.erb within layouts/application (Duration: 2.6ms | Allocations: 1637)
Completed 200 OK in 11ms (Views: 9.7ms | ActiveRecord: 0.2ms | Allocations: 8862)


Started POST "/articles/1/comments" for ::1 at 2019-10-19 15:23:41 +0100
Processing by CommentsController#create as HTML
  Parameters: {"authenticity_token"=>"DP03/qiPYc7kotvlDBHPE2OvzB9AQRqPowh+xOT2M41qF+fcB1TXdBkee+kKnlBayohk4OHj8vloFV/IpENY1w==", "comment"=>{"author_name"=>"Phil", "body"=>"Preffy nifty eh?"}, "commit"=>"Submit", "article_id"=>"1"}
  [1m[35m (0.1ms)[0m  [1m[36mbegin transaction[0m
  â†³ app/controllers/comments_controller.rb:6:in `create'
  [1m[36mArticle Load (0.1ms)[0m  [1m[34mSELECT "articles".* FROM "articles" WHERE "articles"."id" = ? LIMIT ?[0m  [["id", 1], ["LIMIT", 1]]
  â†³ app/controllers/comments_controller.rb:6:in `create'
  [1m[36mComment Create (0.5ms)[0m  [1m[32mINSERT INTO "comments" ("author_name", "body", "article_id", "created_at", "updated_at") VALUES (?, ?, ?, ?, ?)[0m  [["author_name", "Phil"], ["body", "Preffy nifty eh?"], ["article_id", 1], ["created_at", "2019-10-19 14:23:41.934524"], ["updated_at", "2019-10-19 14:23:41.934524"]]
  â†³ app/controllers/comments_controller.rb:6:in `create'
  [1m[35m (0.9ms)[0m  [1m[36mcommit transaction[0m
  â†³ app/controllers/comments_controller.rb:6:in `create'
Redirected to http://localhost:3000/articles/1
Completed 302 Found in 8ms (ActiveRecord: 1.6ms | Allocations: 3727)


Started GET "/articles/1" for ::1 at 2019-10-19 15:23:41 +0100
Processing by ArticlesController#show as HTML
  Parameters: {"id"=>"1"}
  [1m[36mArticle Load (0.1ms)[0m  [1m[34mSELECT "articles".* FROM "articles" WHERE "articles"."id" = ? LIMIT ?[0m  [["id", 1], ["LIMIT", 1]]
  â†³ app/controllers/articles_controller.rb:10:in `show'
  Rendering articles/show.html.erb within layouts/application
  [1m[36mComment Load (0.1ms)[0m  [1m[34mSELECT "comments".* FROM "comments" WHERE "comments"."article_id" = ?[0m  [["article_id", 1]]
  â†³ app/views/articles/show.html.erb:4
  Rendered collection of articles/_comment.html.erb [3 times] (Duration: 0.1ms | Allocations: 37)
  Rendered comments/_form.html.erb (Duration: 1.2ms | Allocations: 591)
  Rendered articles/show.html.erb within layouts/application (Duration: 3.1ms | Allocations: 1665)
Completed 200 OK in 11ms (Views: 9.8ms | ActiveRecord: 0.3ms | Allocations: 8870)


Started GET "/articles/1" for ::1 at 2019-10-19 15:24:40 +0100
Processing by ArticlesController#show as HTML
  Parameters: {"id"=>"1"}
  [1m[36mArticle Load (0.2ms)[0m  [1m[34mSELECT "articles".* FROM "articles" WHERE "articles"."id" = ? LIMIT ?[0m  [["id", 1], ["LIMIT", 1]]
  â†³ app/controllers/articles_controller.rb:10:in `show'
  Rendering articles/show.html.erb within layouts/application
  [1m[35m (0.2ms)[0m  [1m[34mSELECT COUNT(*) FROM "comments" WHERE "comments"."article_id" = ?[0m  [["article_id", 1]]
  â†³ app/views/articles/show.html.erb:3
  [1m[36mComment Load (0.1ms)[0m  [1m[34mSELECT "comments".* FROM "comments" WHERE "comments"."article_id" = ?[0m  [["article_id", 1]]
  â†³ app/views/articles/show.html.erb:4
  Rendered collection of articles/_comment.html.erb [3 times] (Duration: 0.8ms | Allocations: 155)
  Rendered comments/_form.html.erb (Duration: 1.7ms | Allocations: 800)
  Rendered articles/show.html.erb within layouts/application (Duration: 6.8ms | Allocations: 3181)
Completed 200 OK in 19ms (Views: 16.2ms | ActiveRecord: 0.5ms | Allocations: 11327)


Started GET "/articles/1" for ::1 at 2019-10-19 15:25:08 +0100
Processing by ArticlesController#show as HTML
  Parameters: {"id"=>"1"}
  [1m[36mArticle Load (0.1ms)[0m  [1m[34mSELECT "articles".* FROM "articles" WHERE "articles"."id" = ? LIMIT ?[0m  [["id", 1], ["LIMIT", 1]]
  â†³ app/controllers/articles_controller.rb:10:in `show'
  Rendering articles/show.html.erb within layouts/application
  [1m[35m (0.2ms)[0m  [1m[34mSELECT COUNT(*) FROM "comments" WHERE "comments"."article_id" = ?[0m  [["article_id", 1]]
  â†³ app/views/articles/show.html.erb:3
  [1m[36mComment Load (0.1ms)[0m  [1m[34mSELECT "comments".* FROM "comments" WHERE "comments"."article_id" = ?[0m  [["article_id", 1]]
  â†³ app/views/articles/show.html.erb:4
  Rendered collection of articles/_comment.html.erb [3 times] (Duration: 0.4ms | Allocations: 155)
  Rendered comments/_form.html.erb (Duration: 0.6ms | Allocations: 1268)
  Rendered articles/show.html.erb within layouts/application (Duration: 5.4ms | Allocations: 3521)
Completed 500 Internal Server Error in 10ms (ActiveRecord: 0.5ms | Allocations: 5202)


  
ActionView::SyntaxErrorInTemplate (Encountered a syntax error while rendering template: check <h3>Post a Comment</h3>
<%= form_for [@article , @comment] do |f| %>
  <p>
    <%= f.label :author_name 'Your Name' %><br>
    <%= f.text_field :author_name %>
  </p>
  <p>
    <%= f.label :body 'Your Comment' %><br>
    <%= f.text_area :body %>
  </p>
  <p>
    <%= f.submit 'Submit' %>
  </p>
<% end %>

):
1:    <h3>Post a Comment</h3>
2:    <%= form_for [@article , @comment] do |f| %>
3:      <p>
4:        <%= f.label :author_name 'Your Name' %><br>
5:        <%= f.text_field :author_name %>
6:      </p>
7:      <p>
8:        <%= f.label :body 'Your Comment' %><br>
9:        <%= f.text_area :body %>
10:      </p>
11:      <p>
12:        <%= f.submit 'Submit' %>
13:      </p>
14:    <% end %>
  
app/views/comments/_form.html.erb:4: syntax error, unexpected tSTRING_BEG, expecting ')'
app/views/comments/_form.html.erb:8: syntax error, unexpected tSTRING_BEG, expecting ')'
app/views/comments/_form.html.erb:4: syntax error, unexpected tSTRING_BEG, expecting ')'
app/views/comments/_form.html.erb:8: syntax error, unexpected tSTRING_BEG, expecting ')'
app/views/comments/_form.html.erb:4: syntax error, unexpected tSTRING_BEG, expecting ')'
app/views/comments/_form.html.erb:8: syntax error, unexpected tSTRING_BEG, expecting ')'
app/views/comments/_form.html.erb:4: syntax error, unexpected tSTRING_BEG, expecting ')'
app/views/comments/_form.html.erb:8: syntax error, unexpected tSTRING_BEG, expecting ')'
app/views/comments/_form.html.erb:4: syntax error, unexpected tSTRING_BEG, expecting ')'
app/views/comments/_form.html.erb:8: syntax error, unexpected tSTRING_BEG, expecting ')'
app/views/comments/_form.html.erb:4: syntax error, unexpected tSTRING_BEG, expecting ')'
app/views/comments/_form.html.erb:8: syntax error, unexpected tSTRING_BEG, expecting ')'
app/views/articles/show.html.erb:5
Started GET "/articles/1" for ::1 at 2019-10-19 15:25:29 +0100
Processing by ArticlesController#show as HTML
  Parameters: {"id"=>"1"}
  [1m[36mArticle Load (0.2ms)[0m  [1m[34mSELECT "articles".* FROM "articles" WHERE "articles"."id" = ? LIMIT ?[0m  [["id", 1], ["LIMIT", 1]]
  â†³ app/controllers/articles_controller.rb:10:in `show'
  Rendering articles/show.html.erb within layouts/application
  [1m[35m (0.2ms)[0m  [1m[34mSELECT COUNT(*) FROM "comments" WHERE "comments"."article_id" = ?[0m  [["article_id", 1]]
  â†³ app/views/articles/show.html.erb:3
  [1m[36mComment Load (0.1ms)[0m  [1m[34mSELECT "comments".* FROM "comments" WHERE "comments"."article_id" = ?[0m  [["article_id", 1]]
  â†³ app/views/articles/show.html.erb:4
  Rendered collection of articles/_comment.html.erb [3 times] (Duration: 0.4ms | Allocations: 155)
  Rendered comments/_form.html.erb (Duration: 1.1ms | Allocations: 574)
  Rendered articles/show.html.erb within layouts/application (Duration: 5.1ms | Allocations: 2910)
Completed 200 OK in 16ms (Views: 13.5ms | ActiveRecord: 0.4ms | Allocations: 11063)


Started GET "/articles/1" for ::1 at 2019-10-19 15:27:00 +0100
Processing by ArticlesController#show as HTML
  Parameters: {"id"=>"1"}
  [1m[36mArticle Load (0.2ms)[0m  [1m[34mSELECT "articles".* FROM "articles" WHERE "articles"."id" = ? LIMIT ?[0m  [["id", 1], ["LIMIT", 1]]
  â†³ app/controllers/articles_controller.rb:10:in `show'
  Rendering articles/show.html.erb within layouts/application
  [1m[35m (0.2ms)[0m  [1m[34mSELECT COUNT(*) FROM "comments" WHERE "comments"."article_id" = ?[0m  [["article_id", 1]]
  â†³ app/views/articles/show.html.erb:3
  [1m[36mComment Load (0.1ms)[0m  [1m[34mSELECT "comments".* FROM "comments" WHERE "comments"."article_id" = ?[0m  [["article_id", 1]]
  â†³ app/views/articles/show.html.erb:4
  Rendered collection of articles/_comment.html.erb [3 times] (Duration: 0.9ms | Allocations: 378)
  Rendered comments/_form.html.erb (Duration: 0.9ms | Allocations: 572)
  Rendered articles/show.html.erb within layouts/application (Duration: 5.4ms | Allocations: 3128)
Completed 200 OK in 16ms (Views: 13.3ms | ActiveRecord: 0.4ms | Allocations: 11271)


  [1m[35m (0.7ms)[0m  [1m[34mSELECT sqlite_version(*)[0m
  [1m[35m (0.1ms)[0m  [1m[34mSELECT "schema_migrations"."version" FROM "schema_migrations" ORDER BY "schema_migrations"."version" ASC[0m
Migrating to CreateTags (20191019143117)
  [1m[35m (0.1ms)[0m  [1m[36mbegin transaction[0m
  [1m[35m (0.4ms)[0m  [1m[35mCREATE TABLE "tags" ("id" integer PRIMARY KEY AUTOINCREMENT NOT NULL, "name" varchar, "created_at" datetime(6) NOT NULL, "updated_at" datetime(6) NOT NULL)[0m
  [1m[36mprimary::SchemaMigration Create (0.2ms)[0m  [1m[32mINSERT INTO "schema_migrations" ("version") VALUES (?)[0m  [["version", "20191019143117"]]
  [1m[35m (1.0ms)[0m  [1m[36mcommit transaction[0m
Migrating to CreateTaggings (20191019143146)
  [1m[35m (0.0ms)[0m  [1m[36mbegin transaction[0m
  [1m[35m (0.3ms)[0m  [1m[35mCREATE TABLE "taggings" ("id" integer PRIMARY KEY AUTOINCREMENT NOT NULL, "tag_id" integer NOT NULL, "article_id" integer NOT NULL, "created_at" datetime(6) NOT NULL, "updated_at" datetime(6) NOT NULL, CONSTRAINT "fk_rails_9fcd2e236b"
FOREIGN KEY ("tag_id")
  REFERENCES "tags" ("id")
, CONSTRAINT "fk_rails_50f62c287b"
FOREIGN KEY ("article_id")
  REFERENCES "articles" ("id")
)[0m
  [1m[35m (0.1ms)[0m  [1m[35mCREATE  INDEX "index_taggings_on_tag_id" ON "taggings" ("tag_id")[0m
  [1m[35m (0.1ms)[0m  [1m[35mCREATE  INDEX "index_taggings_on_article_id" ON "taggings" ("article_id")[0m
  [1m[36mprimary::SchemaMigration Create (0.1ms)[0m  [1m[32mINSERT INTO "schema_migrations" ("version") VALUES (?)[0m  [["version", "20191019143146"]]
  [1m[35m (1.0ms)[0m  [1m[36mcommit transaction[0m
  [1m[36mActiveRecord::InternalMetadata Load (0.2ms)[0m  [1m[34mSELECT "ar_internal_metadata".* FROM "ar_internal_metadata" WHERE "ar_internal_metadata"."key" = ? LIMIT ?[0m  [["key", "environment"], ["LIMIT", 1]]
  [1m[35m (0.0ms)[0m  [1m[34mSELECT sqlite_version(*)[0m
  [1m[35m (0.1ms)[0m  [1m[34mSELECT "schema_migrations"."version" FROM "schema_migrations" ORDER BY "schema_migrations"."version" ASC[0m
Started GET "/articles/1" for ::1 at 2019-10-19 15:47:23 +0100
  [1m[35m (0.1ms)[0m  [1m[34mSELECT sqlite_version(*)[0m
  [1m[35m (0.8ms)[0m  [1m[34mSELECT "schema_migrations"."version" FROM "schema_migrations" ORDER BY "schema_migrations"."version" ASC[0m
Processing by ArticlesController#show as HTML
  Parameters: {"id"=>"1"}
Completed 500 Internal Server Error in 2ms (ActiveRecord: 0.0ms | Allocations: 1089)


  
SyntaxError (/Users/phil/the_odin_project/rails/blogger-project/blogger/app/models/article.rb:4: syntax error, unexpected tSYMBEG, expecting do or '{' or '('
    has_many :tags, through :taggings
                            ^):
  
app/models/article.rb:4: syntax error, unexpected tSYMBEG, expecting do or '{' or '('
app/models/article.rb:4: syntax error, unexpected tSYMBEG, expecting do or '{' or '('
app/models/article.rb:4: syntax error, unexpected tSYMBEG, expecting do or '{' or '('
app/controllers/articles_controller.rb:10:in `show'
Started GET "/articles/1" for ::1 at 2019-10-19 15:48:38 +0100
  [1m[35m (0.1ms)[0m  [1m[34mSELECT sqlite_version(*)[0m
Processing by ArticlesController#show as HTML
  Parameters: {"id"=>"1"}
  [1m[36mArticle Load (0.6ms)[0m  [1m[34mSELECT "articles".* FROM "articles" WHERE "articles"."id" = ? LIMIT ?[0m  [["id", 1], ["LIMIT", 1]]
  â†³ app/controllers/articles_controller.rb:10:in `show'
  Rendering articles/show.html.erb within layouts/application
  [1m[35m (0.9ms)[0m  [1m[34mSELECT COUNT(*) FROM "comments" WHERE "comments"."article_id" = ?[0m  [["article_id", 1]]
  â†³ app/views/articles/show.html.erb:3
  [1m[36mComment Load (0.9ms)[0m  [1m[34mSELECT "comments".* FROM "comments" WHERE "comments"."article_id" = ?[0m  [["article_id", 1]]
  â†³ app/views/articles/show.html.erb:4
  Rendered collection of articles/_comment.html.erb [3 times] (Duration: 1.5ms | Allocations: 367)
  Rendered comments/_form.html.erb (Duration: 2.3ms | Allocations: 673)
  Rendered articles/show.html.erb within layouts/application (Duration: 11.0ms | Allocations: 4528)
Completed 200 OK in 45ms (Views: 28.0ms | ActiveRecord: 3.2ms | Allocations: 21916)


Started GET "/articles" for ::1 at 2019-10-19 15:48:44 +0100
Processing by ArticlesController#index as HTML
  Rendering articles/index.html.erb within layouts/application
  [1m[36mArticle Load (0.2ms)[0m  [1m[34mSELECT "articles".* FROM "articles"[0m
  â†³ app/views/articles/index.html.erb:3
  Rendered articles/index.html.erb within layouts/application (Duration: 2.8ms | Allocations: 1054)
Completed 200 OK in 14ms (Views: 12.8ms | ActiveRecord: 0.2ms | Allocations: 7894)


Started GET "/articles/new" for ::1 at 2019-10-19 15:48:47 +0100
Processing by ArticlesController#new as HTML
  Rendering articles/new.html.erb within layouts/application
  Rendered articles/_form.html.erb (Duration: 7.5ms | Allocations: 3750)
  Rendered articles/new.html.erb within layouts/application (Duration: 8.9ms | Allocations: 4042)
Completed 500 Internal Server Error in 10ms (ActiveRecord: 0.0ms | Allocations: 4610)


  
ActionView::Template::Error (undefined method `tag_list' for #<Article:0x00007f9364e7a690>
Did you mean?  tag_ids):
    13: </p>
    14: <p>
    15:   <%= f.label :tag_list %><br />
    16:   <%= f.text_field :tag_list %>
    17: </p>
    18: <p>
    19:   <%= f.submit %>
  
app/views/articles/_form.html.erb:16
app/views/articles/_form.html.erb:1
app/views/articles/new.html.erb:2
Started GET "/articles/new" for ::1 at 2019-10-19 15:58:51 +0100
  [1m[35m (0.1ms)[0m  [1m[34mSELECT sqlite_version(*)[0m
  
SyntaxError (/Users/phil/the_odin_project/rails/blogger-project/blogger/app/controllers/articles_controller.rb:50: syntax error, unexpected ':', expecting ';' or '\n'
    class Tag < ActiveRecord: :Base
                            ^
/Users/phil/the_odin_project/rails/blogger-project/blogger/app/controllers/articles_controller.rb:60: syntax error, unexpected end, expecting end-of-input):
  
app/controllers/articles_controller.rb:50: syntax error, unexpected ':', expecting ';' or '\n'
app/controllers/articles_controller.rb:60: syntax error, unexpected end, expecting end-of-input
app/controllers/articles_controller.rb:50: syntax error, unexpected ':', expecting ';' or '\n'
app/controllers/articles_controller.rb:60: syntax error, unexpected end, expecting end-of-input
app/controllers/articles_controller.rb:50: syntax error, unexpected ':', expecting ';' or '\n'
app/controllers/articles_controller.rb:60: syntax error, unexpected end, expecting end-of-input
Started GET "/articles/new" for ::1 at 2019-10-19 16:01:13 +0100
  [1m[35m (0.1ms)[0m  [1m[34mSELECT sqlite_version(*)[0m
Processing by ArticlesController#new as HTML
  Rendering articles/new.html.erb within layouts/application
  Rendered articles/_form.html.erb (Duration: 5.7ms | Allocations: 3447)
  Rendered articles/new.html.erb within layouts/application (Duration: 6.0ms | Allocations: 3514)
Completed 500 Internal Server Error in 16ms (ActiveRecord: 0.6ms | Allocations: 9144)


  
ActionView::Template::Error (undefined method `tag_list' for #<Article:0x00007f935d726558>
Did you mean?  tag_ids):
    13: </p>
    14: <p>
    15:   <%= f.label :tag_list %><br />
    16:   <%= f.text_field :tag_list %>
    17: </p>
    18: <p>
    19:   <%= f.submit %>
  
app/views/articles/_form.html.erb:16
app/views/articles/_form.html.erb:1
app/views/articles/new.html.erb:2
Started GET "/articles/new" for ::1 at 2019-10-19 16:02:09 +0100
  [1m[35m (0.1ms)[0m  [1m[34mSELECT sqlite_version(*)[0m
Processing by ArticlesController#new as HTML
  Rendering articles/new.html.erb within layouts/application
  Rendered articles/_form.html.erb (Duration: 5.1ms | Allocations: 3447)
  Rendered articles/new.html.erb within layouts/application (Duration: 5.3ms | Allocations: 3514)
Completed 500 Internal Server Error in 14ms (ActiveRecord: 0.6ms | Allocations: 9144)


  
ActionView::Template::Error (undefined method `tag_list' for #<Article:0x00007f936504b2a8>
Did you mean?  tag_ids):
    13: </p>
    14: <p>
    15:   <%= f.label :tag_list %><br />
    16:   <%= f.text_field :tag_list %>
    17: </p>
    18: <p>
    19:   <%= f.submit %>
  
app/views/articles/_form.html.erb:16
app/views/articles/_form.html.erb:1
app/views/articles/new.html.erb:2
Started GET "/articles/new" for ::1 at 2019-10-19 16:03:14 +0100
  [1m[35m (0.1ms)[0m  [1m[34mSELECT sqlite_version(*)[0m
Processing by ArticlesController#new as HTML
  Rendering articles/new.html.erb within layouts/application
  Rendered articles/_form.html.erb (Duration: 5.4ms | Allocations: 3448)
  Rendered articles/new.html.erb within layouts/application (Duration: 5.6ms | Allocations: 3515)
Completed 500 Internal Server Error in 12ms (ActiveRecord: 0.5ms | Allocations: 9145)


  
ActionView::Template::Error (undefined method `tag_list' for #<Article:0x00007f9365a88c48>
Did you mean?  tag_ids):
    13: </p>
    14: <p>
    15:   <%= f.label :tag_list %><br />
    16:   <%= f.text_field :tag_list %>
    17: </p>
    18: <p>
    19:   <%= f.submit %>
  
app/views/articles/_form.html.erb:16
app/views/articles/_form.html.erb:1
app/views/articles/new.html.erb:2
Started GET "/articles/new" for ::1 at 2019-10-19 16:04:53 +0100
  [1m[35m (0.1ms)[0m  [1m[34mSELECT sqlite_version(*)[0m
Processing by ArticlesController#new as HTML
  Rendering articles/new.html.erb within layouts/application
  Rendered articles/_form.html.erb (Duration: 4.5ms | Allocations: 3447)
  Rendered articles/new.html.erb within layouts/application (Duration: 4.7ms | Allocations: 3514)
Completed 500 Internal Server Error in 11ms (ActiveRecord: 0.5ms | Allocations: 9144)


  
ActionView::Template::Error (undefined method `tag_list' for #<Article:0x00007f9364b6b0f8>
Did you mean?  tag_ids):
    13: </p>
    14: <p>
    15:   <%= f.label :tag_list %><br />
    16:   <%= f.text_field :tag_list %>
    17: </p>
    18: <p>
    19:   <%= f.submit %>
  
app/views/articles/_form.html.erb:16
app/views/articles/_form.html.erb:1
app/views/articles/new.html.erb:2
Started GET "/articles/new" for ::1 at 2019-10-19 16:08:03 +0100
  [1m[35m (0.0ms)[0m  [1m[34mSELECT sqlite_version(*)[0m
Processing by ArticlesController#new as HTML
  Rendering articles/new.html.erb within layouts/application
  Rendered articles/_form.html.erb (Duration: 16.0ms | Allocations: 5343)
  Rendered articles/new.html.erb within layouts/application (Duration: 16.2ms | Allocations: 5407)
Completed 200 OK in 36ms (Views: 29.3ms | ActiveRecord: 0.7ms | Allocations: 17282)


Started POST "/articles" for ::1 at 2019-10-19 16:09:14 +0100
  [1m[35m (0.1ms)[0m  [1m[34mSELECT sqlite_version(*)[0m
Processing by ArticlesController#create as HTML
  Parameters: {"authenticity_token"=>"Ohc14Wro4JyuNwp0N0CHWhTuKvvJYMTHqpCSw/uXDjpc/eXDxTNWJlOLqngxzxgTvcmCBGjCLLFhjbPPuyJlYA==", "article"=>{"title"=>"Tag test article", "body"=>"La la la", "tag_list"=>"ruby,technology"}, "commit"=>"Create Article"}
[31mUnpermitted parameter: :tag_list[0m
  [1m[35m (0.0ms)[0m  [1m[36mbegin transaction[0m
  â†³ app/controllers/articles_controller.rb:21:in `create'
  [1m[36mArticle Create (2.5ms)[0m  [1m[32mINSERT INTO "articles" ("title", "body", "created_at", "updated_at") VALUES (?, ?, ?, ?)[0m  [["title", "Tag test article"], ["body", "La la la"], ["created_at", "2019-10-19 15:09:14.521622"], ["updated_at", "2019-10-19 15:09:14.521622"]]
  â†³ app/controllers/articles_controller.rb:21:in `create'
  [1m[35m (1.0ms)[0m  [1m[36mcommit transaction[0m
  â†³ app/controllers/articles_controller.rb:21:in `create'
Redirected to http://localhost:3000/articles/9
Completed 302 Found in 13ms (ActiveRecord: 4.0ms | Allocations: 7684)


Started GET "/articles/9" for ::1 at 2019-10-19 16:09:14 +0100
Processing by ArticlesController#show as HTML
  Parameters: {"id"=>"9"}
  [1m[36mArticle Load (0.2ms)[0m  [1m[34mSELECT "articles".* FROM "articles" WHERE "articles"."id" = ? LIMIT ?[0m  [["id", 9], ["LIMIT", 1]]
  â†³ app/controllers/articles_controller.rb:10:in `show'
  Rendering articles/show.html.erb within layouts/application
  [1m[35m (0.6ms)[0m  [1m[34mSELECT COUNT(*) FROM "comments" WHERE "comments"."article_id" = ?[0m  [["article_id", 9]]
  â†³ app/views/articles/show.html.erb:3
  Rendered collection of articles/_comment.html.erb [0 times] (Duration: 0.0ms | Allocations: 3)
  Rendered comments/_form.html.erb (Duration: 0.9ms | Allocations: 472)
  Rendered articles/show.html.erb within layouts/application (Duration: 3.4ms | Allocations: 2059)
Completed 200 OK in 17ms (Views: 9.8ms | ActiveRecord: 1.1ms | Allocations: 13442)


Started GET "/articles/9/edit" for ::1 at 2019-10-19 16:09:31 +0100
Processing by ArticlesController#edit as HTML
  Parameters: {"id"=>"9"}
  [1m[36mArticle Load (0.1ms)[0m  [1m[34mSELECT "articles".* FROM "articles" WHERE "articles"."id" = ? LIMIT ?[0m  [["id", 9], ["LIMIT", 1]]
  â†³ app/controllers/articles_controller.rb:38:in `edit'
  Rendering articles/edit.html.erb within layouts/application
  [1m[36mTag Load (0.5ms)[0m  [1m[34mSELECT "tags".* FROM "tags" INNER JOIN "taggings" ON "tags"."id" = "taggings"."tag_id" WHERE "taggings"."article_id" = ?[0m  [["article_id", 9]]
  â†³ app/models/article.rb:7:in `tag_list'
  Rendered articles/_form.html.erb (Duration: 12.6ms | Allocations: 7075)
  Rendered articles/edit.html.erb within layouts/application (Duration: 14.4ms | Allocations: 7235)
Completed 200 OK in 23ms (Views: 19.4ms | ActiveRecord: 1.7ms | Allocations: 14467)


Started PATCH "/articles/9" for ::1 at 2019-10-19 16:10:18 +0100
  [1m[35m (0.2ms)[0m  [1m[34mSELECT sqlite_version(*)[0m
Processing by ArticlesController#update as HTML
  Parameters: {"authenticity_token"=>"ZHhQBlAUBchdenldtsBpR5OnqaVnRRs8G7Zraj7iC0tVAMdcY/OH1/4xKV40YXmDXb5nctaQHEs3r4XBGlVVXw==", "article"=>{"title"=>"Tag test article", "body"=>"La la la", "tag_list"=>"ruby, programming"}, "commit"=>"Update Article", "id"=>"9"}
  [1m[36mArticle Load (0.1ms)[0m  [1m[34mSELECT "articles".* FROM "articles" WHERE "articles"."id" = ? LIMIT ?[0m  [["id", 9], ["LIMIT", 1]]
  â†³ app/controllers/articles_controller.rb:42:in `update'
[31mUnpermitted parameter: :tag_list[0m
Redirected to http://localhost:3000/articles/9
Completed 302 Found in 9ms (ActiveRecord: 0.6ms | Allocations: 6465)


Started GET "/articles/9" for ::1 at 2019-10-19 16:10:18 +0100
Processing by ArticlesController#show as HTML
  Parameters: {"id"=>"9"}
  [1m[36mArticle Load (0.2ms)[0m  [1m[34mSELECT "articles".* FROM "articles" WHERE "articles"."id" = ? LIMIT ?[0m  [["id", 9], ["LIMIT", 1]]
  â†³ app/controllers/articles_controller.rb:10:in `show'
  Rendering articles/show.html.erb within layouts/application
  [1m[35m (0.1ms)[0m  [1m[34mSELECT COUNT(*) FROM "comments" WHERE "comments"."article_id" = ?[0m  [["article_id", 9]]
  â†³ app/views/articles/show.html.erb:3
  Rendered collection of articles/_comment.html.erb [0 times] (Duration: 0.0ms | Allocations: 3)
  Rendered comments/_form.html.erb (Duration: 0.9ms | Allocations: 472)
  Rendered articles/show.html.erb within layouts/application (Duration: 2.9ms | Allocations: 2058)
Completed 200 OK in 15ms (Views: 8.9ms | ActiveRecord: 0.7ms | Allocations: 13311)


Started GET "/articles/9/edit" for ::1 at 2019-10-19 16:10:21 +0100
Processing by ArticlesController#edit as HTML
  Parameters: {"id"=>"9"}
  [1m[36mArticle Load (0.1ms)[0m  [1m[34mSELECT "articles".* FROM "articles" WHERE "articles"."id" = ? LIMIT ?[0m  [["id", 9], ["LIMIT", 1]]
  â†³ app/controllers/articles_controller.rb:38:in `edit'
  Rendering articles/edit.html.erb within layouts/application
  [1m[36mTag Load (0.1ms)[0m  [1m[34mSELECT "tags".* FROM "tags" INNER JOIN "taggings" ON "tags"."id" = "taggings"."tag_id" WHERE "taggings"."article_id" = ?[0m  [["article_id", 9]]
  â†³ app/models/article.rb:7:in `tag_list'
  Rendered articles/_form.html.erb (Duration: 12.3ms | Allocations: 7020)
  Rendered articles/edit.html.erb within layouts/application (Duration: 12.4ms | Allocations: 7084)
Completed 200 OK in 21ms (Views: 18.2ms | ActiveRecord: 1.4ms | Allocations: 14185)


Started PATCH "/articles/9" for ::1 at 2019-10-19 16:12:06 +0100
  [1m[35m (0.1ms)[0m  [1m[34mSELECT sqlite_version(*)[0m
Processing by ArticlesController#update as HTML
  Parameters: {"authenticity_token"=>"lrnZBiflkzy3u8kmsn76J27zuPVy/T2GD3G3ms5XHZKnwU5cFAIRIxTwmSUw3+rjoOp2IsMoOvEjaFkx6uBDhg==", "article"=>{"title"=>"Tag test article", "body"=>"La la la", "tag_list"=>"ruby,programming"}, "commit"=>"Update Article", "id"=>"9"}
  [1m[36mArticle Load (0.1ms)[0m  [1m[34mSELECT "articles".* FROM "articles" WHERE "articles"."id" = ? LIMIT ?[0m  [["id", 9], ["LIMIT", 1]]
  â†³ app/controllers/articles_controller.rb:42:in `update'
Completed 500 Internal Server Error in 9ms (ActiveRecord: 0.6ms | Allocations: 6501)


  
ActiveModel::UnknownAttributeError (unknown attribute 'tag_list' for Article.):
  
app/controllers/articles_controller.rb:43:in `update'
Started PATCH "/articles/9" for ::1 at 2019-10-19 16:14:35 +0100
  [1m[35m (0.1ms)[0m  [1m[34mSELECT sqlite_version(*)[0m
Processing by ArticlesController#update as HTML
  Parameters: {"authenticity_token"=>"lrnZBiflkzy3u8kmsn76J27zuPVy/T2GD3G3ms5XHZKnwU5cFAIRIxTwmSUw3+rjoOp2IsMoOvEjaFkx6uBDhg==", "article"=>{"title"=>"Tag test article", "body"=>"La la la", "tag_list"=>"ruby,programming"}, "commit"=>"Update Article", "id"=>"9"}
Completed 500 Internal Server Error in 1ms (ActiveRecord: 0.0ms | Allocations: 1193)


  
SyntaxError (/Users/phil/the_odin_project/rails/blogger-project/blogger/app/models/article.rb:6: syntax error, unexpected '=', expecting ';' or '\n'
    def tag_list = (tags_string)
                 ^
/Users/phil/the_odin_project/rails/blogger-project/blogger/app/models/article.rb:12: syntax error, unexpected end, expecting end-of-input):
  
app/models/article.rb:6: syntax error, unexpected '=', expecting ';' or '\n'
app/models/article.rb:12: syntax error, unexpected end, expecting end-of-input
app/models/article.rb:6: syntax error, unexpected '=', expecting ';' or '\n'
app/models/article.rb:12: syntax error, unexpected end, expecting end-of-input
app/models/article.rb:6: syntax error, unexpected '=', expecting ';' or '\n'
app/models/article.rb:12: syntax error, unexpected end, expecting end-of-input
app/controllers/articles_controller.rb:42:in `update'
Started PATCH "/articles/9" for ::1 at 2019-10-19 16:14:56 +0100
  [1m[35m (0.1ms)[0m  [1m[34mSELECT sqlite_version(*)[0m
Processing by ArticlesController#update as HTML
  Parameters: {"authenticity_token"=>"lrnZBiflkzy3u8kmsn76J27zuPVy/T2GD3G3ms5XHZKnwU5cFAIRIxTwmSUw3+rjoOp2IsMoOvEjaFkx6uBDhg==", "article"=>{"title"=>"Tag test article", "body"=>"La la la", "tag_list"=>"ruby,programming"}, "commit"=>"Update Article", "id"=>"9"}
  [1m[36mArticle Load (0.1ms)[0m  [1m[34mSELECT "articles".* FROM "articles" WHERE "articles"."id" = ? LIMIT ?[0m  [["id", 9], ["LIMIT", 1]]
  â†³ app/controllers/articles_controller.rb:42:in `update'
Redirected to http://localhost:3000/articles/9
Completed 302 Found in 9ms (ActiveRecord: 0.6ms | Allocations: 6551)


Started GET "/articles/9" for ::1 at 2019-10-19 16:14:56 +0100
Processing by ArticlesController#show as HTML
  Parameters: {"id"=>"9"}
  [1m[36mArticle Load (0.1ms)[0m  [1m[34mSELECT "articles".* FROM "articles" WHERE "articles"."id" = ? LIMIT ?[0m  [["id", 9], ["LIMIT", 1]]
  â†³ app/controllers/articles_controller.rb:10:in `show'
  Rendering articles/show.html.erb within layouts/application
  [1m[35m (0.2ms)[0m  [1m[34mSELECT COUNT(*) FROM "comments" WHERE "comments"."article_id" = ?[0m  [["article_id", 9]]
  â†³ app/views/articles/show.html.erb:3
  Rendered collection of articles/_comment.html.erb [0 times] (Duration: 0.0ms | Allocations: 3)
  Rendered comments/_form.html.erb (Duration: 0.8ms | Allocations: 472)
  Rendered articles/show.html.erb within layouts/application (Duration: 2.8ms | Allocations: 2060)
Completed 200 OK in 16ms (Views: 9.1ms | ActiveRecord: 0.6ms | Allocations: 13316)


  [1m[35m (1.0ms)[0m  [1m[34mSELECT sqlite_version(*)[0m
  [1m[36mArticle Load (0.1ms)[0m  [1m[34mSELECT "articles".* FROM "articles" ORDER BY "articles"."id" DESC LIMIT ?[0m  [["LIMIT", 1]]
  [1m[36mTag Load (0.3ms)[0m  [1m[34mSELECT "tags".* FROM "tags" INNER JOIN "taggings" ON "tags"."id" = "taggings"."tag_id" WHERE "taggings"."article_id" = ? LIMIT ?[0m  [["article_id", 9], ["LIMIT", 11]]
  [1m[35m (0.1ms)[0m  [1m[34mSELECT sqlite_version(*)[0m
  [1m[36mTag Load (0.1ms)[0m  [1m[34mSELECT "tags".* FROM "tags" WHERE "tags"."name" = ? LIMIT ?[0m  [["name", "ruby"], ["LIMIT", 1]]
  [1m[35m (0.1ms)[0m  [1m[36mbegin transaction[0m
  [1m[36mTag Create (1.6ms)[0m  [1m[32mINSERT INTO "tags" ("name", "created_at", "updated_at") VALUES (?, ?, ?)[0m  [["name", "ruby"], ["created_at", "2019-10-19 15:27:28.858654"], ["updated_at", "2019-10-19 15:27:28.858654"]]
  [1m[35m (1.4ms)[0m  [1m[36mcommit transaction[0m
  [1m[36mTag Load (0.1ms)[0m  [1m[34mSELECT "tags".* FROM "tags" WHERE "tags"."name" = ? LIMIT ?[0m  [["name", "technology"], ["LIMIT", 1]]
  [1m[35m (0.0ms)[0m  [1m[36mbegin transaction[0m
  [1m[36mTag Create (0.3ms)[0m  [1m[32mINSERT INTO "tags" ("name", "created_at", "updated_at") VALUES (?, ?, ?)[0m  [["name", "technology"], ["created_at", "2019-10-19 15:27:28.864477"], ["updated_at", "2019-10-19 15:27:28.864477"]]
  [1m[35m (1.8ms)[0m  [1m[36mcommit transaction[0m
  [1m[35m (0.1ms)[0m  [1m[36mbegin transaction[0m
  [1m[36mArticle Create (0.3ms)[0m  [1m[32mINSERT INTO "articles" ("title", "body", "created_at", "updated_at") VALUES (?, ?, ?, ?)[0m  [["title", "Tag test article"], ["body", "La la la"], ["created_at", "2019-10-19 15:27:28.884519"], ["updated_at", "2019-10-19 15:27:28.884519"]]
  [1m[36mTagging Create (0.2ms)[0m  [1m[32mINSERT INTO "taggings" ("tag_id", "article_id", "created_at", "updated_at") VALUES (?, ?, ?, ?)[0m  [["tag_id", 1], ["article_id", 10], ["created_at", "2019-10-19 15:27:28.885849"], ["updated_at", "2019-10-19 15:27:28.885849"]]
  [1m[36mTagging Create (0.1ms)[0m  [1m[32mINSERT INTO "taggings" ("tag_id", "article_id", "created_at", "updated_at") VALUES (?, ?, ?, ?)[0m  [["tag_id", 2], ["article_id", 10], ["created_at", "2019-10-19 15:27:28.886542"], ["updated_at", "2019-10-19 15:27:28.886542"]]
  [1m[35m (0.9ms)[0m  [1m[36mcommit transaction[0m
  [1m[36mArticle Load (0.4ms)[0m  [1m[34mSELECT "articles".* FROM "articles" INNER JOIN "taggings" ON "articles"."id" = "taggings"."article_id" WHERE "taggings"."tag_id" = ? LIMIT ?[0m  [["tag_id", 1], ["LIMIT", 11]]
Started GET "/articles/9" for ::1 at 2019-10-19 16:42:15 +0100
  [1m[35m (0.1ms)[0m  [1m[34mSELECT sqlite_version(*)[0m
Processing by ArticlesController#show as HTML
  Parameters: {"id"=>"9"}
  [1m[36mArticle Load (0.2ms)[0m  [1m[34mSELECT "articles".* FROM "articles" WHERE "articles"."id" = ? LIMIT ?[0m  [["id", 9], ["LIMIT", 1]]
  â†³ app/controllers/articles_controller.rb:10:in `show'
  Rendering articles/show.html.erb within layouts/application
  Rendered articles/show.html.erb within layouts/application (Duration: 0.8ms | Allocations: 1108)
Completed 500 Internal Server Error in 17ms (ActiveRecord: 0.2ms | Allocations: 11317)


  
ActionView::SyntaxErrorInTemplate (Encountered a syntax error while rendering template: check <h1><%= @article.title %> </h1>
<p>
  Tags:
  <% @article.tags.each do |tag|
    <% link_to tag.name, tag_path(tag) %>
<% end %>
</p>
<p><%= @article.body %></p>
<h3>Comments (<%= @article.comments.size %>)</h3>
<%= render partial: 'articles/comment', collection: @article.comments %>
<%= render partial: 'comments/form' %>
<%= link_to "<< Back to Articles List", articles_path %>
<%= link_to "Delete", article_path(@article) , method: :delete %>
<%= link_to "Edit" , edit_article_path(@article) %>

):
1:    <h1><%= @article.title %> </h1>
2:    <p>
3:      Tags:
4:      <% @article.tags.each do |tag|
5:        <% link_to tag.name, tag_path(tag) %>
6:    <% end %>
7:    </p>
8:    <p><%= @article.body %></p>
9:    <h3>Comments (<%= @article.comments.size %>)</h3>
10:    <%= render partial: 'articles/comment', collection: @article.comments %>
11:    <%= render partial: 'comments/form' %>
12:    <%= link_to "<< Back to Articles List", articles_path %>
13:    <%= link_to "Delete", article_path(@article) , method: :delete %>
14:    <%= link_to "Edit" , edit_article_path(@article) %>
  
app/views/articles/show.html.erb:5: syntax error, unexpected '<'
app/views/articles/show.html.erb:5: syntax error, unexpected tIDENTIFIER, expecting end
app/views/articles/show.html.erb:5: syntax error, unexpected '\n', expecting '.' or &. or :: or '['
app/views/articles/show.html.erb:5: syntax error, unexpected '<'
app/views/articles/show.html.erb:5: syntax error, unexpected tIDENTIFIER, expecting end
app/views/articles/show.html.erb:5: syntax error, unexpected '\n', expecting '.' or &. or :: or '['
app/views/articles/show.html.erb:5: syntax error, unexpected '<'
app/views/articles/show.html.erb:5: syntax error, unexpected tIDENTIFIER, expecting end
app/views/articles/show.html.erb:5: syntax error, unexpected '\n', expecting '.' or &. or :: or '['
app/views/articles/show.html.erb:5: syntax error, unexpected '<'
app/views/articles/show.html.erb:5: syntax error, unexpected tIDENTIFIER, expecting end
app/views/articles/show.html.erb:5: syntax error, unexpected '\n', expecting '.' or &. or :: or '['
app/views/articles/show.html.erb:5: syntax error, unexpected '<'
app/views/articles/show.html.erb:5: syntax error, unexpected tIDENTIFIER, expecting end
app/views/articles/show.html.erb:5: syntax error, unexpected '\n', expecting '.' or &. or :: or '['
app/views/articles/show.html.erb:5: syntax error, unexpected '<'
app/views/articles/show.html.erb:5: syntax error, unexpected tIDENTIFIER, expecting end
app/views/articles/show.html.erb:5: syntax error, unexpected '\n', expecting '.' or &. or :: or '['
Started GET "/articles/9" for ::1 at 2019-10-19 16:43:13 +0100
Processing by ArticlesController#show as HTML
  Parameters: {"id"=>"9"}
  [1m[36mArticle Load (0.2ms)[0m  [1m[34mSELECT "articles".* FROM "articles" WHERE "articles"."id" = ? LIMIT ?[0m  [["id", 9], ["LIMIT", 1]]
  â†³ app/controllers/articles_controller.rb:10:in `show'
  Rendering articles/show.html.erb within layouts/application
  [1m[36mTag Load (0.2ms)[0m  [1m[34mSELECT "tags".* FROM "tags" INNER JOIN "taggings" ON "tags"."id" = "taggings"."tag_id" WHERE "taggings"."article_id" = ?[0m  [["article_id", 9]]
  â†³ app/views/articles/show.html.erb:4
  [1m[35m (0.2ms)[0m  [1m[34mSELECT COUNT(*) FROM "comments" WHERE "comments"."article_id" = ?[0m  [["article_id", 9]]
  â†³ app/views/articles/show.html.erb:9
  Rendered collection of articles/_comment.html.erb [0 times] (Duration: 0.0ms | Allocations: 3)
  Rendered comments/_form.html.erb (Duration: 2.4ms | Allocations: 677)
  Rendered articles/show.html.erb within layouts/application (Duration: 18.7ms | Allocations: 10454)
Completed 200 OK in 37ms (Views: 33.9ms | ActiveRecord: 1.1ms | Allocations: 18507)


Started GET "/articles" for ::1 at 2019-10-19 16:43:33 +0100
Processing by ArticlesController#index as HTML
  Rendering articles/index.html.erb within layouts/application
  [1m[36mArticle Load (0.3ms)[0m  [1m[34mSELECT "articles".* FROM "articles"[0m
  â†³ app/views/articles/index.html.erb:3
  Rendered articles/index.html.erb within layouts/application (Duration: 3.5ms | Allocations: 1128)
Completed 200 OK in 15ms (Views: 13.3ms | ActiveRecord: 0.3ms | Allocations: 7956)


Started GET "/articles/9" for ::1 at 2019-10-19 16:43:36 +0100
Processing by ArticlesController#show as HTML
  Parameters: {"id"=>"9"}
  [1m[36mArticle Load (0.2ms)[0m  [1m[34mSELECT "articles".* FROM "articles" WHERE "articles"."id" = ? LIMIT ?[0m  [["id", 9], ["LIMIT", 1]]
  â†³ app/controllers/articles_controller.rb:10:in `show'
  Rendering articles/show.html.erb within layouts/application
  [1m[36mTag Load (0.2ms)[0m  [1m[34mSELECT "tags".* FROM "tags" INNER JOIN "taggings" ON "tags"."id" = "taggings"."tag_id" WHERE "taggings"."article_id" = ?[0m  [["article_id", 9]]
  â†³ app/views/articles/show.html.erb:4
  [1m[35m (0.2ms)[0m  [1m[34mSELECT COUNT(*) FROM "comments" WHERE "comments"."article_id" = ?[0m  [["article_id", 9]]
  â†³ app/views/articles/show.html.erb:9
  Rendered collection of articles/_comment.html.erb [0 times] (Duration: 0.0ms | Allocations: 3)
  Rendered comments/_form.html.erb (Duration: 0.7ms | Allocations: 362)
  Rendered articles/show.html.erb within layouts/application (Duration: 5.4ms | Allocations: 2194)
Completed 200 OK in 16ms (Views: 13.5ms | ActiveRecord: 0.6ms | Allocations: 9396)


Started DELETE "/articles/9" for ::1 at 2019-10-19 16:43:37 +0100
Processing by ArticlesController#destroy as HTML
  Parameters: {"authenticity_token"=>"gVw//3r4d1wGDASXUP/bkHPV2fX4r+xb2t6vNANtbynntu/d1SPB5vuwpJtWcETZ2vJxClkNBC0Rw444Q9gEcw==", "id"=>"9"}
  [1m[36mArticle Load (0.1ms)[0m  [1m[34mSELECT "articles".* FROM "articles" WHERE "articles"."id" = ? LIMIT ?[0m  [["id", 9], ["LIMIT", 1]]
  â†³ app/controllers/articles_controller.rb:29:in `destroy'
  [1m[35m (0.1ms)[0m  [1m[36mbegin transaction[0m
  â†³ app/controllers/articles_controller.rb:30:in `destroy'
  [1m[36mArticle Destroy (0.4ms)[0m  [1m[31mDELETE FROM "articles" WHERE "articles"."id" = ?[0m  [["id", 9]]
  â†³ app/controllers/articles_controller.rb:30:in `destroy'
  [1m[35m (1.0ms)[0m  [1m[36mcommit transaction[0m
  â†³ app/controllers/articles_controller.rb:30:in `destroy'
Redirected to http://localhost:3000/articles
Completed 302 Found in 6ms (ActiveRecord: 1.7ms | Allocations: 2505)


Started GET "/articles" for ::1 at 2019-10-19 16:43:37 +0100
Processing by ArticlesController#index as HTML
  Rendering articles/index.html.erb within layouts/application
  [1m[36mArticle Load (0.1ms)[0m  [1m[34mSELECT "articles".* FROM "articles"[0m
  â†³ app/views/articles/index.html.erb:3
  Rendered articles/index.html.erb within layouts/application (Duration: 23.9ms | Allocations: 902)
Completed 200 OK in 32ms (Views: 31.3ms | ActiveRecord: 0.1ms | Allocations: 7611)


Started GET "/articles/10" for ::1 at 2019-10-19 16:43:39 +0100
Processing by ArticlesController#show as HTML
  Parameters: {"id"=>"10"}
  [1m[36mArticle Load (0.1ms)[0m  [1m[34mSELECT "articles".* FROM "articles" WHERE "articles"."id" = ? LIMIT ?[0m  [["id", 10], ["LIMIT", 1]]
  â†³ app/controllers/articles_controller.rb:10:in `show'
  Rendering articles/show.html.erb within layouts/application
  [1m[36mTag Load (0.1ms)[0m  [1m[34mSELECT "tags".* FROM "tags" INNER JOIN "taggings" ON "tags"."id" = "taggings"."tag_id" WHERE "taggings"."article_id" = ?[0m  [["article_id", 10]]
  â†³ app/views/articles/show.html.erb:4
  Rendered articles/show.html.erb within layouts/application (Duration: 143.3ms | Allocations: 78772)
Completed 500 Internal Server Error in 145ms (ActiveRecord: 0.3ms | Allocations: 79711)


  
ActionView::Template::Error (undefined method `tag_path' for #<#<Class:0x00007f935d6e7768>:0x00007f935cca7190>
Did you mean?  image_path):
    2: <p>
    3:   Tags:
    4:   <% @article.tags.each do |tag| %>
    5:     <%= link_to tag.name, tag_path(tag) %>
    6:   <% end %>
    7: </p>
    8: <p><%= @article.body %></p>
  
app/views/articles/show.html.erb:5
app/views/articles/show.html.erb:4
Started GET "/articles/10" for ::1 at 2019-10-19 16:44:55 +0100
  [1m[35m (0.1ms)[0m  [1m[34mSELECT sqlite_version(*)[0m
Processing by ArticlesController#show as HTML
  Parameters: {"id"=>"10"}
  [1m[36mArticle Load (0.1ms)[0m  [1m[34mSELECT "articles".* FROM "articles" WHERE "articles"."id" = ? LIMIT ?[0m  [["id", 10], ["LIMIT", 1]]
  â†³ app/controllers/articles_controller.rb:10:in `show'
  Rendering articles/show.html.erb within layouts/application
  [1m[36mTag Load (0.1ms)[0m  [1m[34mSELECT "tags".* FROM "tags" INNER JOIN "taggings" ON "tags"."id" = "taggings"."tag_id" WHERE "taggings"."article_id" = ?[0m  [["article_id", 10]]
  â†³ app/views/articles/show.html.erb:4
  [1m[35m (0.2ms)[0m  [1m[34mSELECT COUNT(*) FROM "comments" WHERE "comments"."article_id" = ?[0m  [["article_id", 10]]
  â†³ app/views/articles/show.html.erb:9
  Rendered collection of articles/_comment.html.erb [0 times] (Duration: 0.0ms | Allocations: 3)
  Rendered comments/_form.html.erb (Duration: 0.8ms | Allocations: 445)
  Rendered articles/show.html.erb within layouts/application (Duration: 10.0ms | Allocations: 9569)
Completed 200 OK in 39ms (Views: 27.2ms | ActiveRecord: 1.7ms | Allocations: 31462)


DEPRECATION WARNING: Using `bin/rake routes` is deprecated and will be removed in Rails 6.1. Use `bin/rails routes` instead.
 (called from load at /Users/phil/.rbenv/versions/2.6.3/bin/rake:23)
Started GET "/tags/1" for ::1 at 2019-10-19 16:45:43 +0100
  
AbstractController::ActionNotFound (The action 'show' could not be found for TagsController):
  
actionpack (6.0.0) lib/abstract_controller/base.rb:131:in `process'
actionview (6.0.0) lib/action_view/rendering.rb:39:in `process'
actionpack (6.0.0) lib/action_controller/metal.rb:191:in `dispatch'
actionpack (6.0.0) lib/action_controller/metal.rb:252:in `dispatch'
actionpack (6.0.0) lib/action_dispatch/routing/route_set.rb:51:in `dispatch'
actionpack (6.0.0) lib/action_dispatch/routing/route_set.rb:33:in `serve'
actionpack (6.0.0) lib/action_dispatch/journey/router.rb:49:in `block in serve'
actionpack (6.0.0) lib/action_dispatch/journey/router.rb:32:in `each'
actionpack (6.0.0) lib/action_dispatch/journey/router.rb:32:in `serve'
actionpack (6.0.0) lib/action_dispatch/routing/route_set.rb:837:in `call'
rack (2.0.7) lib/rack/tempfile_reaper.rb:15:in `call'
rack (2.0.7) lib/rack/etag.rb:25:in `call'
rack (2.0.7) lib/rack/conditional_get.rb:25:in `call'
rack (2.0.7) lib/rack/head.rb:12:in `call'
actionpack (6.0.0) lib/action_dispatch/http/content_security_policy.rb:18:in `call'
rack (2.0.7) lib/rack/session/abstract/id.rb:232:in `context'
rack (2.0.7) lib/rack/session/abstract/id.rb:226:in `call'
actionpack (6.0.0) lib/action_dispatch/middleware/cookies.rb:648:in `call'
activerecord (6.0.0) lib/active_record/migration.rb:567:in `call'
actionpack (6.0.0) lib/action_dispatch/middleware/callbacks.rb:27:in `block in call'
activesupport (6.0.0) lib/active_support/callbacks.rb:101:in `run_callbacks'
actionpack (6.0.0) lib/action_dispatch/middleware/callbacks.rb:26:in `call'
actionpack (6.0.0) lib/action_dispatch/middleware/executor.rb:14:in `call'
actionpack (6.0.0) lib/action_dispatch/middleware/actionable_exceptions.rb:17:in `call'
actionpack (6.0.0) lib/action_dispatch/middleware/debug_exceptions.rb:32:in `call'
web-console (4.0.1) lib/web_console/middleware.rb:132:in `call_app'
web-console (4.0.1) lib/web_console/middleware.rb:28:in `block in call'
web-console (4.0.1) lib/web_console/middleware.rb:17:in `catch'
web-console (4.0.1) lib/web_console/middleware.rb:17:in `call'
actionpack (6.0.0) lib/action_dispatch/middleware/show_exceptions.rb:33:in `call'
railties (6.0.0) lib/rails/rack/logger.rb:38:in `call_app'
railties (6.0.0) lib/rails/rack/logger.rb:26:in `block in call'
activesupport (6.0.0) lib/active_support/tagged_logging.rb:80:in `block in tagged'
activesupport (6.0.0) lib/active_support/tagged_logging.rb:28:in `tagged'
activesupport (6.0.0) lib/active_support/tagged_logging.rb:80:in `tagged'
railties (6.0.0) lib/rails/rack/logger.rb:26:in `call'
sprockets-rails (3.2.1) lib/sprockets/rails/quiet_assets.rb:13:in `call'
actionpack (6.0.0) lib/action_dispatch/middleware/remote_ip.rb:81:in `call'
actionpack (6.0.0) lib/action_dispatch/middleware/request_id.rb:27:in `call'
rack (2.0.7) lib/rack/method_override.rb:22:in `call'
rack (2.0.7) lib/rack/runtime.rb:22:in `call'
activesupport (6.0.0) lib/active_support/cache/strategy/local_cache_middleware.rb:29:in `call'
actionpack (6.0.0) lib/action_dispatch/middleware/executor.rb:14:in `call'
actionpack (6.0.0) lib/action_dispatch/middleware/static.rb:126:in `call'
rack (2.0.7) lib/rack/sendfile.rb:111:in `call'
actionpack (6.0.0) lib/action_dispatch/middleware/host_authorization.rb:83:in `call'
webpacker (4.0.7) lib/webpacker/dev_server_proxy.rb:29:in `perform_request'
rack-proxy (0.6.5) lib/rack/proxy.rb:57:in `call'
railties (6.0.0) lib/rails/engine.rb:526:in `call'
puma (3.12.1) lib/puma/configuration.rb:227:in `call'
puma (3.12.1) lib/puma/server.rb:660:in `handle_request'
puma (3.12.1) lib/puma/server.rb:474:in `process_client'
puma (3.12.1) lib/puma/server.rb:334:in `block in run'
puma (3.12.1) lib/puma/thread_pool.rb:135:in `block in spawn_thread'
Started GET "/tags/1" for ::1 at 2019-10-19 16:51:27 +0100
  [1m[35m (0.1ms)[0m  [1m[34mSELECT sqlite_version(*)[0m
Processing by TagsController#show as HTML
  Parameters: {"id"=>"1"}
  [1m[36mTag Load (0.1ms)[0m  [1m[34mSELECT "tags".* FROM "tags" WHERE "tags"."id" = ? LIMIT ?[0m  [["id", 1], ["LIMIT", 1]]
  â†³ app/controllers/tags_controller.rb:3:in `show'
  Rendering tags/show.html.erb within layouts/application
  [1m[36mArticle Load (0.1ms)[0m  [1m[34mSELECT "articles".* FROM "articles" INNER JOIN "taggings" ON "articles"."id" = "taggings"."article_id" WHERE "taggings"."tag_id" = ?[0m  [["tag_id", 1]]
  â†³ app/views/tags/show.html.erb:3
  Rendered tags/show.html.erb within layouts/application (Duration: 8.7ms | Allocations: 8917)
Completed 200 OK in 25ms (Views: 18.1ms | ActiveRecord: 1.2ms | Allocations: 21911)


Started GET "/tags/" for ::1 at 2019-10-19 16:57:00 +0100
  [1m[35m (0.1ms)[0m  [1m[34mSELECT sqlite_version(*)[0m
Processing by TagsController#index as HTML
  Rendering tags/index.html.erb within layouts/application
  [1m[36mTag Load (0.2ms)[0m  [1m[34mSELECT "tags".* FROM "tags"[0m
  â†³ app/views/tags/index.html.erb:3
  Rendered tags/index.html.erb within layouts/application (Duration: 257.3ms | Allocations: 151638)
Completed 500 Internal Server Error in 264ms (ActiveRecord: 0.2ms | Allocations: 154120)


  
ActionView::Template::Error (undefined local variable or method `tag_name' for #<#<Class:0x00007f93659f1780>:0x00007f93659fb370>
Did you mean?  tag_path):
    1: <h1>View Articles by Tag</h1>
    2: <ul>
    3:   <% @tag.each do |tag| %>
    4:     <li><%= link_to tag_name, tag_path(tag) %></li>
    5:   <% end %>
    6: </ul>
  
app/views/tags/index.html.erb:4
app/views/tags/index.html.erb:3
Started GET "/tags/" for ::1 at 2019-10-19 16:57:24 +0100
Processing by TagsController#index as HTML
  Rendering tags/index.html.erb within layouts/application
  [1m[36mTag Load (0.1ms)[0m  [1m[34mSELECT "tags".* FROM "tags"[0m
  â†³ app/views/tags/index.html.erb:3
  Rendered tags/index.html.erb within layouts/application (Duration: 1.7ms | Allocations: 801)
Completed 200 OK in 20ms (Views: 19.0ms | ActiveRecord: 0.1ms | Allocations: 9263)


Started GET "/tags/1" for ::1 at 2019-10-19 16:57:27 +0100
Processing by TagsController#show as HTML
  Parameters: {"id"=>"1"}
  [1m[36mTag Load (0.2ms)[0m  [1m[34mSELECT "tags".* FROM "tags" WHERE "tags"."id" = ? LIMIT ?[0m  [["id", 1], ["LIMIT", 1]]
  â†³ app/controllers/tags_controller.rb:3:in `show'
  Rendering tags/show.html.erb within layouts/application
  [1m[36mArticle Load (0.2ms)[0m  [1m[34mSELECT "articles".* FROM "articles" INNER JOIN "taggings" ON "articles"."id" = "taggings"."article_id" WHERE "taggings"."tag_id" = ?[0m  [["tag_id", 1]]
  â†³ app/views/tags/show.html.erb:3
  Rendered tags/show.html.erb within layouts/application (Duration: 14.4ms | Allocations: 8535)
Completed 200 OK in 28ms (Views: 24.3ms | ActiveRecord: 0.4ms | Allocations: 16704)


Started GET "/tags/" for ::1 at 2019-10-19 17:02:09 +0100
  [1m[35m (0.1ms)[0m  [1m[34mSELECT sqlite_version(*)[0m
  
SyntaxError (/Users/phil/the_odin_project/rails/blogger-project/blogger/app/controllers/tags_controller.rb:17: syntax error, unexpected end-of-input, expecting end):
  
app/controllers/tags_controller.rb:17: syntax error, unexpected end-of-input, expecting end
app/controllers/tags_controller.rb:17: syntax error, unexpected end-of-input, expecting end
app/controllers/tags_controller.rb:17: syntax error, unexpected end-of-input, expecting end
Started GET "/tags/" for ::1 at 2019-10-19 17:02:49 +0100
  [1m[35m (0.1ms)[0m  [1m[34mSELECT sqlite_version(*)[0m
Processing by TagsController#index as HTML
  Rendering tags/index.html.erb within layouts/application
  [1m[36mTag Load (0.4ms)[0m  [1m[34mSELECT "tags".* FROM "tags"[0m
  â†³ app/views/tags/index.html.erb:3
  Rendered tags/index.html.erb within layouts/application (Duration: 257.6ms | Allocations: 152085)
Completed 500 Internal Server Error in 267ms (ActiveRecord: 0.9ms | Allocations: 154578)


  
ActionView::Template::Error (undefined local variable or method `delete' for #<#<Class:0x00007f935d6ec218>:0x00007f93658b9b38>):
    1: <h1>View Articles by Tag</h1>
    2: <ul>
    3:   <% @tag.each do |tag| %>
    4:     <li><%= link_to tag.name, tag_path(tag) %> <%= link_to 'Delete tag', tag_path(tag), method:delete %></li>
    5:   <% end %>
    6: </ul>
  
app/views/tags/index.html.erb:4
app/views/tags/index.html.erb:3
Started GET "/tags/" for ::1 at 2019-10-19 17:03:35 +0100
Processing by TagsController#index as HTML
  Rendering tags/index.html.erb within layouts/application
  [1m[36mTag Load (0.2ms)[0m  [1m[34mSELECT "tags".* FROM "tags"[0m
  â†³ app/views/tags/index.html.erb:3
  Rendered tags/index.html.erb within layouts/application (Duration: 1.8ms | Allocations: 883)
Completed 200 OK in 19ms (Views: 17.4ms | ActiveRecord: 0.2ms | Allocations: 9351)


Started DELETE "/tags/2" for ::1 at 2019-10-19 17:03:37 +0100
Processing by TagsController#destroy as HTML
  Parameters: {"authenticity_token"=>"od4TI2V44wtE7eFemz8rI614jlnGz07apBdkCO5iGWLHNMMByqNVsblRQVKdsLRqBF8mpmdtpqxvCkUErtdyOA==", "id"=>"2"}
  [1m[36mTag Load (0.5ms)[0m  [1m[34mSELECT "tags".* FROM "tags" WHERE "tags"."id" = ? LIMIT ?[0m  [["id", 2], ["LIMIT", 1]]
  â†³ app/controllers/tags_controller.rb:11:in `destroy'
  [1m[35m (0.1ms)[0m  [1m[36mbegin transaction[0m
  â†³ app/controllers/tags_controller.rb:12:in `destroy'
  [1m[36mTag Destroy (0.8ms)[0m  [1m[31mDELETE FROM "tags" WHERE "tags"."id" = ?[0m  [["id", 2]]
  â†³ app/controllers/tags_controller.rb:12:in `destroy'
  [1m[35m (0.3ms)[0m  [1m[31mrollback transaction[0m
  â†³ app/controllers/tags_controller.rb:12:in `destroy'
Completed 500 Internal Server Error in 5ms (ActiveRecord: 1.7ms | Allocations: 3407)


  
ActiveRecord::InvalidForeignKey (SQLite3::ConstraintException: FOREIGN KEY constraint failed):
  
app/controllers/tags_controller.rb:12:in `destroy'
Started GET "/tags/" for ::1 at 2019-10-19 17:05:19 +0100
Processing by TagsController#index as HTML
  Rendering tags/index.html.erb within layouts/application
  [1m[36mTag Load (0.1ms)[0m  [1m[34mSELECT "tags".* FROM "tags"[0m
  â†³ app/views/tags/index.html.erb:3
  Rendered tags/index.html.erb within layouts/application (Duration: 1.4ms | Allocations: 725)
Completed 200 OK in 15ms (Views: 14.7ms | ActiveRecord: 0.1ms | Allocations: 8236)


Started GET "/tags/" for ::1 at 2019-10-19 17:05:20 +0100
Processing by TagsController#index as HTML
  Rendering tags/index.html.erb within layouts/application
  [1m[36mTag Load (0.1ms)[0m  [1m[34mSELECT "tags".* FROM "tags"[0m
  â†³ app/views/tags/index.html.erb:3
  Rendered tags/index.html.erb within layouts/application (Duration: 1.2ms | Allocations: 721)
Completed 200 OK in 10ms (Views: 9.0ms | ActiveRecord: 0.1ms | Allocations: 8232)


Started DELETE "/tags/2" for ::1 at 2019-10-19 17:05:21 +0100
Processing by TagsController#destroy as HTML
  Parameters: {"authenticity_token"=>"9iJnd8aAYBiKIx+jQ8fKUI11HPM0qvGmRTYP/mgkdGyQyLdVaVvWonefv69FSFUZJFK0DJUIGdCOKy7yKJEfNg==", "id"=>"2"}
  [1m[36mTag Load (0.2ms)[0m  [1m[34mSELECT "tags".* FROM "tags" WHERE "tags"."id" = ? LIMIT ?[0m  [["id", 2], ["LIMIT", 1]]
  â†³ app/controllers/tags_controller.rb:11:in `destroy'
  [1m[35m (0.1ms)[0m  [1m[36mbegin transaction[0m
  â†³ app/controllers/tags_controller.rb:12:in `destroy'
  [1m[36mTag Destroy (0.7ms)[0m  [1m[31mDELETE FROM "tags" WHERE "tags"."id" = ?[0m  [["id", 2]]
  â†³ app/controllers/tags_controller.rb:12:in `destroy'
  [1m[35m (0.6ms)[0m  [1m[31mrollback transaction[0m
  â†³ app/controllers/tags_controller.rb:12:in `destroy'
Completed 500 Internal Server Error in 5ms (ActiveRecord: 1.5ms | Allocations: 3294)


  
ActiveRecord::InvalidForeignKey (SQLite3::ConstraintException: FOREIGN KEY constraint failed):
  
app/controllers/tags_controller.rb:12:in `destroy'
Started DELETE "/tags/2" for ::1 at 2019-10-19 17:10:56 +0100
  [1m[35m (0.1ms)[0m  [1m[34mSELECT sqlite_version(*)[0m
Processing by TagsController#destroy as HTML
  Parameters: {"authenticity_token"=>"9iJnd8aAYBiKIx+jQ8fKUI11HPM0qvGmRTYP/mgkdGyQyLdVaVvWonefv69FSFUZJFK0DJUIGdCOKy7yKJEfNg==", "id"=>"2"}
Completed 500 Internal Server Error in 6ms (ActiveRecord: 0.0ms | Allocations: 1100)


  
ArgumentError (The :dependent option must be one of [:destroy, :delete_all, :nullify, :restrict_with_error, :restrict_with_exception], but is :desotry):
  
app/models/tag.rb:2:in `<class:Tag>'
app/models/tag.rb:1:in `<main>'
app/controllers/tags_controller.rb:11:in `destroy'
Started DELETE "/tags/2" for ::1 at 2019-10-19 17:11:06 +0100
  [1m[35m (0.0ms)[0m  [1m[34mSELECT sqlite_version(*)[0m
Processing by TagsController#destroy as HTML
  Parameters: {"authenticity_token"=>"9iJnd8aAYBiKIx+jQ8fKUI11HPM0qvGmRTYP/mgkdGyQyLdVaVvWonefv69FSFUZJFK0DJUIGdCOKy7yKJEfNg==", "id"=>"2"}
  [1m[36mTag Load (0.6ms)[0m  [1m[34mSELECT "tags".* FROM "tags" WHERE "tags"."id" = ? LIMIT ?[0m  [["id", 2], ["LIMIT", 1]]
  â†³ app/controllers/tags_controller.rb:11:in `destroy'
  [1m[35m (0.1ms)[0m  [1m[36mbegin transaction[0m
  â†³ app/controllers/tags_controller.rb:12:in `destroy'
  [1m[36mTagging Load (1.3ms)[0m  [1m[34mSELECT "taggings".* FROM "taggings" WHERE "taggings"."tag_id" = ?[0m  [["tag_id", 2]]
  â†³ app/controllers/tags_controller.rb:12:in `destroy'
  [1m[36mTagging Destroy (0.4ms)[0m  [1m[31mDELETE FROM "taggings" WHERE "taggings"."id" = ?[0m  [["id", 2]]
  â†³ app/controllers/tags_controller.rb:12:in `destroy'
  [1m[36mTag Destroy (0.1ms)[0m  [1m[31mDELETE FROM "tags" WHERE "tags"."id" = ?[0m  [["id", 2]]
  â†³ app/controllers/tags_controller.rb:12:in `destroy'
  [1m[35m (0.9ms)[0m  [1m[36mcommit transaction[0m
  â†³ app/controllers/tags_controller.rb:12:in `destroy'
Completed 500 Internal Server Error in 46ms (ActiveRecord: 4.5ms | Allocations: 13766)


  
ArgumentError (wrong number of arguments (given 1, expected 0)):
  
app/controllers/tags_controller.rb:14:in `destroy'
Started GET "/tags/" for ::1 at 2019-10-19 17:11:29 +0100
Processing by TagsController#index as HTML
  Rendering tags/index.html.erb within layouts/application
  [1m[36mTag Load (0.4ms)[0m  [1m[34mSELECT "tags".* FROM "tags"[0m
  â†³ app/views/tags/index.html.erb:3
  Rendered tags/index.html.erb within layouts/application (Duration: 2.0ms | Allocations: 670)
Completed 200 OK in 17ms (Views: 15.5ms | ActiveRecord: 0.4ms | Allocations: 8337)


Started GET "/articles/10" for ::1 at 2019-10-19 17:12:37 +0100
Processing by ArticlesController#show as HTML
  Parameters: {"id"=>"10"}
  [1m[36mArticle Load (0.2ms)[0m  [1m[34mSELECT "articles".* FROM "articles" WHERE "articles"."id" = ? LIMIT ?[0m  [["id", 10], ["LIMIT", 1]]
  â†³ app/controllers/articles_controller.rb:10:in `show'
  Rendering articles/show.html.erb within layouts/application
  [1m[36mTag Load (0.3ms)[0m  [1m[34mSELECT "tags".* FROM "tags" INNER JOIN "taggings" ON "tags"."id" = "taggings"."tag_id" WHERE "taggings"."article_id" = ?[0m  [["article_id", 10]]
  â†³ app/views/articles/show.html.erb:4
  [1m[35m (0.3ms)[0m  [1m[34mSELECT COUNT(*) FROM "comments" WHERE "comments"."article_id" = ?[0m  [["article_id", 10]]
  â†³ app/views/articles/show.html.erb:9
  Rendered collection of articles/_comment.html.erb [0 times] (Duration: 0.0ms | Allocations: 3)
  Rendered comments/_form.html.erb (Duration: 1.9ms | Allocations: 653)
  Rendered articles/show.html.erb within layouts/application (Duration: 9.7ms | Allocations: 4839)
Completed 200 OK in 35ms (Views: 17.8ms | ActiveRecord: 1.8ms | Allocations: 22161)


Started GET "/articles" for ::1 at 2019-10-19 17:12:40 +0100
Processing by ArticlesController#index as HTML
  Rendering articles/index.html.erb within layouts/application
  [1m[36mArticle Load (0.3ms)[0m  [1m[34mSELECT "articles".* FROM "articles"[0m
  â†³ app/views/articles/index.html.erb:3
  Rendered articles/index.html.erb within layouts/application (Duration: 3.5ms | Allocations: 1091)
Completed 200 OK in 38ms (Views: 37.1ms | ActiveRecord: 0.3ms | Allocations: 8745)


Started GET "/articles/6" for ::1 at 2019-10-19 17:12:41 +0100
Processing by ArticlesController#show as HTML
  Parameters: {"id"=>"6"}
  [1m[36mArticle Load (0.2ms)[0m  [1m[34mSELECT "articles".* FROM "articles" WHERE "articles"."id" = ? LIMIT ?[0m  [["id", 6], ["LIMIT", 1]]
  â†³ app/controllers/articles_controller.rb:10:in `show'
  Rendering articles/show.html.erb within layouts/application
  [1m[36mTag Load (0.1ms)[0m  [1m[34mSELECT "tags".* FROM "tags" INNER JOIN "taggings" ON "tags"."id" = "taggings"."tag_id" WHERE "taggings"."article_id" = ?[0m  [["article_id", 6]]
  â†³ app/views/articles/show.html.erb:4
  [1m[35m (0.3ms)[0m  [1m[34mSELECT COUNT(*) FROM "comments" WHERE "comments"."article_id" = ?[0m  [["article_id", 6]]
  â†³ app/views/articles/show.html.erb:9
  Rendered collection of articles/_comment.html.erb [0 times] (Duration: 0.0ms | Allocations: 3)
  Rendered comments/_form.html.erb (Duration: 0.7ms | Allocations: 362)
  Rendered articles/show.html.erb within layouts/application (Duration: 5.5ms | Allocations: 2193)
Completed 200 OK in 15ms (Views: 13.3ms | ActiveRecord: 0.6ms | Allocations: 10224)


Started GET "/articles" for ::1 at 2019-10-19 17:12:43 +0100
Processing by ArticlesController#index as HTML
  Rendering articles/index.html.erb within layouts/application
  [1m[36mArticle Load (0.2ms)[0m  [1m[34mSELECT "articles".* FROM "articles"[0m
  â†³ app/views/articles/index.html.erb:3
  Rendered articles/index.html.erb within layouts/application (Duration: 2.3ms | Allocations: 902)
Completed 200 OK in 16ms (Views: 15.5ms | ActiveRecord: 0.2ms | Allocations: 8413)


Started GET "/articles/10" for ::1 at 2019-10-19 17:12:44 +0100
Processing by ArticlesController#show as HTML
  Parameters: {"id"=>"10"}
  [1m[36mArticle Load (0.1ms)[0m  [1m[34mSELECT "articles".* FROM "articles" WHERE "articles"."id" = ? LIMIT ?[0m  [["id", 10], ["LIMIT", 1]]
  â†³ app/controllers/articles_controller.rb:10:in `show'
  Rendering articles/show.html.erb within layouts/application
  [1m[36mTag Load (0.3ms)[0m  [1m[34mSELECT "tags".* FROM "tags" INNER JOIN "taggings" ON "tags"."id" = "taggings"."tag_id" WHERE "taggings"."article_id" = ?[0m  [["article_id", 10]]
  â†³ app/views/articles/show.html.erb:4
  [1m[35m (0.2ms)[0m  [1m[34mSELECT COUNT(*) FROM "comments" WHERE "comments"."article_id" = ?[0m  [["article_id", 10]]
  â†³ app/views/articles/show.html.erb:9
  Rendered collection of articles/_comment.html.erb [0 times] (Duration: 0.0ms | Allocations: 3)
  Rendered comments/_form.html.erb (Duration: 1.8ms | Allocations: 336)
  Rendered articles/show.html.erb within layouts/application (Duration: 7.5ms | Allocations: 2226)
Completed 200 OK in 19ms (Views: 17.2ms | ActiveRecord: 0.6ms | Allocations: 10255)


Started GET "/articles/10/edit" for ::1 at 2019-10-19 17:12:46 +0100
Processing by ArticlesController#edit as HTML
  Parameters: {"id"=>"10"}
  [1m[36mArticle Load (0.1ms)[0m  [1m[34mSELECT "articles".* FROM "articles" WHERE "articles"."id" = ? LIMIT ?[0m  [["id", 10], ["LIMIT", 1]]
  â†³ app/controllers/articles_controller.rb:38:in `edit'
  Rendering articles/edit.html.erb within layouts/application
  [1m[36mTag Load (0.1ms)[0m  [1m[34mSELECT "tags".* FROM "tags" INNER JOIN "taggings" ON "tags"."id" = "taggings"."tag_id" WHERE "taggings"."article_id" = ?[0m  [["article_id", 10]]
  â†³ app/models/article.rb:13:in `tag_list'
  Rendered articles/_form.html.erb (Duration: 6.0ms | Allocations: 2244)
  Rendered articles/edit.html.erb within layouts/application (Duration: 8.2ms | Allocations: 2538)
Completed 200 OK in 18ms (Views: 15.8ms | ActiveRecord: 0.3ms | Allocations: 10682)


Started PATCH "/articles/10" for ::1 at 2019-10-19 17:12:50 +0100
Processing by ArticlesController#update as HTML
  Parameters: {"authenticity_token"=>"A4hHFxoEqyzmjJ5t2vNSbXGpQOBE+rAaC6QrFHTfX0MygoZfTNPlY3joXcgNSNv6iNrszOu9l48FbbWEloBVog==", "article"=>{"title"=>"Tag test article", "body"=>"La la la", "tag_list"=>"ruby,test"}, "commit"=>"Update Article", "id"=>"10"}
  [1m[36mArticle Load (0.2ms)[0m  [1m[34mSELECT "articles".* FROM "articles" WHERE "articles"."id" = ? LIMIT ?[0m  [["id", 10], ["LIMIT", 1]]
  â†³ app/controllers/articles_controller.rb:42:in `update'
  [1m[35m (0.1ms)[0m  [1m[36mbegin transaction[0m
  â†³ app/models/article.rb:8:in `block in tag_list='
  [1m[36mTag Load (0.9ms)[0m  [1m[34mSELECT "tags".* FROM "tags" WHERE "tags"."name" = ? LIMIT ?[0m  [["name", "ruby"], ["LIMIT", 1]]
  â†³ app/models/article.rb:8:in `block in tag_list='
  [1m[36mTag Load (0.2ms)[0m  [1m[34mSELECT "tags".* FROM "tags" WHERE "tags"."name" = ? LIMIT ?[0m  [["name", "test"], ["LIMIT", 1]]
  â†³ app/models/article.rb:8:in `block in tag_list='
  [1m[36mTag Create (0.6ms)[0m  [1m[32mINSERT INTO "tags" ("name", "created_at", "updated_at") VALUES (?, ?, ?)[0m  [["name", "test"], ["created_at", "2019-10-19 16:12:50.103168"], ["updated_at", "2019-10-19 16:12:50.103168"]]
  â†³ app/models/article.rb:8:in `block in tag_list='
  [1m[36mTag Load (0.1ms)[0m  [1m[34mSELECT "tags".* FROM "tags" INNER JOIN "taggings" ON "tags"."id" = "taggings"."tag_id" WHERE "taggings"."article_id" = ?[0m  [["article_id", 10]]
  â†³ app/models/article.rb:9:in `tag_list='
  [1m[36mTagging Create (0.3ms)[0m  [1m[32mINSERT INTO "taggings" ("tag_id", "article_id", "created_at", "updated_at") VALUES (?, ?, ?, ?)[0m  [["tag_id", 3], ["article_id", 10], ["created_at", "2019-10-19 16:12:50.108704"], ["updated_at", "2019-10-19 16:12:50.108704"]]
  â†³ app/models/article.rb:9:in `tag_list='
  [1m[35m (1.1ms)[0m  [1m[36mcommit transaction[0m
  â†³ app/controllers/articles_controller.rb:43:in `update'
Redirected to http://localhost:3000/articles/10
Completed 302 Found in 18ms (ActiveRecord: 3.4ms | Allocations: 7679)


Started GET "/articles/10" for ::1 at 2019-10-19 17:12:50 +0100
Processing by ArticlesController#show as HTML
  Parameters: {"id"=>"10"}
  [1m[36mArticle Load (0.1ms)[0m  [1m[34mSELECT "articles".* FROM "articles" WHERE "articles"."id" = ? LIMIT ?[0m  [["id", 10], ["LIMIT", 1]]
  â†³ app/controllers/articles_controller.rb:10:in `show'
  Rendering articles/show.html.erb within layouts/application
  [1m[36mTag Load (0.1ms)[0m  [1m[34mSELECT "tags".* FROM "tags" INNER JOIN "taggings" ON "tags"."id" = "taggings"."tag_id" WHERE "taggings"."article_id" = ?[0m  [["article_id", 10]]
  â†³ app/views/articles/show.html.erb:4
  [1m[35m (0.2ms)[0m  [1m[34mSELECT COUNT(*) FROM "comments" WHERE "comments"."article_id" = ?[0m  [["article_id", 10]]
  â†³ app/views/articles/show.html.erb:9
  Rendered collection of articles/_comment.html.erb [0 times] (Duration: 0.0ms | Allocations: 3)
  Rendered comments/_form.html.erb (Duration: 0.6ms | Allocations: 337)
  Rendered articles/show.html.erb within layouts/application (Duration: 3.6ms | Allocations: 2265)
Completed 200 OK in 12ms (Views: 10.5ms | ActiveRecord: 0.4ms | Allocations: 10307)


Started GET "/articles" for ::1 at 2019-10-19 17:12:52 +0100
Processing by ArticlesController#index as HTML
  Rendering articles/index.html.erb within layouts/application
  [1m[36mArticle Load (0.1ms)[0m  [1m[34mSELECT "articles".* FROM "articles"[0m
  â†³ app/views/articles/index.html.erb:3
  Rendered articles/index.html.erb within layouts/application (Duration: 1.4ms | Allocations: 903)
Completed 200 OK in 13ms (Views: 12.4ms | ActiveRecord: 0.1ms | Allocations: 8420)


Started GET "/articles/10" for ::1 at 2019-10-19 17:12:54 +0100
Processing by ArticlesController#show as HTML
  Parameters: {"id"=>"10"}
  [1m[36mArticle Load (0.2ms)[0m  [1m[34mSELECT "articles".* FROM "articles" WHERE "articles"."id" = ? LIMIT ?[0m  [["id", 10], ["LIMIT", 1]]
  â†³ app/controllers/articles_controller.rb:10:in `show'
  Rendering articles/show.html.erb within layouts/application
  [1m[36mTag Load (0.3ms)[0m  [1m[34mSELECT "tags".* FROM "tags" INNER JOIN "taggings" ON "tags"."id" = "taggings"."tag_id" WHERE "taggings"."article_id" = ?[0m  [["article_id", 10]]
  â†³ app/views/articles/show.html.erb:4
  [1m[35m (0.3ms)[0m  [1m[34mSELECT COUNT(*) FROM "comments" WHERE "comments"."article_id" = ?[0m  [["article_id", 10]]
  â†³ app/views/articles/show.html.erb:9
  Rendered collection of articles/_comment.html.erb [0 times] (Duration: 0.0ms | Allocations: 3)
  Rendered comments/_form.html.erb (Duration: 0.7ms | Allocations: 336)
  Rendered articles/show.html.erb within layouts/application (Duration: 5.5ms | Allocations: 2261)
Completed 200 OK in 15ms (Views: 12.8ms | ActiveRecord: 0.8ms | Allocations: 10289)


Started GET "/tags/3" for ::1 at 2019-10-19 17:12:56 +0100
Processing by TagsController#show as HTML
  Parameters: {"id"=>"3"}
  [1m[36mTag Load (0.1ms)[0m  [1m[34mSELECT "tags".* FROM "tags" WHERE "tags"."id" = ? LIMIT ?[0m  [["id", 3], ["LIMIT", 1]]
  â†³ app/controllers/tags_controller.rb:3:in `show'
  Rendering tags/show.html.erb within layouts/application
  [1m[36mArticle Load (0.4ms)[0m  [1m[34mSELECT "articles".* FROM "articles" INNER JOIN "taggings" ON "articles"."id" = "taggings"."article_id" WHERE "taggings"."tag_id" = ?[0m  [["tag_id", 3]]
  â†³ app/views/tags/show.html.erb:3
  Rendered tags/show.html.erb within layouts/application (Duration: 4.4ms | Allocations: 1925)
Completed 200 OK in 16ms (Views: 14.1ms | ActiveRecord: 0.5ms | Allocations: 9984)


Started GET "/tags/" for ::1 at 2019-10-19 17:13:00 +0100
Processing by TagsController#index as HTML
  Rendering tags/index.html.erb within layouts/application
  [1m[36mTag Load (0.1ms)[0m  [1m[34mSELECT "tags".* FROM "tags"[0m
  â†³ app/views/tags/index.html.erb:3
  Rendered tags/index.html.erb within layouts/application (Duration: 1.8ms | Allocations: 722)
Completed 200 OK in 11ms (Views: 10.1ms | ActiveRecord: 0.1ms | Allocations: 8240)


Started DELETE "/tags/3" for ::1 at 2019-10-19 17:13:03 +0100
Processing by TagsController#destroy as HTML
  Parameters: {"authenticity_token"=>"uOE8S7dvMSdD1/Noc3Jq1vBQaKW5p0F3sufolZkNCGDeC+xpGLSHnb5rU2R1/fWfWXfAWhgFqQF5+smZ2bhjOg==", "id"=>"3"}
  [1m[36mTag Load (0.1ms)[0m  [1m[34mSELECT "tags".* FROM "tags" WHERE "tags"."id" = ? LIMIT ?[0m  [["id", 3], ["LIMIT", 1]]
  â†³ app/controllers/tags_controller.rb:11:in `destroy'
  [1m[35m (0.1ms)[0m  [1m[36mbegin transaction[0m
  â†³ app/controllers/tags_controller.rb:12:in `destroy'
  [1m[36mTagging Load (0.4ms)[0m  [1m[34mSELECT "taggings".* FROM "taggings" WHERE "taggings"."tag_id" = ?[0m  [["tag_id", 3]]
  â†³ app/controllers/tags_controller.rb:12:in `destroy'
  [1m[36mTagging Destroy (0.4ms)[0m  [1m[31mDELETE FROM "taggings" WHERE "taggings"."id" = ?[0m  [["id", 3]]
  â†³ app/controllers/tags_controller.rb:12:in `destroy'
  [1m[36mTag Destroy (0.2ms)[0m  [1m[31mDELETE FROM "tags" WHERE "tags"."id" = ?[0m  [["id", 3]]
  â†³ app/controllers/tags_controller.rb:12:in `destroy'
  [1m[35m (1.2ms)[0m  [1m[36mcommit transaction[0m
  â†³ app/controllers/tags_controller.rb:12:in `destroy'
Completed 500 Internal Server Error in 9ms (ActiveRecord: 2.3ms | Allocations: 4624)


  
ArgumentError (wrong number of arguments (given 1, expected 0)):
  
app/controllers/tags_controller.rb:14:in `destroy'
Started GET "/tags/" for ::1 at 2019-10-19 17:13:43 +0100
  [1m[35m (0.1ms)[0m  [1m[34mSELECT sqlite_version(*)[0m
Processing by TagsController#index as HTML
  Rendering tags/index.html.erb within layouts/application
  [1m[36mTag Load (0.2ms)[0m  [1m[34mSELECT "tags".* FROM "tags"[0m
  â†³ app/views/tags/index.html.erb:3
  Rendered tags/index.html.erb within layouts/application (Duration: 4.0ms | Allocations: 3334)
Completed 200 OK in 13ms (Views: 10.1ms | ActiveRecord: 0.6ms | Allocations: 12322)


Started DELETE "/tags/1" for ::1 at 2019-10-19 17:13:44 +0100
Processing by TagsController#destroy as HTML
  Parameters: {"authenticity_token"=>"RmhI3K0p4BDRCW63Iz6SYqNAXCEuzjbz87m5drLR9bEggpj+AvJWqiy1zrslsQ0rCmf03o9s3oU4pJh68mSe6w==", "id"=>"1"}
  [1m[36mTag Load (0.3ms)[0m  [1m[34mSELECT "tags".* FROM "tags" WHERE "tags"."id" = ? LIMIT ?[0m  [["id", 1], ["LIMIT", 1]]
  â†³ app/controllers/tags_controller.rb:11:in `destroy'
  [1m[35m (0.1ms)[0m  [1m[36mbegin transaction[0m
  â†³ app/controllers/tags_controller.rb:12:in `destroy'
  [1m[36mTagging Load (0.1ms)[0m  [1m[34mSELECT "taggings".* FROM "taggings" WHERE "taggings"."tag_id" = ?[0m  [["tag_id", 1]]
  â†³ app/controllers/tags_controller.rb:12:in `destroy'
  [1m[36mTagging Destroy (0.7ms)[0m  [1m[31mDELETE FROM "taggings" WHERE "taggings"."id" = ?[0m  [["id", 1]]
  â†³ app/controllers/tags_controller.rb:12:in `destroy'
  [1m[36mTag Destroy (0.1ms)[0m  [1m[31mDELETE FROM "tags" WHERE "tags"."id" = ?[0m  [["id", 1]]
  â†³ app/controllers/tags_controller.rb:12:in `destroy'
  [1m[35m (1.0ms)[0m  [1m[36mcommit transaction[0m
  â†³ app/controllers/tags_controller.rb:12:in `destroy'
Redirected to http://localhost:3000/tags
Completed 302 Found in 16ms (ActiveRecord: 2.8ms | Allocations: 9453)


Started GET "/tags" for ::1 at 2019-10-19 17:13:44 +0100
Processing by TagsController#index as HTML
  Rendering tags/index.html.erb within layouts/application
  [1m[36mTag Load (0.1ms)[0m  [1m[34mSELECT "tags".* FROM "tags"[0m
  â†³ app/views/tags/index.html.erb:3
  Rendered tags/index.html.erb within layouts/application (Duration: 1.0ms | Allocations: 556)
Completed 200 OK in 10ms (Views: 9.4ms | ActiveRecord: 0.1ms | Allocations: 8087)


Started GET "/" for ::1 at 2019-10-19 17:18:49 +0100
Processing by ArticlesController#index as HTML
  Rendering articles/index.html.erb within layouts/application
  [1m[36mArticle Load (0.3ms)[0m  [1m[34mSELECT "articles".* FROM "articles"[0m
  â†³ app/views/articles/index.html.erb:3
  Rendered articles/index.html.erb within layouts/application (Duration: 6.1ms | Allocations: 3971)
Completed 200 OK in 31ms (Views: 25.5ms | ActiveRecord: 0.8ms | Allocations: 13271)


  [1m[35m (1.3ms)[0m  [1m[34mSELECT sqlite_version(*)[0m
  [1m[35m (0.8ms)[0m  [1m[34mSELECT "schema_migrations"."version" FROM "schema_migrations" ORDER BY "schema_migrations"."version" ASC[0m
Migrating to AddPaperclipFieldsToArticle (20191022041656)
  [1m[35m (0.1ms)[0m  [1m[36mbegin transaction[0m
  [1m[35m (0.5ms)[0m  [1m[35mALTER TABLE "articles" ADD "image_file_name" varchar[0m
  [1m[35m (0.2ms)[0m  [1m[35mALTER TABLE "articles" ADD "image_content_type" varchar[0m
  [1m[35m (0.2ms)[0m  [1m[35mALTER TABLE "articles" ADD "image_file_size" integer[0m
  [1m[35m (0.1ms)[0m  [1m[35mALTER TABLE "articles" ADD "image_updated_at" datetime[0m
  [1m[36mprimary::SchemaMigration Create (0.4ms)[0m  [1m[32mINSERT INTO "schema_migrations" ("version") VALUES (?)[0m  [["version", "20191022041656"]]
  [1m[35m (0.7ms)[0m  [1m[36mcommit transaction[0m
  [1m[36mActiveRecord::InternalMetadata Load (1.2ms)[0m  [1m[34mSELECT "ar_internal_metadata".* FROM "ar_internal_metadata" WHERE "ar_internal_metadata"."key" = ? LIMIT ?[0m  [["key", "environment"], ["LIMIT", 1]]
  [1m[35m (0.1ms)[0m  [1m[34mSELECT sqlite_version(*)[0m
  [1m[35m (0.1ms)[0m  [1m[34mSELECT "schema_migrations"."version" FROM "schema_migrations" ORDER BY "schema_migrations"."version" ASC[0m
Started GET "/" for ::1 at 2019-10-22 05:26:26 +0100
  [1m[35m (0.4ms)[0m  [1m[34mSELECT sqlite_version(*)[0m
  [1m[35m (0.1ms)[0m  [1m[34mSELECT "schema_migrations"."version" FROM "schema_migrations" ORDER BY "schema_migrations"."version" ASC[0m
Processing by ArticlesController#index as HTML
  Rendering articles/index.html.erb within layouts/application
  [1m[36mArticle Load (0.3ms)[0m  [1m[34mSELECT "articles".* FROM "articles"[0m
  â†³ app/views/articles/index.html.erb:3
  Rendered articles/index.html.erb within layouts/application (Duration: 13.9ms | Allocations: 7266)
Completed 200 OK in 958ms (Views: 939.8ms | ActiveRecord: 0.7ms | Allocations: 1370474)


Started GET "/articles/4" for ::1 at 2019-10-22 05:26:33 +0100
Processing by ArticlesController#show as HTML
  Parameters: {"id"=>"4"}
  [1m[36mArticle Load (0.2ms)[0m  [1m[34mSELECT "articles".* FROM "articles" WHERE "articles"."id" = ? LIMIT ?[0m  [["id", 4], ["LIMIT", 1]]
  â†³ app/controllers/articles_controller.rb:10:in `show'
  Rendering articles/show.html.erb within layouts/application
  [1m[36mTag Load (0.1ms)[0m  [1m[34mSELECT "tags".* FROM "tags" INNER JOIN "taggings" ON "tags"."id" = "taggings"."tag_id" WHERE "taggings"."article_id" = ?[0m  [["article_id", 4]]
  â†³ app/views/articles/show.html.erb:4
  [1m[35m (0.1ms)[0m  [1m[34mSELECT COUNT(*) FROM "comments" WHERE "comments"."article_id" = ?[0m  [["article_id", 4]]
  â†³ app/views/articles/show.html.erb:9
  Rendered collection of articles/_comment.html.erb [0 times] (Duration: 0.0ms | Allocations: 3)
  Rendered comments/_form.html.erb (Duration: 5.9ms | Allocations: 1256)
  Rendered articles/show.html.erb within layouts/application (Duration: 24.8ms | Allocations: 10941)
Completed 200 OK in 49ms (Views: 33.4ms | ActiveRecord: 1.8ms | Allocations: 23884)


Started GET "/articles/new" for ::1 at 2019-10-22 05:27:06 +0100
Processing by ArticlesController#new as HTML
  Rendering articles/new.html.erb within layouts/application
  Rendered articles/_form.html.erb (Duration: 15.6ms | Allocations: 5677)
  Rendered articles/new.html.erb within layouts/application (Duration: 16.9ms | Allocations: 5970)
Completed 200 OK in 27ms (Views: 25.4ms | ActiveRecord: 0.0ms | Allocations: 13558)


Started POST "/articles" for ::1 at 2019-10-22 05:32:19 +0100
Processing by ArticlesController#create as HTML
  Parameters: {"authenticity_token"=>"iID8Hahd55CEKC6CHMhV0JhBoHPdUASR+VJXTwBNSKZdVfQDq0xi+C3vkvoYatmS45PC6ugqAe1PDoXMJ/FoAw==", "article"=>{"title"=>"Homer becomes sanitation commissioner", "body"=>"The garbageman can", "tag_list"=>"simpsons, politics", "image"=>#<ActionDispatch::Http::UploadedFile:0x00007fb2ccce9038 @tempfile=#<Tempfile:/var/folders/rr/0rmsnxy53j7ch1qp6gn2swsr0000gn/T/RackMultipart20191022-29240-1r2acdz.jpg>, @original_filename="homer.jpg", @content_type="image/jpeg", @headers="Content-Disposition: form-data; name=\"article[image]\"; filename=\"homer.jpg\"\r\nContent-Type: image/jpeg\r\n">}, "commit"=>"Create Article"}
  [1m[36mTag Load (0.2ms)[0m  [1m[34mSELECT "tags".* FROM "tags" WHERE "tags"."name" = ? LIMIT ?[0m  [["name", "simpsons"], ["LIMIT", 1]]
  â†³ app/models/article.rb:10:in `block in tag_list='
  [1m[35m (0.1ms)[0m  [1m[36mbegin transaction[0m
  â†³ app/models/article.rb:10:in `block in tag_list='
  [1m[36mTag Create (0.9ms)[0m  [1m[32mINSERT INTO "tags" ("name", "created_at", "updated_at") VALUES (?, ?, ?)[0m  [["name", "simpsons"], ["created_at", "2019-10-22 04:32:19.987640"], ["updated_at", "2019-10-22 04:32:19.987640"]]
  â†³ app/models/article.rb:10:in `block in tag_list='
  [1m[35m (1.2ms)[0m  [1m[36mcommit transaction[0m
  â†³ app/models/article.rb:10:in `block in tag_list='
  [1m[36mTag Load (0.1ms)[0m  [1m[34mSELECT "tags".* FROM "tags" WHERE "tags"."name" = ? LIMIT ?[0m  [["name", "politics"], ["LIMIT", 1]]
  â†³ app/models/article.rb:10:in `block in tag_list='
  [1m[35m (0.1ms)[0m  [1m[36mbegin transaction[0m
  â†³ app/models/article.rb:10:in `block in tag_list='
  [1m[36mTag Create (0.3ms)[0m  [1m[32mINSERT INTO "tags" ("name", "created_at", "updated_at") VALUES (?, ?, ?)[0m  [["name", "politics"], ["created_at", "2019-10-22 04:32:19.996038"], ["updated_at", "2019-10-22 04:32:19.996038"]]
  â†³ app/models/article.rb:10:in `block in tag_list='
  [1m[35m (0.6ms)[0m  [1m[36mcommit transaction[0m
  â†³ app/models/article.rb:10:in `block in tag_list='
[paperclip] Trying to link /var/folders/rr/0rmsnxy53j7ch1qp6gn2swsr0000gn/T/RackMultipart20191022-29240-1r2acdz.jpg to /var/folders/rr/0rmsnxy53j7ch1qp6gn2swsr0000gn/T/dfa8327f5bfa4c672a04f9b38e348a7020191022-29240-1nmuyej.jpg
[paperclip] Trying to link /var/folders/rr/0rmsnxy53j7ch1qp6gn2swsr0000gn/T/dfa8327f5bfa4c672a04f9b38e348a7020191022-29240-1nmuyej.jpg to /var/folders/rr/0rmsnxy53j7ch1qp6gn2swsr0000gn/T/dfa8327f5bfa4c672a04f9b38e348a7020191022-29240-eifk5v.jpg
Command :: file -b --mime '/var/folders/rr/0rmsnxy53j7ch1qp6gn2swsr0000gn/T/dfa8327f5bfa4c672a04f9b38e348a7020191022-29240-eifk5v.jpg'
[paperclip] Trying to link /var/folders/rr/0rmsnxy53j7ch1qp6gn2swsr0000gn/T/dfa8327f5bfa4c672a04f9b38e348a7020191022-29240-1nmuyej.jpg to /var/folders/rr/0rmsnxy53j7ch1qp6gn2swsr0000gn/T/dfa8327f5bfa4c672a04f9b38e348a7020191022-29240-1jsa93u.jpg
Command :: file -b --mime '/var/folders/rr/0rmsnxy53j7ch1qp6gn2swsr0000gn/T/dfa8327f5bfa4c672a04f9b38e348a7020191022-29240-1jsa93u.jpg'
  [1m[35m (0.2ms)[0m  [1m[36mbegin transaction[0m
  â†³ app/controllers/articles_controller.rb:21:in `create'
  [1m[36mArticle Create (0.4ms)[0m  [1m[32mINSERT INTO "articles" ("title", "body", "created_at", "updated_at", "image_file_name", "image_content_type", "image_file_size", "image_updated_at") VALUES (?, ?, ?, ?, ?, ?, ?, ?)[0m  [["title", "Homer becomes sanitation commissioner"], ["body", "The garbageman can"], ["created_at", "2019-10-22 04:32:20.039449"], ["updated_at", "2019-10-22 04:32:20.039449"], ["image_file_name", "homer.jpg"], ["image_content_type", "image/jpeg"], ["image_file_size", 25800], ["image_updated_at", "2019-10-22 04:32:20.010486"]]
  â†³ app/controllers/articles_controller.rb:21:in `create'
  [1m[36mTagging Create (0.6ms)[0m  [1m[32mINSERT INTO "taggings" ("tag_id", "article_id", "created_at", "updated_at") VALUES (?, ?, ?, ?)[0m  [["tag_id", 4], ["article_id", 11], ["created_at", "2019-10-22 04:32:20.042677"], ["updated_at", "2019-10-22 04:32:20.042677"]]
  â†³ app/controllers/articles_controller.rb:21:in `create'
  [1m[36mTagging Create (0.1ms)[0m  [1m[32mINSERT INTO "taggings" ("tag_id", "article_id", "created_at", "updated_at") VALUES (?, ?, ?, ?)[0m  [["tag_id", 5], ["article_id", 11], ["created_at", "2019-10-22 04:32:20.044582"], ["updated_at", "2019-10-22 04:32:20.044582"]]
  â†³ app/controllers/articles_controller.rb:21:in `create'
  [1m[35m (0.7ms)[0m  [1m[36mcommit transaction[0m
  â†³ app/controllers/articles_controller.rb:21:in `create'
Redirected to http://localhost:3000/articles/11
Completed 302 Found in 70ms (ActiveRecord: 6.0ms | Allocations: 23965)


Started GET "/articles/11" for ::1 at 2019-10-22 05:32:20 +0100
Processing by ArticlesController#show as HTML
  Parameters: {"id"=>"11"}
  [1m[36mArticle Load (0.1ms)[0m  [1m[34mSELECT "articles".* FROM "articles" WHERE "articles"."id" = ? LIMIT ?[0m  [["id", 11], ["LIMIT", 1]]
  â†³ app/controllers/articles_controller.rb:10:in `show'
  Rendering articles/show.html.erb within layouts/application
  [1m[36mTag Load (0.1ms)[0m  [1m[34mSELECT "tags".* FROM "tags" INNER JOIN "taggings" ON "tags"."id" = "taggings"."tag_id" WHERE "taggings"."article_id" = ?[0m  [["article_id", 11]]
  â†³ app/views/articles/show.html.erb:4
  [1m[35m (0.1ms)[0m  [1m[34mSELECT COUNT(*) FROM "comments" WHERE "comments"."article_id" = ?[0m  [["article_id", 11]]
  â†³ app/views/articles/show.html.erb:9
  Rendered collection of articles/_comment.html.erb [0 times] (Duration: 0.0ms | Allocations: 3)
  Rendered comments/_form.html.erb (Duration: 0.8ms | Allocations: 337)
  Rendered articles/show.html.erb within layouts/application (Duration: 4.3ms | Allocations: 2277)
Completed 200 OK in 14ms (Views: 12.5ms | ActiveRecord: 0.4ms | Allocations: 10330)


  [1m[35m (0.4ms)[0m  [1m[34mSELECT sqlite_version(*)[0m
  [1m[36mArticle Load (0.8ms)[0m  [1m[34mSELECT "articles".* FROM "articles" WHERE "articles"."id" = ? LIMIT ?[0m  [["id", 11], ["LIMIT", 1]]
Started GET "/articles/11" for ::1 at 2019-10-22 05:34:24 +0100
Processing by ArticlesController#show as HTML
  Parameters: {"id"=>"11"}
  [1m[36mArticle Load (0.2ms)[0m  [1m[34mSELECT "articles".* FROM "articles" WHERE "articles"."id" = ? LIMIT ?[0m  [["id", 11], ["LIMIT", 1]]
  â†³ app/controllers/articles_controller.rb:10:in `show'
  Rendering articles/show.html.erb within layouts/application
  [1m[36mTag Load (0.1ms)[0m  [1m[34mSELECT "tags".* FROM "tags" INNER JOIN "taggings" ON "tags"."id" = "taggings"."tag_id" WHERE "taggings"."article_id" = ?[0m  [["article_id", 11]]
  â†³ app/views/articles/show.html.erb:4
  [1m[35m (0.1ms)[0m  [1m[34mSELECT COUNT(*) FROM "comments" WHERE "comments"."article_id" = ?[0m  [["article_id", 11]]
  â†³ app/views/articles/show.html.erb:10
  Rendered collection of articles/_comment.html.erb [0 times] (Duration: 0.0ms | Allocations: 3)
  Rendered comments/_form.html.erb (Duration: 1.8ms | Allocations: 549)
  Rendered articles/show.html.erb within layouts/application (Duration: 6.4ms | Allocations: 3183)
Completed 200 OK in 19ms (Views: 16.4ms | ActiveRecord: 0.5ms | Allocations: 12180)


Started GET "/articles/11/edit" for ::1 at 2019-10-22 05:38:42 +0100
Processing by ArticlesController#edit as HTML
  Parameters: {"id"=>"11"}
  [1m[36mArticle Load (0.2ms)[0m  [1m[34mSELECT "articles".* FROM "articles" WHERE "articles"."id" = ? LIMIT ?[0m  [["id", 11], ["LIMIT", 1]]
  â†³ app/controllers/articles_controller.rb:38:in `edit'
  Rendering articles/edit.html.erb within layouts/application
  Rendered articles/_form.html.erb (Duration: 11.5ms | Allocations: 6250)
  Rendered articles/edit.html.erb within layouts/application (Duration: 13.1ms | Allocations: 6556)
Completed 500 Internal Server Error in 16ms (ActiveRecord: 0.2ms | Allocations: 8228)


Started GET "/articles/11" for ::1 at 2019-10-22 05:39:01 +0100
Processing by ArticlesController#show as HTML
  Parameters: {"id"=>"11"}
  [1m[36mArticle Load (0.2ms)[0m  [1m[34mSELECT "articles".* FROM "articles" WHERE "articles"."id" = ? LIMIT ?[0m  [["id", 11], ["LIMIT", 1]]
  â†³ app/controllers/articles_controller.rb:10:in `show'
  Rendering articles/show.html.erb within layouts/application
  [1m[36mTag Load (0.2ms)[0m  [1m[34mSELECT "tags".* FROM "tags" INNER JOIN "taggings" ON "tags"."id" = "taggings"."tag_id" WHERE "taggings"."article_id" = ?[0m  [["article_id", 11]]
  â†³ app/views/articles/show.html.erb:4
  [1m[35m (0.2ms)[0m  [1m[34mSELECT COUNT(*) FROM "comments" WHERE "comments"."article_id" = ?[0m  [["article_id", 11]]
  â†³ app/views/articles/show.html.erb:10
  Rendered collection of articles/_comment.html.erb [0 times] (Duration: 0.0ms | Allocations: 3)
  Rendered comments/_form.html.erb (Duration: 1.5ms | Allocations: 549)
  Rendered articles/show.html.erb within layouts/application (Duration: 7.7ms | Allocations: 3170)
Completed 200 OK in 25ms (Views: 20.8ms | ActiveRecord: 0.6ms | Allocations: 11541)


Started GET "/" for ::1 at 2019-10-22 05:39:03 +0100
Processing by ArticlesController#index as HTML
  Rendering articles/index.html.erb within layouts/application
  [1m[36mArticle Load (0.2ms)[0m  [1m[34mSELECT "articles".* FROM "articles"[0m
  â†³ app/views/articles/index.html.erb:3
  Rendered articles/index.html.erb within layouts/application (Duration: 3.4ms | Allocations: 1121)
Completed 200 OK in 15ms (Views: 12.9ms | ActiveRecord: 0.2ms | Allocations: 8778)


Started GET "/" for ::1 at 2019-10-22 05:39:04 +0100
Processing by ArticlesController#index as HTML
  Rendering articles/index.html.erb within layouts/application
  [1m[36mArticle Load (0.2ms)[0m  [1m[34mSELECT "articles".* FROM "articles"[0m
  â†³ app/views/articles/index.html.erb:3
  Rendered articles/index.html.erb within layouts/application (Duration: 1.8ms | Allocations: 943)
Completed 200 OK in 10ms (Views: 9.6ms | ActiveRecord: 0.2ms | Allocations: 8458)


Started GET "/articles/2" for ::1 at 2019-10-22 05:39:06 +0100
Processing by ArticlesController#show as HTML
  Parameters: {"id"=>"2"}
  [1m[36mArticle Load (0.1ms)[0m  [1m[34mSELECT "articles".* FROM "articles" WHERE "articles"."id" = ? LIMIT ?[0m  [["id", 2], ["LIMIT", 1]]
  â†³ app/controllers/articles_controller.rb:10:in `show'
  Rendering articles/show.html.erb within layouts/application
  [1m[36mTag Load (0.2ms)[0m  [1m[34mSELECT "tags".* FROM "tags" INNER JOIN "taggings" ON "tags"."id" = "taggings"."tag_id" WHERE "taggings"."article_id" = ?[0m  [["article_id", 2]]
  â†³ app/views/articles/show.html.erb:4
  [1m[35m (0.2ms)[0m  [1m[34mSELECT COUNT(*) FROM "comments" WHERE "comments"."article_id" = ?[0m  [["article_id", 2]]
  â†³ app/views/articles/show.html.erb:10
  Rendered collection of articles/_comment.html.erb [0 times] (Duration: 0.0ms | Allocations: 3)
  Rendered comments/_form.html.erb (Duration: 1.0ms | Allocations: 361)
  Rendered articles/show.html.erb within layouts/application (Duration: 5.1ms | Allocations: 2266)
Completed 200 OK in 16ms (Views: 13.7ms | ActiveRecord: 0.5ms | Allocations: 10292)


Started GET "/images/original/missing.png" for ::1 at 2019-10-22 05:39:06 +0100
  
ActionController::RoutingError (No route matches [GET] "/images/original/missing.png"):
  
actionpack (6.0.0) lib/action_dispatch/middleware/debug_exceptions.rb:36:in `call'
web-console (4.0.1) lib/web_console/middleware.rb:132:in `call_app'
web-console (4.0.1) lib/web_console/middleware.rb:28:in `block in call'
web-console (4.0.1) lib/web_console/middleware.rb:17:in `catch'
web-console (4.0.1) lib/web_console/middleware.rb:17:in `call'
actionpack (6.0.0) lib/action_dispatch/middleware/show_exceptions.rb:33:in `call'
railties (6.0.0) lib/rails/rack/logger.rb:38:in `call_app'
railties (6.0.0) lib/rails/rack/logger.rb:26:in `block in call'
activesupport (6.0.0) lib/active_support/tagged_logging.rb:80:in `block in tagged'
activesupport (6.0.0) lib/active_support/tagged_logging.rb:28:in `tagged'
activesupport (6.0.0) lib/active_support/tagged_logging.rb:80:in `tagged'
railties (6.0.0) lib/rails/rack/logger.rb:26:in `call'
sprockets-rails (3.2.1) lib/sprockets/rails/quiet_assets.rb:13:in `call'
actionpack (6.0.0) lib/action_dispatch/middleware/remote_ip.rb:81:in `call'
actionpack (6.0.0) lib/action_dispatch/middleware/request_id.rb:27:in `call'
rack (2.0.7) lib/rack/method_override.rb:22:in `call'
rack (2.0.7) lib/rack/runtime.rb:22:in `call'
activesupport (6.0.0) lib/active_support/cache/strategy/local_cache_middleware.rb:29:in `call'
actionpack (6.0.0) lib/action_dispatch/middleware/executor.rb:14:in `call'
actionpack (6.0.0) lib/action_dispatch/middleware/static.rb:126:in `call'
rack (2.0.7) lib/rack/sendfile.rb:111:in `call'
actionpack (6.0.0) lib/action_dispatch/middleware/host_authorization.rb:83:in `call'
webpacker (4.0.7) lib/webpacker/dev_server_proxy.rb:29:in `perform_request'
rack-proxy (0.6.5) lib/rack/proxy.rb:57:in `call'
railties (6.0.0) lib/rails/engine.rb:526:in `call'
puma (3.12.1) lib/puma/configuration.rb:227:in `call'
puma (3.12.1) lib/puma/server.rb:660:in `handle_request'
puma (3.12.1) lib/puma/server.rb:474:in `process_client'
puma (3.12.1) lib/puma/server.rb:334:in `block in run'
puma (3.12.1) lib/puma/thread_pool.rb:135:in `block in spawn_thread'
Started GET "/images/original/missing.png" for ::1 at 2019-10-22 05:39:09 +0100
  
ActionController::RoutingError (No route matches [GET] "/images/original/missing.png"):
  
actionpack (6.0.0) lib/action_dispatch/middleware/debug_exceptions.rb:36:in `call'
web-console (4.0.1) lib/web_console/middleware.rb:132:in `call_app'
web-console (4.0.1) lib/web_console/middleware.rb:28:in `block in call'
web-console (4.0.1) lib/web_console/middleware.rb:17:in `catch'
web-console (4.0.1) lib/web_console/middleware.rb:17:in `call'
actionpack (6.0.0) lib/action_dispatch/middleware/show_exceptions.rb:33:in `call'
railties (6.0.0) lib/rails/rack/logger.rb:38:in `call_app'
railties (6.0.0) lib/rails/rack/logger.rb:26:in `block in call'
activesupport (6.0.0) lib/active_support/tagged_logging.rb:80:in `block in tagged'
activesupport (6.0.0) lib/active_support/tagged_logging.rb:28:in `tagged'
activesupport (6.0.0) lib/active_support/tagged_logging.rb:80:in `tagged'
railties (6.0.0) lib/rails/rack/logger.rb:26:in `call'
sprockets-rails (3.2.1) lib/sprockets/rails/quiet_assets.rb:13:in `call'
actionpack (6.0.0) lib/action_dispatch/middleware/remote_ip.rb:81:in `call'
actionpack (6.0.0) lib/action_dispatch/middleware/request_id.rb:27:in `call'
rack (2.0.7) lib/rack/method_override.rb:22:in `call'
rack (2.0.7) lib/rack/runtime.rb:22:in `call'
activesupport (6.0.0) lib/active_support/cache/strategy/local_cache_middleware.rb:29:in `call'
actionpack (6.0.0) lib/action_dispatch/middleware/executor.rb:14:in `call'
actionpack (6.0.0) lib/action_dispatch/middleware/static.rb:126:in `call'
rack (2.0.7) lib/rack/sendfile.rb:111:in `call'
actionpack (6.0.0) lib/action_dispatch/middleware/host_authorization.rb:83:in `call'
webpacker (4.0.7) lib/webpacker/dev_server_proxy.rb:29:in `perform_request'
rack-proxy (0.6.5) lib/rack/proxy.rb:57:in `call'
railties (6.0.0) lib/rails/engine.rb:526:in `call'
puma (3.12.1) lib/puma/configuration.rb:227:in `call'
puma (3.12.1) lib/puma/server.rb:660:in `handle_request'
puma (3.12.1) lib/puma/server.rb:474:in `process_client'
puma (3.12.1) lib/puma/server.rb:334:in `block in run'
puma (3.12.1) lib/puma/thread_pool.rb:135:in `block in spawn_thread'
Started GET "/articles/11" for ::1 at 2019-10-22 05:40:00 +0100
Processing by ArticlesController#show as HTML
  Parameters: {"id"=>"11"}
  [1m[36mArticle Load (0.2ms)[0m  [1m[34mSELECT "articles".* FROM "articles" WHERE "articles"."id" = ? LIMIT ?[0m  [["id", 11], ["LIMIT", 1]]
  â†³ app/controllers/articles_controller.rb:10:in `show'
  Rendering articles/show.html.erb within layouts/application
  [1m[36mTag Load (0.1ms)[0m  [1m[34mSELECT "tags".* FROM "tags" INNER JOIN "taggings" ON "tags"."id" = "taggings"."tag_id" WHERE "taggings"."article_id" = ?[0m  [["article_id", 11]]
  â†³ app/views/articles/show.html.erb:4
  [1m[35m (0.3ms)[0m  [1m[34mSELECT COUNT(*) FROM "comments" WHERE "comments"."article_id" = ?[0m  [["article_id", 11]]
  â†³ app/views/articles/show.html.erb:10
  Rendered collection of articles/_comment.html.erb [0 times] (Duration: 0.0ms | Allocations: 3)
  Rendered comments/_form.html.erb (Duration: 1.2ms | Allocations: 338)
  Rendered articles/show.html.erb within layouts/application (Duration: 6.2ms | Allocations: 2425)
Completed 200 OK in 17ms (Views: 14.0ms | ActiveRecord: 0.6ms | Allocations: 10505)


Started GET "/articles/11/edit" for ::1 at 2019-10-22 05:40:02 +0100
Processing by ArticlesController#edit as HTML
  Parameters: {"id"=>"11"}
  [1m[36mArticle Load (0.1ms)[0m  [1m[34mSELECT "articles".* FROM "articles" WHERE "articles"."id" = ? LIMIT ?[0m  [["id", 11], ["LIMIT", 1]]
  â†³ app/controllers/articles_controller.rb:38:in `edit'
  Rendering articles/edit.html.erb within layouts/application
  Rendered articles/_form.html.erb (Duration: 1.8ms | Allocations: 1404)
  Rendered articles/edit.html.erb within layouts/application (Duration: 2.1ms | Allocations: 1471)
Completed 500 Internal Server Error in 4ms (ActiveRecord: 0.1ms | Allocations: 2392)


  
ActionView::SyntaxErrorInTemplate (Encountered a syntax error while rendering template: check <%= form_for(@article, html: {multipart: true}) do |f| %>
  <% @article.errors.full_messages.each do |error| %>
    <li><%= error %></li>
  <% end %>
</ul>
<p>
  <%= f.label :title %><br />
  <%= f.text_field :title %>
</p>
<p>
  <%= f.label :body %><br />
  <%= f.text_area :body %>
</p>
<p>
  <%= f.label :tag_list %><br />
  <%= f.text_field :tag_list %>
</p>
<p>
  <%= if @article.image.exists? %>
    <%= image_tag @article.image.url %><br>
  <% end %>
  <%= f.label :image, 'Attach a New Image' %><br />
  <%= f.file_field :image %>
</p>
<p>
  <%= f.submit %>
</p>
<% end %>

):
1:    <%= form_for(@article, html: {multipart: true}) do |f| %>
2:      <% @article.errors.full_messages.each do |error| %>
3:        <li><%= error %></li>
4:      <% end %>
5:    </ul>
6:    <p>
7:      <%= f.label :title %><br />
8:      <%= f.text_field :title %>
9:    </p>
10:    <p>
11:      <%= f.label :body %><br />
12:      <%= f.text_area :body %>
13:    </p>
14:    <p>
15:      <%= f.label :tag_list %><br />
16:      <%= f.text_field :tag_list %>
17:    </p>
18:    <p>
19:      <%= if @article.image.exists? %>
20:        <%= image_tag @article.image.url %><br>
21:      <% end %>
22:      <%= f.label :image, 'Attach a New Image' %><br />
23:      <%= f.file_field :image %>
24:    </p>
25:    <p>
26:      <%= f.submit %>
27:    </p>
28:    <% end %>
  
app/views/articles/_form.html.erb:19: syntax error, unexpected ')', expecting then or ';' or '\n'
app/views/articles/_form.html.erb:21: syntax error, unexpected end, expecting ')'
app/views/articles/_form.html.erb:28: syntax error, unexpected end, expecting ')'
app/views/articles/_form.html.erb:30: syntax error, unexpected end, expecting ')'
app/views/articles/_form.html.erb:19: syntax error, unexpected ')', expecting then or ';' or '\n'
app/views/articles/_form.html.erb:21: syntax error, unexpected end, expecting ')'
app/views/articles/_form.html.erb:28: syntax error, unexpected end, expecting ')'
app/views/articles/_form.html.erb:30: syntax error, unexpected end, expecting ')'
app/views/articles/_form.html.erb:19: syntax error, unexpected ')', expecting then or ';' or '\n'
app/views/articles/_form.html.erb:21: syntax error, unexpected end, expecting ')'
app/views/articles/_form.html.erb:28: syntax error, unexpected end, expecting ')'
app/views/articles/_form.html.erb:30: syntax error, unexpected end, expecting ')'
app/views/articles/_form.html.erb:19: syntax error, unexpected ')', expecting then or ';' or '\n'
app/views/articles/_form.html.erb:21: syntax error, unexpected end, expecting ')'
app/views/articles/_form.html.erb:28: syntax error, unexpected end, expecting ')'
app/views/articles/_form.html.erb:30: syntax error, unexpected end, expecting ')'
app/views/articles/_form.html.erb:19: syntax error, unexpected ')', expecting then or ';' or '\n'
app/views/articles/_form.html.erb:21: syntax error, unexpected end, expecting ')'
app/views/articles/_form.html.erb:28: syntax error, unexpected end, expecting ')'
app/views/articles/_form.html.erb:30: syntax error, unexpected end, expecting ')'
app/views/articles/_form.html.erb:19: syntax error, unexpected ')', expecting then or ';' or '\n'
app/views/articles/_form.html.erb:21: syntax error, unexpected end, expecting ')'
app/views/articles/_form.html.erb:28: syntax error, unexpected end, expecting ')'
app/views/articles/_form.html.erb:30: syntax error, unexpected end, expecting ')'
app/views/articles/edit.html.erb:2
Started GET "/articles/11/edit" for ::1 at 2019-10-22 05:40:40 +0100
Processing by ArticlesController#edit as HTML
  Parameters: {"id"=>"11"}
  [1m[36mArticle Load (0.1ms)[0m  [1m[34mSELECT "articles".* FROM "articles" WHERE "articles"."id" = ? LIMIT ?[0m  [["id", 11], ["LIMIT", 1]]
  â†³ app/controllers/articles_controller.rb:38:in `edit'
  Rendering articles/edit.html.erb within layouts/application
  [1m[36mTag Load (0.1ms)[0m  [1m[34mSELECT "tags".* FROM "tags" INNER JOIN "taggings" ON "tags"."id" = "taggings"."tag_id" WHERE "taggings"."article_id" = ?[0m  [["article_id", 11]]
  â†³ app/models/article.rb:15:in `tag_list'
  Rendered articles/_form.html.erb (Duration: 4.0ms | Allocations: 2731)
  Rendered articles/edit.html.erb within layouts/application (Duration: 4.6ms | Allocations: 3026)
Completed 200 OK in 17ms (Views: 14.8ms | ActiveRecord: 0.3ms | Allocations: 11992)


Started GET "/articles/11" for ::1 at 2019-10-22 05:40:45 +0100
Processing by ArticlesController#show as HTML
  Parameters: {"id"=>"11"}
  [1m[36mArticle Load (0.2ms)[0m  [1m[34mSELECT "articles".* FROM "articles" WHERE "articles"."id" = ? LIMIT ?[0m  [["id", 11], ["LIMIT", 1]]
  â†³ app/controllers/articles_controller.rb:10:in `show'
  Rendering articles/show.html.erb within layouts/application
  [1m[36mTag Load (0.2ms)[0m  [1m[34mSELECT "tags".* FROM "tags" INNER JOIN "taggings" ON "tags"."id" = "taggings"."tag_id" WHERE "taggings"."article_id" = ?[0m  [["article_id", 11]]
  â†³ app/views/articles/show.html.erb:4
  [1m[35m (0.2ms)[0m  [1m[34mSELECT COUNT(*) FROM "comments" WHERE "comments"."article_id" = ?[0m  [["article_id", 11]]
  â†³ app/views/articles/show.html.erb:10
  Rendered collection of articles/_comment.html.erb [0 times] (Duration: 0.0ms | Allocations: 3)
  Rendered comments/_form.html.erb (Duration: 1.6ms | Allocations: 549)
  Rendered articles/show.html.erb within layouts/application (Duration: 9.1ms | Allocations: 3170)
Completed 200 OK in 23ms (Views: 18.8ms | ActiveRecord: 0.6ms | Allocations: 11341)


Started GET "/" for ::1 at 2019-10-22 05:40:51 +0100
Processing by ArticlesController#index as HTML
  Rendering articles/index.html.erb within layouts/application
  [1m[36mArticle Load (0.2ms)[0m  [1m[34mSELECT "articles".* FROM "articles"[0m
  â†³ app/views/articles/index.html.erb:3
  Rendered articles/index.html.erb within layouts/application (Duration: 2.4ms | Allocations: 1117)
Completed 200 OK in 13ms (Views: 11.8ms | ActiveRecord: 0.2ms | Allocations: 8779)


Started GET "/articles/4" for ::1 at 2019-10-22 05:40:53 +0100
Processing by ArticlesController#show as HTML
  Parameters: {"id"=>"4"}
  [1m[36mArticle Load (0.1ms)[0m  [1m[34mSELECT "articles".* FROM "articles" WHERE "articles"."id" = ? LIMIT ?[0m  [["id", 4], ["LIMIT", 1]]
  â†³ app/controllers/articles_controller.rb:10:in `show'
  Rendering articles/show.html.erb within layouts/application
  [1m[36mTag Load (0.1ms)[0m  [1m[34mSELECT "tags".* FROM "tags" INNER JOIN "taggings" ON "tags"."id" = "taggings"."tag_id" WHERE "taggings"."article_id" = ?[0m  [["article_id", 4]]
  â†³ app/views/articles/show.html.erb:4
  [1m[35m (0.3ms)[0m  [1m[34mSELECT COUNT(*) FROM "comments" WHERE "comments"."article_id" = ?[0m  [["article_id", 4]]
  â†³ app/views/articles/show.html.erb:10
  Rendered collection of articles/_comment.html.erb [0 times] (Duration: 0.0ms | Allocations: 3)
  Rendered comments/_form.html.erb (Duration: 1.0ms | Allocations: 361)
  Rendered articles/show.html.erb within layouts/application (Duration: 4.8ms | Allocations: 2266)
Completed 200 OK in 15ms (Views: 13.3ms | ActiveRecord: 0.6ms | Allocations: 10296)


Started GET "/images/original/missing.png" for ::1 at 2019-10-22 05:40:53 +0100
  
ActionController::RoutingError (No route matches [GET] "/images/original/missing.png"):
  
actionpack (6.0.0) lib/action_dispatch/middleware/debug_exceptions.rb:36:in `call'
web-console (4.0.1) lib/web_console/middleware.rb:132:in `call_app'
web-console (4.0.1) lib/web_console/middleware.rb:28:in `block in call'
web-console (4.0.1) lib/web_console/middleware.rb:17:in `catch'
web-console (4.0.1) lib/web_console/middleware.rb:17:in `call'
actionpack (6.0.0) lib/action_dispatch/middleware/show_exceptions.rb:33:in `call'
railties (6.0.0) lib/rails/rack/logger.rb:38:in `call_app'
railties (6.0.0) lib/rails/rack/logger.rb:26:in `block in call'
activesupport (6.0.0) lib/active_support/tagged_logging.rb:80:in `block in tagged'
activesupport (6.0.0) lib/active_support/tagged_logging.rb:28:in `tagged'
activesupport (6.0.0) lib/active_support/tagged_logging.rb:80:in `tagged'
railties (6.0.0) lib/rails/rack/logger.rb:26:in `call'
sprockets-rails (3.2.1) lib/sprockets/rails/quiet_assets.rb:13:in `call'
actionpack (6.0.0) lib/action_dispatch/middleware/remote_ip.rb:81:in `call'
actionpack (6.0.0) lib/action_dispatch/middleware/request_id.rb:27:in `call'
rack (2.0.7) lib/rack/method_override.rb:22:in `call'
rack (2.0.7) lib/rack/runtime.rb:22:in `call'
activesupport (6.0.0) lib/active_support/cache/strategy/local_cache_middleware.rb:29:in `call'
actionpack (6.0.0) lib/action_dispatch/middleware/executor.rb:14:in `call'
actionpack (6.0.0) lib/action_dispatch/middleware/static.rb:126:in `call'
rack (2.0.7) lib/rack/sendfile.rb:111:in `call'
actionpack (6.0.0) lib/action_dispatch/middleware/host_authorization.rb:83:in `call'
webpacker (4.0.7) lib/webpacker/dev_server_proxy.rb:29:in `perform_request'
rack-proxy (0.6.5) lib/rack/proxy.rb:57:in `call'
railties (6.0.0) lib/rails/engine.rb:526:in `call'
puma (3.12.1) lib/puma/configuration.rb:227:in `call'
puma (3.12.1) lib/puma/server.rb:660:in `handle_request'
puma (3.12.1) lib/puma/server.rb:474:in `process_client'
puma (3.12.1) lib/puma/server.rb:334:in `block in run'
puma (3.12.1) lib/puma/thread_pool.rb:135:in `block in spawn_thread'
Started GET "/articles/4" for ::1 at 2019-10-22 05:41:38 +0100
Processing by ArticlesController#show as HTML
  Parameters: {"id"=>"4"}
  [1m[36mArticle Load (0.2ms)[0m  [1m[34mSELECT "articles".* FROM "articles" WHERE "articles"."id" = ? LIMIT ?[0m  [["id", 4], ["LIMIT", 1]]
  â†³ app/controllers/articles_controller.rb:10:in `show'
  Rendering articles/show.html.erb within layouts/application
  [1m[36mTag Load (0.1ms)[0m  [1m[34mSELECT "tags".* FROM "tags" INNER JOIN "taggings" ON "tags"."id" = "taggings"."tag_id" WHERE "taggings"."article_id" = ?[0m  [["article_id", 4]]
  â†³ app/views/articles/show.html.erb:4
  [1m[35m (0.1ms)[0m  [1m[34mSELECT COUNT(*) FROM "comments" WHERE "comments"."article_id" = ?[0m  [["article_id", 4]]
  â†³ app/views/articles/show.html.erb:14
  Rendered collection of articles/_comment.html.erb [0 times] (Duration: 0.0ms | Allocations: 3)
  Rendered comments/_form.html.erb (Duration: 1.0ms | Allocations: 572)
  Rendered articles/show.html.erb within layouts/application (Duration: 5.1ms | Allocations: 3039)
Completed 200 OK in 17ms (Views: 14.1ms | ActiveRecord: 0.4ms | Allocations: 12010)


Started GET "/articles/4" for ::1 at 2019-10-22 05:46:23 +0100
Processing by ArticlesController#show as HTML
  Parameters: {"id"=>"4"}
  [1m[36mArticle Load (0.2ms)[0m  [1m[34mSELECT "articles".* FROM "articles" WHERE "articles"."id" = ? LIMIT ?[0m  [["id", 4], ["LIMIT", 1]]
  â†³ app/controllers/articles_controller.rb:10:in `show'
  Rendering articles/show.html.erb within layouts/application
  [1m[36mTag Load (0.1ms)[0m  [1m[34mSELECT "tags".* FROM "tags" INNER JOIN "taggings" ON "tags"."id" = "taggings"."tag_id" WHERE "taggings"."article_id" = ?[0m  [["article_id", 4]]
  â†³ app/views/articles/show.html.erb:4
  [1m[35m (0.1ms)[0m  [1m[34mSELECT COUNT(*) FROM "comments" WHERE "comments"."article_id" = ?[0m  [["article_id", 4]]
  â†³ app/views/articles/show.html.erb:14
  Rendered collection of articles/_comment.html.erb [0 times] (Duration: 0.0ms | Allocations: 3)
  Rendered comments/_form.html.erb (Duration: 0.6ms | Allocations: 366)
  Rendered articles/show.html.erb within layouts/application (Duration: 3.6ms | Allocations: 2226)
Completed 200 OK in 39ms (Views: 36.6ms | ActiveRecord: 0.5ms | Allocations: 19455)


DEPRECATION WARNING: Initialization autoloaded the constants ActionText::ContentHelper and ActionText::TagHelper.

Being able to do this is deprecated. Autoloading during initialization is going
to be an error condition in future versions of Rails.

Reloading does not reboot the application, and therefore code executed during
initialization does not run again. So, if you reload ActionText::ContentHelper, for example,
the expected changes won't be reflected in that stale Module object.

These autoloaded constants have been unloaded.

Please, check the "Autoloading and Reloading Constants" guide for solutions.
 (called from <main> at /Users/phil/the_odin_project/rails/blogger-project/blogger/config/environment.rb:5)
DEPRECATION WARNING: Initialization autoloaded the constants ActionText::ContentHelper and ActionText::TagHelper.

Being able to do this is deprecated. Autoloading during initialization is going
to be an error condition in future versions of Rails.

Reloading does not reboot the application, and therefore code executed during
initialization does not run again. So, if you reload ActionText::ContentHelper, for example,
the expected changes won't be reflected in that stale Module object.

These autoloaded constants have been unloaded.

Please, check the "Autoloading and Reloading Constants" guide for solutions.
 (called from <main> at /Users/phil/the_odin_project/rails/blogger-project/blogger/config/environment.rb:5)
DEPRECATION WARNING: Initialization autoloaded the constants ActionText::ContentHelper and ActionText::TagHelper.

Being able to do this is deprecated. Autoloading during initialization is going
to be an error condition in future versions of Rails.

Reloading does not reboot the application, and therefore code executed during
initialization does not run again. So, if you reload ActionText::ContentHelper, for example,
the expected changes won't be reflected in that stale Module object.

These autoloaded constants have been unloaded.

Please, check the "Autoloading and Reloading Constants" guide for solutions.
 (called from <main> at /Users/phil/the_odin_project/rails/blogger-project/blogger/config/environment.rb:5)
  [1m[35m (1.5ms)[0m  [1m[34mSELECT sqlite_version(*)[0m
  [1m[35m (0.2ms)[0m  [1m[34mSELECT "schema_migrations"."version" FROM "schema_migrations" ORDER BY "schema_migrations"."version" ASC[0m
Migrating to SorceryCore (20191022045406)
DEPRECATION WARNING: Initialization autoloaded the constants ActionText::ContentHelper and ActionText::TagHelper.

Being able to do this is deprecated. Autoloading during initialization is going
to be an error condition in future versions of Rails.

Reloading does not reboot the application, and therefore code executed during
initialization does not run again. So, if you reload ActionText::ContentHelper, for example,
the expected changes won't be reflected in that stale Module object.

These autoloaded constants have been unloaded.

Please, check the "Autoloading and Reloading Constants" guide for solutions.
 (called from <main> at /Users/phil/the_odin_project/rails/blogger-project/blogger/config/environment.rb:5)
  [1m[35m (1.0ms)[0m  [1m[34mSELECT sqlite_version(*)[0m
  [1m[35m (0.2ms)[0m  [1m[34mSELECT "schema_migrations"."version" FROM "schema_migrations" ORDER BY "schema_migrations"."version" ASC[0m
Migrating to SorceryCore (20191022045406)
  [1m[35m (0.1ms)[0m  [1m[36mbegin transaction[0m
  [1m[35m (0.4ms)[0m  [1m[35mCREATE TABLE "authors" ("id" integer PRIMARY KEY AUTOINCREMENT NOT NULL, "username" varchar NOT NULL, "email" varchar NOT NULL, "crypted_password" varchar, "salt" varchar, "created_at" datetime(6) NOT NULL, "updated_at" datetime(6) NOT NULL)[0m
  [1m[35m (0.1ms)[0m  [1m[35mCREATE UNIQUE INDEX "index_authors_on_email" ON "authors" ("email")[0m
  [1m[36mprimary::SchemaMigration Create (0.1ms)[0m  [1m[32mINSERT INTO "schema_migrations" ("version") VALUES (?)[0m  [["version", "20191022045406"]]
  [1m[35m (0.9ms)[0m  [1m[36mcommit transaction[0m
  [1m[36mActiveRecord::InternalMetadata Load (0.3ms)[0m  [1m[34mSELECT "ar_internal_metadata".* FROM "ar_internal_metadata" WHERE "ar_internal_metadata"."key" = ? LIMIT ?[0m  [["key", "environment"], ["LIMIT", 1]]
  [1m[35m (0.1ms)[0m  [1m[34mSELECT sqlite_version(*)[0m
  [1m[35m (0.1ms)[0m  [1m[34mSELECT "schema_migrations"."version" FROM "schema_migrations" ORDER BY "schema_migrations"."version" ASC[0m
DEPRECATION WARNING: Initialization autoloaded the constants ActionText::ContentHelper and ActionText::TagHelper.

Being able to do this is deprecated. Autoloading during initialization is going
to be an error condition in future versions of Rails.

Reloading does not reboot the application, and therefore code executed during
initialization does not run again. So, if you reload ActionText::ContentHelper, for example,
the expected changes won't be reflected in that stale Module object.

These autoloaded constants have been unloaded.

Please, check the "Autoloading and Reloading Constants" guide for solutions.
 (called from <main> at /Users/phil/the_odin_project/rails/blogger-project/blogger/config/environment.rb:5)
Started GET "/articles/4" for ::1 at 2019-10-22 05:57:01 +0100
  [1m[35m (0.4ms)[0m  [1m[34mSELECT sqlite_version(*)[0m
  [1m[35m (0.1ms)[0m  [1m[34mSELECT "schema_migrations"."version" FROM "schema_migrations" ORDER BY "schema_migrations"."version" ASC[0m
Processing by ArticlesController#show as HTML
  Parameters: {"id"=>"4"}
  [1m[36mArticle Load (0.2ms)[0m  [1m[34mSELECT "articles".* FROM "articles" WHERE "articles"."id" = ? LIMIT ?[0m  [["id", 4], ["LIMIT", 1]]
  â†³ app/controllers/articles_controller.rb:10:in `show'
  Rendering articles/show.html.erb within layouts/application
  [1m[36mTag Load (0.1ms)[0m  [1m[34mSELECT "tags".* FROM "tags" INNER JOIN "taggings" ON "tags"."id" = "taggings"."tag_id" WHERE "taggings"."article_id" = ?[0m  [["article_id", 4]]
  â†³ app/views/articles/show.html.erb:4
  [1m[35m (0.1ms)[0m  [1m[34mSELECT COUNT(*) FROM "comments" WHERE "comments"."article_id" = ?[0m  [["article_id", 4]]
  â†³ app/views/articles/show.html.erb:14
  Rendered collection of articles/_comment.html.erb [0 times] (Duration: 0.0ms | Allocations: 3)
  Rendered comments/_form.html.erb (Duration: 8.4ms | Allocations: 1277)
  Rendered articles/show.html.erb within layouts/application (Duration: 47.4ms | Allocations: 11657)
Completed 200 OK in 994ms (Views: 956.5ms | ActiveRecord: 2.1ms | Allocations: 1387293)


Started GET "/authors" for ::1 at 2019-10-22 06:12:46 +0100
  [1m[35m (0.1ms)[0m  [1m[34mSELECT sqlite_version(*)[0m
  
ActionController::RoutingError (No route matches [GET] "/authors"):
  
actionpack (6.0.0) lib/action_dispatch/middleware/debug_exceptions.rb:36:in `call'
web-console (4.0.1) lib/web_console/middleware.rb:132:in `call_app'
web-console (4.0.1) lib/web_console/middleware.rb:28:in `block in call'
web-console (4.0.1) lib/web_console/middleware.rb:17:in `catch'
web-console (4.0.1) lib/web_console/middleware.rb:17:in `call'
actionpack (6.0.0) lib/action_dispatch/middleware/show_exceptions.rb:33:in `call'
railties (6.0.0) lib/rails/rack/logger.rb:38:in `call_app'
railties (6.0.0) lib/rails/rack/logger.rb:26:in `block in call'
activesupport (6.0.0) lib/active_support/tagged_logging.rb:80:in `block in tagged'
activesupport (6.0.0) lib/active_support/tagged_logging.rb:28:in `tagged'
activesupport (6.0.0) lib/active_support/tagged_logging.rb:80:in `tagged'
railties (6.0.0) lib/rails/rack/logger.rb:26:in `call'
sprockets-rails (3.2.1) lib/sprockets/rails/quiet_assets.rb:13:in `call'
actionpack (6.0.0) lib/action_dispatch/middleware/remote_ip.rb:81:in `call'
actionpack (6.0.0) lib/action_dispatch/middleware/request_id.rb:27:in `call'
rack (2.0.7) lib/rack/method_override.rb:22:in `call'
rack (2.0.7) lib/rack/runtime.rb:22:in `call'
activesupport (6.0.0) lib/active_support/cache/strategy/local_cache_middleware.rb:29:in `call'
actionpack (6.0.0) lib/action_dispatch/middleware/executor.rb:14:in `call'
actionpack (6.0.0) lib/action_dispatch/middleware/static.rb:126:in `call'
rack (2.0.7) lib/rack/sendfile.rb:111:in `call'
actionpack (6.0.0) lib/action_dispatch/middleware/host_authorization.rb:83:in `call'
webpacker (4.0.7) lib/webpacker/dev_server_proxy.rb:29:in `perform_request'
rack-proxy (0.6.5) lib/rack/proxy.rb:57:in `call'
railties (6.0.0) lib/rails/engine.rb:526:in `call'
puma (3.12.1) lib/puma/configuration.rb:227:in `call'
puma (3.12.1) lib/puma/server.rb:660:in `handle_request'
puma (3.12.1) lib/puma/server.rb:474:in `process_client'
puma (3.12.1) lib/puma/server.rb:334:in `block in run'
puma (3.12.1) lib/puma/thread_pool.rb:135:in `block in spawn_thread'
DEPRECATION WARNING: Initialization autoloaded the constants ActionText::ContentHelper and ActionText::TagHelper.

Being able to do this is deprecated. Autoloading during initialization is going
to be an error condition in future versions of Rails.

Reloading does not reboot the application, and therefore code executed during
initialization does not run again. So, if you reload ActionText::ContentHelper, for example,
the expected changes won't be reflected in that stale Module object.

These autoloaded constants have been unloaded.

Please, check the "Autoloading and Reloading Constants" guide for solutions.
 (called from <main> at /Users/phil/the_odin_project/rails/blogger-project/blogger/config/environment.rb:5)
Started GET "/authors" for ::1 at 2019-10-22 06:13:21 +0100
  [1m[35m (0.1ms)[0m  [1m[34mSELECT sqlite_version(*)[0m
Processing by AuthorsController#index as HTML
  Rendering authors/index.html.erb within layouts/application
  [1m[36mAuthor Load (1.1ms)[0m  [1m[34mSELECT "authors".* FROM "authors"[0m
  â†³ app/views/authors/index.html.erb:17
  Rendered authors/index.html.erb within layouts/application (Duration: 6.1ms | Allocations: 1450)
Completed 200 OK in 30ms (Views: 24.9ms | ActiveRecord: 1.6ms | Allocations: 11385)


Started GET "/authors/new" for ::1 at 2019-10-22 06:13:31 +0100
Processing by AuthorsController#new as HTML
  Rendering authors/new.html.erb within layouts/application
  Rendered authors/_form.html.erb (Duration: 8.0ms | Allocations: 3107)
  Rendered authors/new.html.erb within layouts/application (Duration: 9.8ms | Allocations: 3454)
Completed 200 OK in 25ms (Views: 17.4ms | ActiveRecord: 0.4ms | Allocations: 16102)


Started POST "/authors" for ::1 at 2019-10-22 06:14:04 +0100
Processing by AuthorsController#create as HTML
  Parameters: {"authenticity_token"=>"f9URCNhKY0HaVob+VIEeFvOb7wkT8k3seqxaG6aNnCMcsa8iJQTeYDZWzDw2qyvoM+qdTKul5RW/yZvJeLAr/g==", "author"=>{"username"=>"admin", "email"=>"admin@example.com", "password"=>"[FILTERED]", "password_confirmation"=>"[FILTERED]"}, "commit"=>"Create Author"}
  [1m[35m (0.1ms)[0m  [1m[36mbegin transaction[0m
  â†³ app/controllers/authors_controller.rb:30:in `block in create'
  [1m[36mAuthor Create (1.7ms)[0m  [1m[32mINSERT INTO "authors" ("username", "email", "crypted_password", "salt", "created_at", "updated_at") VALUES (?, ?, ?, ?, ?, ?)[0m  [["username", "admin"], ["email", "admin@example.com"], ["crypted_password", "$2a$10$pNzbd1SRMfYFM13z.dgdo./GNhhmq8McGNpH9RMyFubGXaK3Pk7Ra"], ["salt", "P4Y8TQpKtsZPyua8Z5sL"], ["created_at", "2019-10-22 05:14:04.141626"], ["updated_at", "2019-10-22 05:14:04.141626"]]
  â†³ app/controllers/authors_controller.rb:30:in `block in create'
  [1m[35m (0.7ms)[0m  [1m[36mcommit transaction[0m
  â†³ app/controllers/authors_controller.rb:30:in `block in create'
Redirected to http://localhost:3000/authors/1
Completed 302 Found in 62ms (ActiveRecord: 2.5ms | Allocations: 2948)


Started GET "/authors/1" for ::1 at 2019-10-22 06:14:04 +0100
Processing by AuthorsController#show as HTML
  Parameters: {"id"=>"1"}
  [1m[36mAuthor Load (0.2ms)[0m  [1m[34mSELECT "authors".* FROM "authors" WHERE "authors"."id" = ? LIMIT ?[0m  [["id", 1], ["LIMIT", 1]]
  â†³ app/controllers/authors_controller.rb:67:in `set_author'
  Rendering authors/show.html.erb within layouts/application
  Rendered authors/show.html.erb within layouts/application (Duration: 1.0ms | Allocations: 324)
Completed 200 OK in 10ms (Views: 8.0ms | ActiveRecord: 0.2ms | Allocations: 9462)


Started GET "/authors" for ::1 at 2019-10-22 06:14:47 +0100
Processing by AuthorsController#index as HTML
  Rendering authors/index.html.erb within layouts/application
  [1m[36mAuthor Load (0.1ms)[0m  [1m[34mSELECT "authors".* FROM "authors"[0m
  â†³ app/views/authors/index.html.erb:17
  Rendered authors/index.html.erb within layouts/application (Duration: 1.9ms | Allocations: 1033)
Completed 200 OK in 15ms (Views: 13.8ms | ActiveRecord: 0.1ms | Allocations: 10327)


Started GET "/authors" for ::1 at 2019-10-22 06:14:49 +0100
Processing by AuthorsController#index as HTML
  Rendering authors/index.html.erb within layouts/application
  [1m[36mAuthor Load (0.2ms)[0m  [1m[34mSELECT "authors".* FROM "authors"[0m
  â†³ app/views/authors/index.html.erb:17
  Rendered authors/index.html.erb within layouts/application (Duration: 1.6ms | Allocations: 753)
Completed 200 OK in 12ms (Views: 10.7ms | ActiveRecord: 0.2ms | Allocations: 9107)


Started GET "/authors" for ::1 at 2019-10-22 06:14:51 +0100
Processing by AuthorsController#index as HTML
  Rendering authors/index.html.erb within layouts/application
  [1m[36mAuthor Load (0.2ms)[0m  [1m[34mSELECT "authors".* FROM "authors"[0m
  â†³ app/views/authors/index.html.erb:17
  Rendered authors/index.html.erb within layouts/application (Duration: 1.6ms | Allocations: 736)
Completed 200 OK in 12ms (Views: 10.9ms | ActiveRecord: 0.2ms | Allocations: 9075)


Started GET "/authors" for ::1 at 2019-10-22 06:15:34 +0100
Processing by AuthorsController#index as HTML
  Rendering authors/index.html.erb within layouts/application
  [1m[36mAuthor Load (0.1ms)[0m  [1m[34mSELECT "authors".* FROM "authors"[0m
  â†³ app/views/authors/index.html.erb:15
  Rendered authors/index.html.erb within layouts/application (Duration: 1.8ms | Allocations: 1002)
Completed 200 OK in 13ms (Views: 11.5ms | ActiveRecord: 0.1ms | Allocations: 10289)


Started GET "/articles/4" for ::1 at 2019-10-23 04:52:27 +0100
  [1m[35m (0.1ms)[0m  [1m[34mSELECT sqlite_version(*)[0m
Processing by ArticlesController#show as HTML
  Parameters: {"id"=>"4"}
  [1m[36mArticle Load (0.8ms)[0m  [1m[34mSELECT "articles".* FROM "articles" WHERE "articles"."id" = ? LIMIT ?[0m  [["id", 4], ["LIMIT", 1]]
  â†³ app/controllers/articles_controller.rb:10:in `show'
  Rendering articles/show.html.erb within layouts/application
  [1m[36mTag Load (0.5ms)[0m  [1m[34mSELECT "tags".* FROM "tags" INNER JOIN "taggings" ON "tags"."id" = "taggings"."tag_id" WHERE "taggings"."article_id" = ?[0m  [["article_id", 4]]
  â†³ app/views/articles/show.html.erb:4
  [1m[35m (0.8ms)[0m  [1m[34mSELECT COUNT(*) FROM "comments" WHERE "comments"."article_id" = ?[0m  [["article_id", 4]]
  â†³ app/views/articles/show.html.erb:14
  Rendered collection of articles/_comment.html.erb [0 times] (Duration: 0.0ms | Allocations: 3)
  Rendered comments/_form.html.erb (Duration: 2.8ms | Allocations: 677)
  Rendered articles/show.html.erb within layouts/application (Duration: 17.7ms | Allocations: 8299)
Completed 500 Internal Server Error in 44ms (ActiveRecord: 3.8ms | Allocations: 23000)


  
ActionView::SyntaxErrorInTemplate (Encountered a syntax error while rendering template: check <!DOCTYPE html>
<html>
  <head>
    <title>Blogger</title>
    <%= csrf_meta_tags %>
    <%= csp_meta_tag %>
    <%= stylesheet_link_tag 'application', media: 'all', 'data-turbolinks-track': 'reload' %>
    <%= javascript_pack_tag 'application', 'data-turbolinks-track': 'reload' %>
  </head>
  <body>
    <p class="flash"><%= flash.notice %> </p>
  </body>
  <div id="container">
    <div id="content">
      <%= yield %>
      <hr>
      <% if logged_in?>
  <%= "Logged in as #{current_user.email}"%>
    <% else %>
      Logged out
    <% end %>
  </html>

):
1:    <!DOCTYPE html>
2:    <html>
3:      <head>
4:        <title>Blogger</title>
5:        <%= csrf_meta_tags %>
6:        <%= csp_meta_tag %>
7:        <%= stylesheet_link_tag 'application', media: 'all', 'data-turbolinks-track': 'reload' %>
8:        <%= javascript_pack_tag 'application', 'data-turbolinks-track': 'reload' %>
9:      </head>
10:      <body>
11:        <p class="flash"><%= flash.notice %> </p>
12:      </body>
13:      <div id="container">
14:        <div id="content">
15:          <%= yield %>
16:          <hr>
17:          <% if logged_in?>
18:      <%= "Logged in as #{current_user.email}"%>
19:        <% else %>
20:          Logged out
21:        <% end %>
22:      </html>
  
app/views/layouts/application.html.erb:18: syntax error, unexpected '<'
app/views/layouts/application.html.erb:25: syntax error, unexpected end, expecting end-of-input
app/views/layouts/application.html.erb:18: syntax error, unexpected '<'
app/views/layouts/application.html.erb:25: syntax error, unexpected end, expecting end-of-input
app/views/layouts/application.html.erb:18: syntax error, unexpected '<'
app/views/layouts/application.html.erb:25: syntax error, unexpected end, expecting end-of-input
app/views/layouts/application.html.erb:18: syntax error, unexpected '<'
app/views/layouts/application.html.erb:25: syntax error, unexpected end, expecting end-of-input
app/views/layouts/application.html.erb:18: syntax error, unexpected '<'
app/views/layouts/application.html.erb:25: syntax error, unexpected end, expecting end-of-input
app/views/layouts/application.html.erb:18: syntax error, unexpected '<'
app/views/layouts/application.html.erb:25: syntax error, unexpected end, expecting end-of-input
Started GET "/articles/4" for ::1 at 2019-10-23 04:52:58 +0100
Processing by ArticlesController#show as HTML
  Parameters: {"id"=>"4"}
  [1m[36mArticle Load (0.1ms)[0m  [1m[34mSELECT "articles".* FROM "articles" WHERE "articles"."id" = ? LIMIT ?[0m  [["id", 4], ["LIMIT", 1]]
  â†³ app/controllers/articles_controller.rb:10:in `show'
  Rendering articles/show.html.erb within layouts/application
  [1m[36mTag Load (0.1ms)[0m  [1m[34mSELECT "tags".* FROM "tags" INNER JOIN "taggings" ON "tags"."id" = "taggings"."tag_id" WHERE "taggings"."article_id" = ?[0m  [["article_id", 4]]
  â†³ app/views/articles/show.html.erb:4
  [1m[35m (0.2ms)[0m  [1m[34mSELECT COUNT(*) FROM "comments" WHERE "comments"."article_id" = ?[0m  [["article_id", 4]]
  â†³ app/views/articles/show.html.erb:14
  Rendered collection of articles/_comment.html.erb [0 times] (Duration: 0.0ms | Allocations: 3)
  Rendered comments/_form.html.erb (Duration: 1.1ms | Allocations: 572)
  Rendered articles/show.html.erb within layouts/application (Duration: 5.9ms | Allocations: 3038)
Completed 200 OK in 23ms (Views: 20.7ms | ActiveRecord: 0.4ms | Allocations: 12942)


Started GET "/articles" for ::1 at 2019-10-23 04:53:05 +0100
Processing by ArticlesController#index as HTML
  Rendering articles/index.html.erb within layouts/application
  [1m[36mArticle Load (0.2ms)[0m  [1m[34mSELECT "articles".* FROM "articles"[0m
  â†³ app/views/articles/index.html.erb:3
  Rendered articles/index.html.erb within layouts/application (Duration: 3.1ms | Allocations: 1148)
Completed 200 OK in 15ms (Views: 13.5ms | ActiveRecord: 0.2ms | Allocations: 9639)


DEPRECATION WARNING: Initialization autoloaded the constants ActionText::ContentHelper and ActionText::TagHelper.

Being able to do this is deprecated. Autoloading during initialization is going
to be an error condition in future versions of Rails.

Reloading does not reboot the application, and therefore code executed during
initialization does not run again. So, if you reload ActionText::ContentHelper, for example,
the expected changes won't be reflected in that stale Module object.

These autoloaded constants have been unloaded.

Please, check the "Autoloading and Reloading Constants" guide for solutions.
 (called from <main> at /Users/phil/the_odin_project/rails/blogger-project/blogger/config/environment.rb:5)
DEPRECATION WARNING: Initialization autoloaded the constants ActionText::ContentHelper and ActionText::TagHelper.

Being able to do this is deprecated. Autoloading during initialization is going
to be an error condition in future versions of Rails.

Reloading does not reboot the application, and therefore code executed during
initialization does not run again. So, if you reload ActionText::ContentHelper, for example,
the expected changes won't be reflected in that stale Module object.

These autoloaded constants have been unloaded.

Please, check the "Autoloading and Reloading Constants" guide for solutions.
 (called from <main> at /Users/phil/the_odin_project/rails/blogger-project/blogger/config/environment.rb:5)
DEPRECATION WARNING: Using `bin/rake routes` is deprecated and will be removed in Rails 6.1. Use `bin/rails routes` instead.
 (called from load at /Users/phil/.rbenv/versions/2.6.3/bin/rake:23)
Started GET "/articles" for ::1 at 2019-10-23 05:06:14 +0100
  [1m[35m (0.1ms)[0m  [1m[34mSELECT sqlite_version(*)[0m
Processing by ArticlesController#index as HTML
  Rendering articles/index.html.erb within layouts/application
  [1m[36mArticle Load (0.8ms)[0m  [1m[34mSELECT "articles".* FROM "articles"[0m
  â†³ app/views/articles/index.html.erb:3
  Rendered articles/index.html.erb within layouts/application (Duration: 8.9ms | Allocations: 6438)
Completed 200 OK in 37ms (Views: 30.6ms | ActiveRecord: 0.8ms | Allocations: 23635)


Started GET "/articles/2" for ::1 at 2019-10-23 05:06:18 +0100
Processing by ArticlesController#show as HTML
  Parameters: {"id"=>"2"}
  [1m[36mArticle Load (0.5ms)[0m  [1m[34mSELECT "articles".* FROM "articles" WHERE "articles"."id" = ? LIMIT ?[0m  [["id", 2], ["LIMIT", 1]]
  â†³ app/controllers/articles_controller.rb:10:in `show'
  Rendering articles/show.html.erb within layouts/application
  [1m[36mTag Load (0.8ms)[0m  [1m[34mSELECT "tags".* FROM "tags" INNER JOIN "taggings" ON "tags"."id" = "taggings"."tag_id" WHERE "taggings"."article_id" = ?[0m  [["article_id", 2]]
  â†³ app/views/articles/show.html.erb:4
  [1m[35m (0.6ms)[0m  [1m[34mSELECT COUNT(*) FROM "comments" WHERE "comments"."article_id" = ?[0m  [["article_id", 2]]
  â†³ app/views/articles/show.html.erb:14
  Rendered collection of articles/_comment.html.erb [0 times] (Duration: 0.0ms | Allocations: 3)
  Rendered comments/_form.html.erb (Duration: 1.2ms | Allocations: 676)
  Rendered articles/show.html.erb within layouts/application (Duration: 13.6ms | Allocations: 7891)
Completed 200 OK in 33ms (Views: 20.5ms | ActiveRecord: 2.0ms | Allocations: 21501)


Started GET "/login" for ::1 at 2019-10-23 05:06:21 +0100
  
SyntaxError (/Users/phil/the_odin_project/rails/blogger-project/blogger/app/controllers/author_sessions_controller.rb:7: syntax error, unexpected ',', expecting end
...rect_back_or_to(articles_path), notice: 'Logged in successfu...
...                              ^):
  
app/controllers/author_sessions_controller.rb:7: syntax error, unexpected ',', expecting end
app/controllers/author_sessions_controller.rb:7: syntax error, unexpected ',', expecting end
app/controllers/author_sessions_controller.rb:7: syntax error, unexpected ',', expecting end
Started GET "/articles/2" for ::1 at 2019-10-23 05:07:28 +0100
  [1m[35m (0.1ms)[0m  [1m[34mSELECT sqlite_version(*)[0m
Processing by ArticlesController#show as HTML
  Parameters: {"id"=>"2"}
  [1m[36mArticle Load (0.6ms)[0m  [1m[34mSELECT "articles".* FROM "articles" WHERE "articles"."id" = ? LIMIT ?[0m  [["id", 2], ["LIMIT", 1]]
  â†³ app/controllers/articles_controller.rb:10:in `show'
  Rendering articles/show.html.erb within layouts/application
  [1m[36mTag Load (0.8ms)[0m  [1m[34mSELECT "tags".* FROM "tags" INNER JOIN "taggings" ON "tags"."id" = "taggings"."tag_id" WHERE "taggings"."article_id" = ?[0m  [["article_id", 2]]
  â†³ app/views/articles/show.html.erb:4
  [1m[35m (0.7ms)[0m  [1m[34mSELECT COUNT(*) FROM "comments" WHERE "comments"."article_id" = ?[0m  [["article_id", 2]]
  â†³ app/views/articles/show.html.erb:14
  Rendered collection of articles/_comment.html.erb [0 times] (Duration: 0.0ms | Allocations: 3)
  Rendered comments/_form.html.erb (Duration: 1.0ms | Allocations: 473)
  Rendered articles/show.html.erb within layouts/application (Duration: 14.5ms | Allocations: 7481)
Completed 200 OK in 42ms (Views: 20.5ms | ActiveRecord: 4.0ms | Allocations: 29449)


Started GET "/login" for ::1 at 2019-10-23 05:07:31 +0100
Processing by AuthorSessionsController#new as HTML
  Rendering author_sessions/new.html.erb within layouts/application
  Rendered author_sessions/new.html.erb within layouts/application (Duration: 2.4ms | Allocations: 1220)
Completed 200 OK in 15ms (Views: 14.5ms | ActiveRecord: 0.0ms | Allocations: 11000)


Started POST "/author_sessions/new" for ::1 at 2019-10-23 05:07:40 +0100
  
ActionController::RoutingError (No route matches [POST] "/author_sessions/new"):
  
actionpack (6.0.0) lib/action_dispatch/middleware/debug_exceptions.rb:36:in `call'
web-console (4.0.1) lib/web_console/middleware.rb:132:in `call_app'
web-console (4.0.1) lib/web_console/middleware.rb:28:in `block in call'
web-console (4.0.1) lib/web_console/middleware.rb:17:in `catch'
web-console (4.0.1) lib/web_console/middleware.rb:17:in `call'
actionpack (6.0.0) lib/action_dispatch/middleware/show_exceptions.rb:33:in `call'
railties (6.0.0) lib/rails/rack/logger.rb:38:in `call_app'
railties (6.0.0) lib/rails/rack/logger.rb:26:in `block in call'
activesupport (6.0.0) lib/active_support/tagged_logging.rb:80:in `block in tagged'
activesupport (6.0.0) lib/active_support/tagged_logging.rb:28:in `tagged'
activesupport (6.0.0) lib/active_support/tagged_logging.rb:80:in `tagged'
railties (6.0.0) lib/rails/rack/logger.rb:26:in `call'
sprockets-rails (3.2.1) lib/sprockets/rails/quiet_assets.rb:13:in `call'
actionpack (6.0.0) lib/action_dispatch/middleware/remote_ip.rb:81:in `call'
actionpack (6.0.0) lib/action_dispatch/middleware/request_id.rb:27:in `call'
rack (2.0.7) lib/rack/method_override.rb:22:in `call'
rack (2.0.7) lib/rack/runtime.rb:22:in `call'
activesupport (6.0.0) lib/active_support/cache/strategy/local_cache_middleware.rb:29:in `call'
actionpack (6.0.0) lib/action_dispatch/middleware/executor.rb:14:in `call'
actionpack (6.0.0) lib/action_dispatch/middleware/static.rb:126:in `call'
rack (2.0.7) lib/rack/sendfile.rb:111:in `call'
actionpack (6.0.0) lib/action_dispatch/middleware/host_authorization.rb:83:in `call'
webpacker (4.0.7) lib/webpacker/dev_server_proxy.rb:29:in `perform_request'
rack-proxy (0.6.5) lib/rack/proxy.rb:57:in `call'
railties (6.0.0) lib/rails/engine.rb:526:in `call'
puma (3.12.1) lib/puma/configuration.rb:227:in `call'
puma (3.12.1) lib/puma/server.rb:660:in `handle_request'
puma (3.12.1) lib/puma/server.rb:474:in `process_client'
puma (3.12.1) lib/puma/server.rb:334:in `block in run'
puma (3.12.1) lib/puma/thread_pool.rb:135:in `block in spawn_thread'
DEPRECATION WARNING: Initialization autoloaded the constants ActionText::ContentHelper and ActionText::TagHelper.

Being able to do this is deprecated. Autoloading during initialization is going
to be an error condition in future versions of Rails.

Reloading does not reboot the application, and therefore code executed during
initialization does not run again. So, if you reload ActionText::ContentHelper, for example,
the expected changes won't be reflected in that stale Module object.

These autoloaded constants have been unloaded.

Please, check the "Autoloading and Reloading Constants" guide for solutions.
 (called from <main> at /Users/phil/the_odin_project/rails/blogger-project/blogger/config/environment.rb:5)
DEPRECATION WARNING: Using `bin/rake routes` is deprecated and will be removed in Rails 6.1. Use `bin/rails routes` instead.
 (called from load at /Users/phil/.rbenv/versions/2.6.3/bin/rake:23)
DEPRECATION WARNING: Initialization autoloaded the constants ActionText::ContentHelper and ActionText::TagHelper.

Being able to do this is deprecated. Autoloading during initialization is going
to be an error condition in future versions of Rails.

Reloading does not reboot the application, and therefore code executed during
initialization does not run again. So, if you reload ActionText::ContentHelper, for example,
the expected changes won't be reflected in that stale Module object.

These autoloaded constants have been unloaded.

Please, check the "Autoloading and Reloading Constants" guide for solutions.
 (called from <main> at /Users/phil/the_odin_project/rails/blogger-project/blogger/config/environment.rb:5)
Started GET "/login" for ::1 at 2019-10-23 05:12:19 +0100
  [1m[35m (2.4ms)[0m  [1m[34mSELECT sqlite_version(*)[0m
  [1m[35m (0.9ms)[0m  [1m[34mSELECT "schema_migrations"."version" FROM "schema_migrations" ORDER BY "schema_migrations"."version" ASC[0m
Processing by AuthorSessionsController#new as HTML
  Rendering author_sessions/new.html.erb within layouts/application
  Rendered author_sessions/new.html.erb within layouts/application (Duration: 3.6ms | Allocations: 2679)
Completed 200 OK in 908ms (Views: 898.3ms | ActiveRecord: 0.0ms | Allocations: 1365942)


Started POST "/author_sessions/new" for ::1 at 2019-10-23 05:12:27 +0100
  
ActionController::RoutingError (No route matches [POST] "/author_sessions/new"):
  
actionpack (6.0.0) lib/action_dispatch/middleware/debug_exceptions.rb:36:in `call'
web-console (4.0.1) lib/web_console/middleware.rb:132:in `call_app'
web-console (4.0.1) lib/web_console/middleware.rb:28:in `block in call'
web-console (4.0.1) lib/web_console/middleware.rb:17:in `catch'
web-console (4.0.1) lib/web_console/middleware.rb:17:in `call'
actionpack (6.0.0) lib/action_dispatch/middleware/show_exceptions.rb:33:in `call'
railties (6.0.0) lib/rails/rack/logger.rb:38:in `call_app'
railties (6.0.0) lib/rails/rack/logger.rb:26:in `block in call'
activesupport (6.0.0) lib/active_support/tagged_logging.rb:80:in `block in tagged'
activesupport (6.0.0) lib/active_support/tagged_logging.rb:28:in `tagged'
activesupport (6.0.0) lib/active_support/tagged_logging.rb:80:in `tagged'
railties (6.0.0) lib/rails/rack/logger.rb:26:in `call'
sprockets-rails (3.2.1) lib/sprockets/rails/quiet_assets.rb:13:in `call'
actionpack (6.0.0) lib/action_dispatch/middleware/remote_ip.rb:81:in `call'
actionpack (6.0.0) lib/action_dispatch/middleware/request_id.rb:27:in `call'
rack (2.0.7) lib/rack/method_override.rb:22:in `call'
rack (2.0.7) lib/rack/runtime.rb:22:in `call'
activesupport (6.0.0) lib/active_support/cache/strategy/local_cache_middleware.rb:29:in `call'
actionpack (6.0.0) lib/action_dispatch/middleware/executor.rb:14:in `call'
actionpack (6.0.0) lib/action_dispatch/middleware/static.rb:126:in `call'
rack (2.0.7) lib/rack/sendfile.rb:111:in `call'
actionpack (6.0.0) lib/action_dispatch/middleware/host_authorization.rb:83:in `call'
webpacker (4.0.7) lib/webpacker/dev_server_proxy.rb:29:in `perform_request'
rack-proxy (0.6.5) lib/rack/proxy.rb:57:in `call'
railties (6.0.0) lib/rails/engine.rb:526:in `call'
puma (3.12.1) lib/puma/configuration.rb:227:in `call'
puma (3.12.1) lib/puma/server.rb:660:in `handle_request'
puma (3.12.1) lib/puma/server.rb:474:in `process_client'
puma (3.12.1) lib/puma/server.rb:334:in `block in run'
puma (3.12.1) lib/puma/thread_pool.rb:135:in `block in spawn_thread'
Started GET "/articles/2" for ::1 at 2019-10-23 05:14:17 +0100
Processing by ArticlesController#show as HTML
  Parameters: {"id"=>"2"}
  [1m[36mArticle Load (0.6ms)[0m  [1m[34mSELECT "articles".* FROM "articles" WHERE "articles"."id" = ? LIMIT ?[0m  [["id", 2], ["LIMIT", 1]]
  â†³ app/controllers/articles_controller.rb:10:in `show'
  Rendering articles/show.html.erb within layouts/application
  [1m[36mTag Load (0.7ms)[0m  [1m[34mSELECT "tags".* FROM "tags" INNER JOIN "taggings" ON "tags"."id" = "taggings"."tag_id" WHERE "taggings"."article_id" = ?[0m  [["article_id", 2]]
  â†³ app/views/articles/show.html.erb:4
  [1m[35m (0.8ms)[0m  [1m[34mSELECT COUNT(*) FROM "comments" WHERE "comments"."article_id" = ?[0m  [["article_id", 2]]
  â†³ app/views/articles/show.html.erb:14
  Rendered collection of articles/_comment.html.erb [0 times] (Duration: 0.0ms | Allocations: 3)
  Rendered comments/_form.html.erb (Duration: 6.0ms | Allocations: 1122)
  Rendered articles/show.html.erb within layouts/application (Duration: 27.0ms | Allocations: 10844)
Completed 200 OK in 76ms (Views: 42.5ms | ActiveRecord: 4.5ms | Allocations: 34814)


Started GET "/login" for ::1 at 2019-10-23 05:14:52 +0100
Processing by AuthorSessionsController#new as HTML
  Rendering author_sessions/new.html.erb within layouts/application
  Rendered author_sessions/new.html.erb within layouts/application (Duration: 0.9ms | Allocations: 533)
Completed 200 OK in 39ms (Views: 13.5ms | ActiveRecord: 0.0ms | Allocations: 10812)


Started POST "/author_sessions" for ::1 at 2019-10-23 05:14:59 +0100
Processing by AuthorSessionsController#create as HTML
  Parameters: {"authenticity_token"=>"NU5qF+IW8QW893yxOgz79qeJB6An0CrmseLhOQxKcqVTpLo1Tc1Hv0FL3L08g2S/Dq6vX4ZywpB6/8A1TP8Z/w==", "email"=>"admin@example.com", "password"=>"[FILTERED]", "commit"=>"Login"}
  [1m[36mAuthor Load (0.9ms)[0m  [1m[34mSELECT "authors".* FROM "authors" WHERE "authors"."email" = 'admin@example.com' ORDER BY "authors"."id" ASC LIMIT ?[0m  [["LIMIT", 1]]
  â†³ app/controllers/author_sessions_controller.rb:6:in `create'
Redirected to http://localhost:3000/articles
Completed 302 Found in 123ms (ActiveRecord: 1.5ms | Allocations: 8257)


Started GET "/articles" for ::1 at 2019-10-23 05:14:59 +0100
Processing by ArticlesController#index as HTML
  Rendering articles/index.html.erb within layouts/application
  [1m[36mArticle Load (0.2ms)[0m  [1m[34mSELECT "articles".* FROM "articles"[0m
  â†³ app/views/articles/index.html.erb:3
  Rendered articles/index.html.erb within layouts/application (Duration: 2.1ms | Allocations: 1149)
  [1m[36mAuthor Load (0.2ms)[0m  [1m[34mSELECT "authors".* FROM "authors" WHERE "authors"."id" = ? LIMIT ?[0m  [["id", 1], ["LIMIT", 1]]
  â†³ app/views/layouts/application.html.erb:18
Completed 200 OK in 12ms (Views: 10.7ms | ActiveRecord: 0.4ms | Allocations: 11739)


Started GET "/authors/new" for ::1 at 2019-10-23 05:18:58 +0100
  [1m[35m (0.1ms)[0m  [1m[34mSELECT sqlite_version(*)[0m
Processing by AuthorsController#new as HTML
  Rendering authors/new.html.erb within layouts/application
  Rendered authors/_form.html.erb (Duration: 1.8ms | Allocations: 1791)
  Rendered authors/new.html.erb within layouts/application (Duration: 2.9ms | Allocations: 2117)
Completed 500 Internal Server Error in 5ms (ActiveRecord: 0.0ms | Allocations: 3149)


  
ActionView::Template::Error (undefined method `errors' for nil:NilClass):
    1: <%= form_with(model: author, local: true) do |form| %>
    2:   <% if author.errors.any? %>
    3:     <div id="error_explanation">
    4:       <h2><%= pluralize(author.errors.count, "error") %> prohibited this author from being saved:</h2>
    5: 
  
app/views/authors/_form.html.erb:2
app/views/authors/_form.html.erb:1
app/views/authors/new.html.erb:3
Started GET "/authors/new" for ::1 at 2019-10-23 05:21:05 +0100
Processing by AuthorsController#new as HTML
  Rendering authors/new.html.erb within layouts/application
  Rendered authors/_form.html.erb (Duration: 1.8ms | Allocations: 1813)
  Rendered authors/new.html.erb within layouts/application (Duration: 3.3ms | Allocations: 2136)
Completed 500 Internal Server Error in 6ms (ActiveRecord: 0.0ms | Allocations: 3278)


  
ActionView::Template::Error (undefined method `errors' for nil:NilClass):
    1: <%= form_with(model: @author, local: true) do |form| %>
    2:   <% if author.errors.any? %>
    3:     <div id="error_explanation">
    4:       <h2><%= pluralize(author.errors.count, "error") %> prohibited this author from being saved:</h2>
    5: 
  
app/views/authors/_form.html.erb:2
app/views/authors/_form.html.erb:1
app/views/authors/new.html.erb:3
Started GET "/authors/new" for ::1 at 2019-10-23 05:23:38 +0100
  [1m[35m (0.1ms)[0m  [1m[34mSELECT sqlite_version(*)[0m
Processing by AuthorsController#new as HTML
  Rendering authors/new.html.erb within layouts/application
  Rendered authors/_form.html.erb (Duration: 1.9ms | Allocations: 1773)
  Rendered authors/new.html.erb within layouts/application (Duration: 2.8ms | Allocations: 2096)
Completed 500 Internal Server Error in 5ms (ActiveRecord: 0.0ms | Allocations: 3299)


  
ActionView::Template::Error (undefined method `errors' for nil:NilClass):
    1: <%= form_with(model: author, local: true) do |form| %>
    2:   <% if author.errors.any? %>
    3:     <div id="error_explanation">
    4:       <h2><%= pluralize(author.errors.count, "error") %> prohibited this author from being saved:</h2>
    5: 
  
app/views/authors/_form.html.erb:2
app/views/authors/_form.html.erb:1
app/views/authors/new.html.erb:3
Started GET "/authors/new" for ::1 at 2019-10-23 05:26:16 +0100
  [1m[35m (0.1ms)[0m  [1m[34mSELECT sqlite_version(*)[0m
Processing by AuthorsController#new as HTML
  Rendering authors/new.html.erb within layouts/application
  Rendered authors/_form.html.erb (Duration: 11.0ms | Allocations: 2597)
  Rendered authors/new.html.erb within layouts/application (Duration: 11.3ms | Allocations: 2683)
  [1m[36mAuthor Load (0.6ms)[0m  [1m[34mSELECT "authors".* FROM "authors" WHERE "authors"."id" = ? LIMIT ?[0m  [["id", 1], ["LIMIT", 1]]
  â†³ app/views/layouts/application.html.erb:18
Completed 200 OK in 43ms (Views: 33.0ms | ActiveRecord: 1.1ms | Allocations: 18112)


Started GET "/authors/new" for ::1 at 2019-10-23 05:26:58 +0100
  [1m[35m (0.1ms)[0m  [1m[34mSELECT sqlite_version(*)[0m
Processing by AuthorsController#new as HTML
  Rendering authors/new.html.erb within layouts/application
  Rendered authors/_form.html.erb (Duration: 0.8ms | Allocations: 1378)
  Rendered authors/new.html.erb within layouts/application (Duration: 1.0ms | Allocations: 1445)
Completed 500 Internal Server Error in 2ms (ActiveRecord: 0.0ms | Allocations: 2028)


  
ActionView::Template::Error (undefined method `errors' for nil:NilClass):
    1: <%= form_with(model: author, local: true) do |form| %>
    2:   <% if author.errors.any? %>
    3:     <div id="error_explanation">
    4:       <h2><%= pluralize(author.errors.count, "error") %> prohibited this author from being saved:</h2>
    5: 
  
app/views/authors/_form.html.erb:2
app/views/authors/_form.html.erb:1
app/views/authors/new.html.erb:3
